Alpha|UpdateCTestConfiguration  from :/home/schnorr/ensino/private/junho_e6/Alpha-E6/b.e6.junho/DartConfiguration.tcl
Alpha|UpdateCTestConfiguration  from :/home/schnorr/ensino/private/junho_e6/Alpha-E6/b.e6.junho/DartConfiguration.tcl
Alpha|Test project /home/schnorr/ensino/private/junho_e6/Alpha-E6/b.e6.junho
Alpha|Constructing a list of tests
Alpha|Done constructing a list of tests
Alpha|Updating test list for fixtures
Alpha|Added 0 tests to meet fixture requirements
Alpha|Checking test dependency graph...
Alpha|Checking test dependency graph end
Alpha|test 750
Alpha|    Start 750: e6_avaliacao_00
Alpha|
Alpha|750: Test command: /usr/bin/perl "-I" "./tests/scripts" "./tests/scripts/tesh" "/home/schnorr/ensino/private/junho_e6/Alpha-E6/tests/e6/avaliacao_00.tesh"
Alpha|750: Test timeout computed to be: 10000000
Alpha|750: Test suite `/home/schnorr/ensino/private/junho_e6/Alpha-E6/tests/e6/avaliacao_00'
Alpha|750: [/home/schnorr/ensino/private/junho_e6/Alpha-E6/tests/e6/avaliacao_00:3] ./tests/e5/execute.sh "./main < ./tests/e6/input/e00.amarela | ./tests/scripts/ilocsim --data 99999999 -m -x | grep 99999999"
Alpha|750: </home/schnorr/ensino/private/junho_e6/Alpha-E6/tests/e6/avaliacao_00.tesh:3> timeouted. Kill the process.
Alpha|750: </home/schnorr/ensino/private/junho_e6/Alpha-E6/tests/e6/avaliacao_00.tesh:3> No output before timeout
Alpha|750: Test suite `/home/schnorr/ensino/private/junho_e6/Alpha-E6/tests/e6/avaliacao_00.tesh': NOK (</home/schnorr/ensino/private/junho_e6/Alpha-E6/tests/e6/avaliacao_00.tesh:3> timeout after 2 sec)
Alpha|750: Output of </home/schnorr/ensino/private/junho_e6/Alpha-E6/tests/e6/avaliacao_00.tesh:3> mismatch:
Alpha|750: - 99999999 99
Alpha|750: Test suite `/home/schnorr/ensino/private/junho_e6/Alpha-E6/tests/e6/avaliacao_00.tesh': NOK (</home/schnorr/ensino/private/junho_e6/Alpha-E6/tests/e6/avaliacao_00.tesh:3> output mismatch)
Alpha|1/8 Test #750: e6_avaliacao_00 ..................***Failed    2.04 sec
Alpha|test 751
Alpha|    Start 751: e6_avaliacao_01
Alpha|
Alpha|751: Test command: /usr/bin/perl "-I" "./tests/scripts" "./tests/scripts/tesh" "/home/schnorr/ensino/private/junho_e6/Alpha-E6/tests/e6/avaliacao_01.tesh"
Alpha|751: Test timeout computed to be: 10000000
Alpha|751: Test suite `/home/schnorr/ensino/private/junho_e6/Alpha-E6/tests/e6/avaliacao_01'
Alpha|751: [/home/schnorr/ensino/private/junho_e6/Alpha-E6/tests/e6/avaliacao_01:3] ./tests/e5/execute.sh "./main < ./tests/e6/input/e01.amarela | ./tests/scripts/ilocsim --data 99999999 -m -x | grep 99999999"
Alpha|751: </home/schnorr/ensino/private/junho_e6/Alpha-E6/tests/e6/avaliacao_01.tesh:3> timeouted. Kill the process.
Alpha|751: </home/schnorr/ensino/private/junho_e6/Alpha-E6/tests/e6/avaliacao_01.tesh:3> No output before timeout
Alpha|751: Test suite `/home/schnorr/ensino/private/junho_e6/Alpha-E6/tests/e6/avaliacao_01.tesh': NOK (</home/schnorr/ensino/private/junho_e6/Alpha-E6/tests/e6/avaliacao_01.tesh:3> timeout after 2 sec)
Alpha|751: Output of </home/schnorr/ensino/private/junho_e6/Alpha-E6/tests/e6/avaliacao_01.tesh:3> mismatch:
Alpha|751: - 99999999 98
Alpha|751: Test suite `/home/schnorr/ensino/private/junho_e6/Alpha-E6/tests/e6/avaliacao_01.tesh': NOK (</home/schnorr/ensino/private/junho_e6/Alpha-E6/tests/e6/avaliacao_01.tesh:3> output mismatch)
Alpha|2/8 Test #751: e6_avaliacao_01 ..................***Failed    2.03 sec
Alpha|test 752
Alpha|    Start 752: e6_avaliacao_02
Alpha|
Alpha|752: Test command: /usr/bin/perl "-I" "./tests/scripts" "./tests/scripts/tesh" "/home/schnorr/ensino/private/junho_e6/Alpha-E6/tests/e6/avaliacao_02.tesh"
Alpha|752: Test timeout computed to be: 10000000
Alpha|752: Test suite `/home/schnorr/ensino/private/junho_e6/Alpha-E6/tests/e6/avaliacao_02'
Alpha|752: [/home/schnorr/ensino/private/junho_e6/Alpha-E6/tests/e6/avaliacao_02:3] ./tests/e5/execute.sh "./main < ./tests/e6/input/e02.amarela | ./tests/scripts/ilocsim --data 99999999 -m -x | grep 99999999"
Alpha|752: Test suite `/home/schnorr/ensino/private/junho_e6/Alpha-E6/tests/e6/avaliacao_02.tesh': NOK (</home/schnorr/ensino/private/junho_e6/Alpha-E6/tests/e6/avaliacao_02.tesh:3> returned code 1)
Alpha|752: Output of </home/schnorr/ensino/private/junho_e6/Alpha-E6/tests/e6/avaliacao_02.tesh:3> so far:
Alpha|752: ||
Alpha|752: Output of </home/schnorr/ensino/private/junho_e6/Alpha-E6/tests/e6/avaliacao_02.tesh:3> mismatch:
Alpha|752: - 99999999 49
Alpha|752: Test suite `/home/schnorr/ensino/private/junho_e6/Alpha-E6/tests/e6/avaliacao_02.tesh': NOK (</home/schnorr/ensino/private/junho_e6/Alpha-E6/tests/e6/avaliacao_02.tesh:3> output mismatch)
Alpha|3/8 Test #752: e6_avaliacao_02 ..................***Failed    0.09 sec
Alpha|test 753
Alpha|    Start 753: e6_avaliacao_03
Alpha|
Alpha|753: Test command: /usr/bin/perl "-I" "./tests/scripts" "./tests/scripts/tesh" "/home/schnorr/ensino/private/junho_e6/Alpha-E6/tests/e6/avaliacao_03.tesh"
Alpha|753: Test timeout computed to be: 10000000
Alpha|753: Test suite `/home/schnorr/ensino/private/junho_e6/Alpha-E6/tests/e6/avaliacao_03'
Alpha|753: [/home/schnorr/ensino/private/junho_e6/Alpha-E6/tests/e6/avaliacao_03:3] ./tests/e5/execute.sh "./main < ./tests/e6/input/e03.amarela | ./tests/scripts/ilocsim --data 99999999 -m -x | grep 99999999"
Alpha|753: </home/schnorr/ensino/private/junho_e6/Alpha-E6/tests/e6/avaliacao_03.tesh:3> timeouted. Kill the process.
Alpha|753: </home/schnorr/ensino/private/junho_e6/Alpha-E6/tests/e6/avaliacao_03.tesh:3> No output before timeout
Alpha|753: Test suite `/home/schnorr/ensino/private/junho_e6/Alpha-E6/tests/e6/avaliacao_03.tesh': NOK (</home/schnorr/ensino/private/junho_e6/Alpha-E6/tests/e6/avaliacao_03.tesh:3> timeout after 2 sec)
Alpha|753: Output of </home/schnorr/ensino/private/junho_e6/Alpha-E6/tests/e6/avaliacao_03.tesh:3> mismatch:
Alpha|753: - 99999999 720
Alpha|753: Test suite `/home/schnorr/ensino/private/junho_e6/Alpha-E6/tests/e6/avaliacao_03.tesh': NOK (</home/schnorr/ensino/private/junho_e6/Alpha-E6/tests/e6/avaliacao_03.tesh:3> output mismatch)
Alpha|4/8 Test #753: e6_avaliacao_03 ..................***Failed    2.05 sec
Alpha|test 754
Alpha|    Start 754: e6_avaliacao_04
Alpha|
Alpha|754: Test command: /usr/bin/perl "-I" "./tests/scripts" "./tests/scripts/tesh" "/home/schnorr/ensino/private/junho_e6/Alpha-E6/tests/e6/avaliacao_04.tesh"
Alpha|754: Test timeout computed to be: 10000000
Alpha|754: Test suite `/home/schnorr/ensino/private/junho_e6/Alpha-E6/tests/e6/avaliacao_04'
Alpha|754: [/home/schnorr/ensino/private/junho_e6/Alpha-E6/tests/e6/avaliacao_04:3] ./tests/e5/execute.sh "./main < ./tests/e6/input/e04.amarela | ./tests/scripts/ilocsim --data 99999999 -m -x | grep 99999999"
Alpha|754: Test suite `/home/schnorr/ensino/private/junho_e6/Alpha-E6/tests/e6/avaliacao_04.tesh': NOK (</home/schnorr/ensino/private/junho_e6/Alpha-E6/tests/e6/avaliacao_04.tesh:3> returned code 1)
Alpha|754: Output of </home/schnorr/ensino/private/junho_e6/Alpha-E6/tests/e6/avaliacao_04.tesh:3> so far:
Alpha|754: ||
Alpha|754: Output of </home/schnorr/ensino/private/junho_e6/Alpha-E6/tests/e6/avaliacao_04.tesh:3> mismatch:
Alpha|754: - 99999999 58
Alpha|754: Test suite `/home/schnorr/ensino/private/junho_e6/Alpha-E6/tests/e6/avaliacao_04.tesh': NOK (</home/schnorr/ensino/private/junho_e6/Alpha-E6/tests/e6/avaliacao_04.tesh:3> output mismatch)
Alpha|5/8 Test #754: e6_avaliacao_04 ..................***Failed    0.18 sec
Alpha|test 755
Alpha|    Start 755: e6_avaliacao_05
Alpha|
Alpha|755: Test command: /usr/bin/perl "-I" "./tests/scripts" "./tests/scripts/tesh" "/home/schnorr/ensino/private/junho_e6/Alpha-E6/tests/e6/avaliacao_05.tesh"
Alpha|755: Test timeout computed to be: 10000000
Alpha|755: Test suite `/home/schnorr/ensino/private/junho_e6/Alpha-E6/tests/e6/avaliacao_05'
Alpha|755: [/home/schnorr/ensino/private/junho_e6/Alpha-E6/tests/e6/avaliacao_05:3] ./tests/e5/execute.sh "./main < ./tests/e6/input/e05.amarela | ./tests/scripts/ilocsim --data 99999999 -m -x | grep 99999999"
Alpha|755: </home/schnorr/ensino/private/junho_e6/Alpha-E6/tests/e6/avaliacao_05.tesh:3> timeouted. Kill the process.
Alpha|755: </home/schnorr/ensino/private/junho_e6/Alpha-E6/tests/e6/avaliacao_05.tesh:3> No output before timeout
Alpha|755: Test suite `/home/schnorr/ensino/private/junho_e6/Alpha-E6/tests/e6/avaliacao_05.tesh': NOK (</home/schnorr/ensino/private/junho_e6/Alpha-E6/tests/e6/avaliacao_05.tesh:3> timeout after 2 sec)
Alpha|755: Output of </home/schnorr/ensino/private/junho_e6/Alpha-E6/tests/e6/avaliacao_05.tesh:3> mismatch:
Alpha|755: - 99999999 7
Alpha|755: Test suite `/home/schnorr/ensino/private/junho_e6/Alpha-E6/tests/e6/avaliacao_05.tesh': NOK (</home/schnorr/ensino/private/junho_e6/Alpha-E6/tests/e6/avaliacao_05.tesh:3> output mismatch)
Alpha|6/8 Test #755: e6_avaliacao_05 ..................***Failed    2.07 sec
Alpha|test 756
Alpha|    Start 756: e6_avaliacao_06
Alpha|
Alpha|756: Test command: /usr/bin/perl "-I" "./tests/scripts" "./tests/scripts/tesh" "/home/schnorr/ensino/private/junho_e6/Alpha-E6/tests/e6/avaliacao_06.tesh"
Alpha|756: Test timeout computed to be: 10000000
Alpha|756: Test suite `/home/schnorr/ensino/private/junho_e6/Alpha-E6/tests/e6/avaliacao_06'
Alpha|756: [/home/schnorr/ensino/private/junho_e6/Alpha-E6/tests/e6/avaliacao_06:3] ./tests/e5/execute.sh "./main < ./tests/e6/input/e06.amarela | ./tests/scripts/ilocsim --data 99999999 -m -x | grep 100000003"
Alpha|756: </home/schnorr/ensino/private/junho_e6/Alpha-E6/tests/e6/avaliacao_06.tesh:3> timeouted. Kill the process.
Alpha|756: </home/schnorr/ensino/private/junho_e6/Alpha-E6/tests/e6/avaliacao_06.tesh:3> No output before timeout
Alpha|756: Test suite `/home/schnorr/ensino/private/junho_e6/Alpha-E6/tests/e6/avaliacao_06.tesh': NOK (</home/schnorr/ensino/private/junho_e6/Alpha-E6/tests/e6/avaliacao_06.tesh:3> timeout after 2 sec)
Alpha|756: Output of </home/schnorr/ensino/private/junho_e6/Alpha-E6/tests/e6/avaliacao_06.tesh:3> mismatch:
Alpha|756: - 100000003 52
Alpha|756: Test suite `/home/schnorr/ensino/private/junho_e6/Alpha-E6/tests/e6/avaliacao_06.tesh': NOK (</home/schnorr/ensino/private/junho_e6/Alpha-E6/tests/e6/avaliacao_06.tesh:3> output mismatch)
Alpha|7/8 Test #756: e6_avaliacao_06 ..................***Failed    2.13 sec
Alpha|test 757
Alpha|    Start 757: e6_avaliacao_07
Alpha|
Alpha|757: Test command: /usr/bin/perl "-I" "./tests/scripts" "./tests/scripts/tesh" "/home/schnorr/ensino/private/junho_e6/Alpha-E6/tests/e6/avaliacao_07.tesh"
Alpha|757: Test timeout computed to be: 10000000
Alpha|757: Test suite `/home/schnorr/ensino/private/junho_e6/Alpha-E6/tests/e6/avaliacao_07'
Alpha|757: [/home/schnorr/ensino/private/junho_e6/Alpha-E6/tests/e6/avaliacao_07:3] ./tests/e5/execute.sh "./main < ./tests/e6/input/e07.amarela | ./tests/scripts/ilocsim --data 1000000000 -m -x | grep 1000000004"
Alpha|757: Test suite `/home/schnorr/ensino/private/junho_e6/Alpha-E6/tests/e6/avaliacao_07.tesh': NOK (</home/schnorr/ensino/private/junho_e6/Alpha-E6/tests/e6/avaliacao_07.tesh:3> returned code 1)
Alpha|757: Output of </home/schnorr/ensino/private/junho_e6/Alpha-E6/tests/e6/avaliacao_07.tesh:3> so far:
Alpha|757: ||
Alpha|757: Output of </home/schnorr/ensino/private/junho_e6/Alpha-E6/tests/e6/avaliacao_07.tesh:3> mismatch:
Alpha|757: - 1000000004 352
Alpha|757: Test suite `/home/schnorr/ensino/private/junho_e6/Alpha-E6/tests/e6/avaliacao_07.tesh': NOK (</home/schnorr/ensino/private/junho_e6/Alpha-E6/tests/e6/avaliacao_07.tesh:3> output mismatch)
Alpha|8/8 Test #757: e6_avaliacao_07 ..................***Failed    0.24 sec
Alpha|
Alpha|0% tests passed, 8 tests failed out of 8
Alpha|
Alpha|Total Test time (real) =  10.84 sec
Alpha|
Alpha|The following tests FAILED:
Alpha|	750 - e6_avaliacao_00 (Failed)
Alpha|	751 - e6_avaliacao_01 (Failed)
Alpha|	752 - e6_avaliacao_02 (Failed)
Alpha|	753 - e6_avaliacao_03 (Failed)
Alpha|	754 - e6_avaliacao_04 (Failed)
Alpha|	755 - e6_avaliacao_05 (Failed)
Alpha|	756 - e6_avaliacao_06 (Failed)
Alpha|	757 - e6_avaliacao_07 (Failed)
Epsilon|UpdateCTestConfiguration  from :/home/schnorr/ensino/private/junho_e6/Epsilon-E6/b.e6.junho/DartConfiguration.tcl
Epsilon|UpdateCTestConfiguration  from :/home/schnorr/ensino/private/junho_e6/Epsilon-E6/b.e6.junho/DartConfiguration.tcl
Epsilon|Test project /home/schnorr/ensino/private/junho_e6/Epsilon-E6/b.e6.junho
Epsilon|Constructing a list of tests
Epsilon|Done constructing a list of tests
Epsilon|Updating test list for fixtures
Epsilon|Added 0 tests to meet fixture requirements
Epsilon|Checking test dependency graph...
Epsilon|Checking test dependency graph end
Epsilon|test 750
Epsilon|    Start 750: e6_avaliacao_00
Epsilon|
Epsilon|750: Test command: /usr/bin/perl "-I" "./tests/scripts" "./tests/scripts/tesh" "/home/schnorr/ensino/private/junho_e6/Epsilon-E6/tests/e6/avaliacao_00.tesh"
Epsilon|750: Test timeout computed to be: 10000000
Epsilon|750: Test suite `/home/schnorr/ensino/private/junho_e6/Epsilon-E6/tests/e6/avaliacao_00'
Epsilon|750: [/home/schnorr/ensino/private/junho_e6/Epsilon-E6/tests/e6/avaliacao_00:3] ./tests/e5/execute.sh "./main < ./tests/e6/input/e00.amarela | ./tests/scripts/ilocsim --data 99999999 -m -x | grep 99999999"
Epsilon|750: Test suite `/home/schnorr/ensino/private/junho_e6/Epsilon-E6/tests/e6/avaliacao_00.tesh': NOK (</home/schnorr/ensino/private/junho_e6/Epsilon-E6/tests/e6/avaliacao_00.tesh:3> returned code 1)
Epsilon|750: Output of </home/schnorr/ensino/private/junho_e6/Epsilon-E6/tests/e6/avaliacao_00.tesh:3> so far:
Epsilon|750: ||
Epsilon|750: Output of </home/schnorr/ensino/private/junho_e6/Epsilon-E6/tests/e6/avaliacao_00.tesh:3> mismatch:
Epsilon|750: - 99999999 99
Epsilon|750: Test suite `/home/schnorr/ensino/private/junho_e6/Epsilon-E6/tests/e6/avaliacao_00.tesh': NOK (</home/schnorr/ensino/private/junho_e6/Epsilon-E6/tests/e6/avaliacao_00.tesh:3> output mismatch)
Epsilon|1/8 Test #750: e6_avaliacao_00 ..................***Failed    0.21 sec
Epsilon|test 751
Epsilon|    Start 751: e6_avaliacao_01
Epsilon|
Epsilon|751: Test command: /usr/bin/perl "-I" "./tests/scripts" "./tests/scripts/tesh" "/home/schnorr/ensino/private/junho_e6/Epsilon-E6/tests/e6/avaliacao_01.tesh"
Epsilon|751: Test timeout computed to be: 10000000
Epsilon|751: Test suite `/home/schnorr/ensino/private/junho_e6/Epsilon-E6/tests/e6/avaliacao_01'
Epsilon|751: [/home/schnorr/ensino/private/junho_e6/Epsilon-E6/tests/e6/avaliacao_01:3] ./tests/e5/execute.sh "./main < ./tests/e6/input/e01.amarela | ./tests/scripts/ilocsim --data 99999999 -m -x | grep 99999999"
Epsilon|751: Test suite `/home/schnorr/ensino/private/junho_e6/Epsilon-E6/tests/e6/avaliacao_01.tesh': NOK (</home/schnorr/ensino/private/junho_e6/Epsilon-E6/tests/e6/avaliacao_01.tesh:3> returned code 1)
Epsilon|751: Output of </home/schnorr/ensino/private/junho_e6/Epsilon-E6/tests/e6/avaliacao_01.tesh:3> so far:
Epsilon|751: ||
Epsilon|751: Output of </home/schnorr/ensino/private/junho_e6/Epsilon-E6/tests/e6/avaliacao_01.tesh:3> mismatch:
Epsilon|751: - 99999999 98
Epsilon|751: Test suite `/home/schnorr/ensino/private/junho_e6/Epsilon-E6/tests/e6/avaliacao_01.tesh': NOK (</home/schnorr/ensino/private/junho_e6/Epsilon-E6/tests/e6/avaliacao_01.tesh:3> output mismatch)
Epsilon|2/8 Test #751: e6_avaliacao_01 ..................***Failed    0.24 sec
Epsilon|test 752
Epsilon|    Start 752: e6_avaliacao_02
Epsilon|
Epsilon|752: Test command: /usr/bin/perl "-I" "./tests/scripts" "./tests/scripts/tesh" "/home/schnorr/ensino/private/junho_e6/Epsilon-E6/tests/e6/avaliacao_02.tesh"
Epsilon|752: Test timeout computed to be: 10000000
Epsilon|752: Test suite `/home/schnorr/ensino/private/junho_e6/Epsilon-E6/tests/e6/avaliacao_02'
Epsilon|752: [/home/schnorr/ensino/private/junho_e6/Epsilon-E6/tests/e6/avaliacao_02:3] ./tests/e5/execute.sh "./main < ./tests/e6/input/e02.amarela | ./tests/scripts/ilocsim --data 99999999 -m -x | grep 99999999"
Epsilon|752: Test suite `/home/schnorr/ensino/private/junho_e6/Epsilon-E6/tests/e6/avaliacao_02.tesh': NOK (</home/schnorr/ensino/private/junho_e6/Epsilon-E6/tests/e6/avaliacao_02.tesh:3> returned code 1)
Epsilon|752: Output of </home/schnorr/ensino/private/junho_e6/Epsilon-E6/tests/e6/avaliacao_02.tesh:3> so far:
Epsilon|752: ||
Epsilon|752: Output of </home/schnorr/ensino/private/junho_e6/Epsilon-E6/tests/e6/avaliacao_02.tesh:3> mismatch:
Epsilon|752: - 99999999 49
Epsilon|752: Test suite `/home/schnorr/ensino/private/junho_e6/Epsilon-E6/tests/e6/avaliacao_02.tesh': NOK (</home/schnorr/ensino/private/junho_e6/Epsilon-E6/tests/e6/avaliacao_02.tesh:3> output mismatch)
Epsilon|3/8 Test #752: e6_avaliacao_02 ..................***Failed    0.19 sec
Epsilon|test 753
Epsilon|    Start 753: e6_avaliacao_03
Epsilon|
Epsilon|753: Test command: /usr/bin/perl "-I" "./tests/scripts" "./tests/scripts/tesh" "/home/schnorr/ensino/private/junho_e6/Epsilon-E6/tests/e6/avaliacao_03.tesh"
Epsilon|753: Test timeout computed to be: 10000000
Epsilon|753: Test suite `/home/schnorr/ensino/private/junho_e6/Epsilon-E6/tests/e6/avaliacao_03'
Epsilon|753: [/home/schnorr/ensino/private/junho_e6/Epsilon-E6/tests/e6/avaliacao_03:3] ./tests/e5/execute.sh "./main < ./tests/e6/input/e03.amarela | ./tests/scripts/ilocsim --data 99999999 -m -x | grep 99999999"
Epsilon|753: Test suite `/home/schnorr/ensino/private/junho_e6/Epsilon-E6/tests/e6/avaliacao_03.tesh': NOK (</home/schnorr/ensino/private/junho_e6/Epsilon-E6/tests/e6/avaliacao_03.tesh:3> returned code 1)
Epsilon|753: Output of </home/schnorr/ensino/private/junho_e6/Epsilon-E6/tests/e6/avaliacao_03.tesh:3> so far:
Epsilon|753: ||
Epsilon|753: Output of </home/schnorr/ensino/private/junho_e6/Epsilon-E6/tests/e6/avaliacao_03.tesh:3> mismatch:
Epsilon|753: - 99999999 720
Epsilon|753: Test suite `/home/schnorr/ensino/private/junho_e6/Epsilon-E6/tests/e6/avaliacao_03.tesh': NOK (</home/schnorr/ensino/private/junho_e6/Epsilon-E6/tests/e6/avaliacao_03.tesh:3> output mismatch)
Epsilon|4/8 Test #753: e6_avaliacao_03 ..................***Failed    0.21 sec
Epsilon|test 754
Epsilon|    Start 754: e6_avaliacao_04
Epsilon|
Epsilon|754: Test command: /usr/bin/perl "-I" "./tests/scripts" "./tests/scripts/tesh" "/home/schnorr/ensino/private/junho_e6/Epsilon-E6/tests/e6/avaliacao_04.tesh"
Epsilon|754: Test timeout computed to be: 10000000
Epsilon|754: Test suite `/home/schnorr/ensino/private/junho_e6/Epsilon-E6/tests/e6/avaliacao_04'
Epsilon|754: [/home/schnorr/ensino/private/junho_e6/Epsilon-E6/tests/e6/avaliacao_04:3] ./tests/e5/execute.sh "./main < ./tests/e6/input/e04.amarela | ./tests/scripts/ilocsim --data 99999999 -m -x | grep 99999999"
Epsilon|754: Test suite `/home/schnorr/ensino/private/junho_e6/Epsilon-E6/tests/e6/avaliacao_04.tesh': NOK (</home/schnorr/ensino/private/junho_e6/Epsilon-E6/tests/e6/avaliacao_04.tesh:3> returned code 1)
Epsilon|754: Output of </home/schnorr/ensino/private/junho_e6/Epsilon-E6/tests/e6/avaliacao_04.tesh:3> so far:
Epsilon|754: ||
Epsilon|754: Output of </home/schnorr/ensino/private/junho_e6/Epsilon-E6/tests/e6/avaliacao_04.tesh:3> mismatch:
Epsilon|754: - 99999999 58
Epsilon|754: Test suite `/home/schnorr/ensino/private/junho_e6/Epsilon-E6/tests/e6/avaliacao_04.tesh': NOK (</home/schnorr/ensino/private/junho_e6/Epsilon-E6/tests/e6/avaliacao_04.tesh:3> output mismatch)
Epsilon|5/8 Test #754: e6_avaliacao_04 ..................***Failed    0.20 sec
Epsilon|test 755
Epsilon|    Start 755: e6_avaliacao_05
Epsilon|
Epsilon|755: Test command: /usr/bin/perl "-I" "./tests/scripts" "./tests/scripts/tesh" "/home/schnorr/ensino/private/junho_e6/Epsilon-E6/tests/e6/avaliacao_05.tesh"
Epsilon|755: Test timeout computed to be: 10000000
Epsilon|755: Test suite `/home/schnorr/ensino/private/junho_e6/Epsilon-E6/tests/e6/avaliacao_05'
Epsilon|755: [/home/schnorr/ensino/private/junho_e6/Epsilon-E6/tests/e6/avaliacao_05:3] ./tests/e5/execute.sh "./main < ./tests/e6/input/e05.amarela | ./tests/scripts/ilocsim --data 99999999 -m -x | grep 99999999"
Epsilon|755: Test suite `/home/schnorr/ensino/private/junho_e6/Epsilon-E6/tests/e6/avaliacao_05.tesh': NOK (</home/schnorr/ensino/private/junho_e6/Epsilon-E6/tests/e6/avaliacao_05.tesh:3> returned code 1)
Epsilon|755: Output of </home/schnorr/ensino/private/junho_e6/Epsilon-E6/tests/e6/avaliacao_05.tesh:3> so far:
Epsilon|755: ||
Epsilon|755: Output of </home/schnorr/ensino/private/junho_e6/Epsilon-E6/tests/e6/avaliacao_05.tesh:3> mismatch:
Epsilon|755: - 99999999 7
Epsilon|755: Test suite `/home/schnorr/ensino/private/junho_e6/Epsilon-E6/tests/e6/avaliacao_05.tesh': NOK (</home/schnorr/ensino/private/junho_e6/Epsilon-E6/tests/e6/avaliacao_05.tesh:3> output mismatch)
Epsilon|6/8 Test #755: e6_avaliacao_05 ..................***Failed    0.19 sec
Epsilon|test 756
Epsilon|    Start 756: e6_avaliacao_06
Epsilon|
Epsilon|756: Test command: /usr/bin/perl "-I" "./tests/scripts" "./tests/scripts/tesh" "/home/schnorr/ensino/private/junho_e6/Epsilon-E6/tests/e6/avaliacao_06.tesh"
Epsilon|756: Test timeout computed to be: 10000000
Epsilon|756: Test suite `/home/schnorr/ensino/private/junho_e6/Epsilon-E6/tests/e6/avaliacao_06'
Epsilon|756: [/home/schnorr/ensino/private/junho_e6/Epsilon-E6/tests/e6/avaliacao_06:3] ./tests/e5/execute.sh "./main < ./tests/e6/input/e06.amarela | ./tests/scripts/ilocsim --data 99999999 -m -x | grep 100000003"
Epsilon|756: Test suite `/home/schnorr/ensino/private/junho_e6/Epsilon-E6/tests/e6/avaliacao_06.tesh': NOK (</home/schnorr/ensino/private/junho_e6/Epsilon-E6/tests/e6/avaliacao_06.tesh:3> returned code 1)
Epsilon|756: Output of </home/schnorr/ensino/private/junho_e6/Epsilon-E6/tests/e6/avaliacao_06.tesh:3> so far:
Epsilon|756: ||
Epsilon|756: Output of </home/schnorr/ensino/private/junho_e6/Epsilon-E6/tests/e6/avaliacao_06.tesh:3> mismatch:
Epsilon|756: - 100000003 52
Epsilon|756: Test suite `/home/schnorr/ensino/private/junho_e6/Epsilon-E6/tests/e6/avaliacao_06.tesh': NOK (</home/schnorr/ensino/private/junho_e6/Epsilon-E6/tests/e6/avaliacao_06.tesh:3> output mismatch)
Epsilon|7/8 Test #756: e6_avaliacao_06 ..................***Failed    0.19 sec
Epsilon|test 757
Epsilon|    Start 757: e6_avaliacao_07
Epsilon|
Epsilon|757: Test command: /usr/bin/perl "-I" "./tests/scripts" "./tests/scripts/tesh" "/home/schnorr/ensino/private/junho_e6/Epsilon-E6/tests/e6/avaliacao_07.tesh"
Epsilon|757: Test timeout computed to be: 10000000
Epsilon|757: Test suite `/home/schnorr/ensino/private/junho_e6/Epsilon-E6/tests/e6/avaliacao_07'
Epsilon|757: [/home/schnorr/ensino/private/junho_e6/Epsilon-E6/tests/e6/avaliacao_07:3] ./tests/e5/execute.sh "./main < ./tests/e6/input/e07.amarela | ./tests/scripts/ilocsim --data 1000000000 -m -x | grep 1000000004"
Epsilon|757: Test suite `/home/schnorr/ensino/private/junho_e6/Epsilon-E6/tests/e6/avaliacao_07.tesh': NOK (</home/schnorr/ensino/private/junho_e6/Epsilon-E6/tests/e6/avaliacao_07.tesh:3> returned code 1)
Epsilon|757: Output of </home/schnorr/ensino/private/junho_e6/Epsilon-E6/tests/e6/avaliacao_07.tesh:3> so far:
Epsilon|757: || __iloc_instructions: type provided is invalid here
Epsilon|757: Output of </home/schnorr/ensino/private/junho_e6/Epsilon-E6/tests/e6/avaliacao_07.tesh:3> mismatch:
Epsilon|757: - 1000000004 352
Epsilon|757: + __iloc_instructions: type provided is invalid here
Epsilon|757: Test suite `/home/schnorr/ensino/private/junho_e6/Epsilon-E6/tests/e6/avaliacao_07.tesh': NOK (</home/schnorr/ensino/private/junho_e6/Epsilon-E6/tests/e6/avaliacao_07.tesh:3> output mismatch)
Epsilon|8/8 Test #757: e6_avaliacao_07 ..................***Failed    0.21 sec
Epsilon|
Epsilon|0% tests passed, 8 tests failed out of 8
Epsilon|
Epsilon|Total Test time (real) =   1.66 sec
Epsilon|
Epsilon|The following tests FAILED:
Epsilon|	750 - e6_avaliacao_00 (Failed)
Epsilon|	751 - e6_avaliacao_01 (Failed)
Epsilon|	752 - e6_avaliacao_02 (Failed)
Epsilon|	753 - e6_avaliacao_03 (Failed)
Epsilon|	754 - e6_avaliacao_04 (Failed)
Epsilon|	755 - e6_avaliacao_05 (Failed)
Epsilon|	756 - e6_avaliacao_06 (Failed)
Epsilon|	757 - e6_avaliacao_07 (Failed)
Gamma|UpdateCTestConfiguration  from :/home/schnorr/ensino/private/junho_e6/Gamma-E6/b.e6.junho/DartConfiguration.tcl
Gamma|UpdateCTestConfiguration  from :/home/schnorr/ensino/private/junho_e6/Gamma-E6/b.e6.junho/DartConfiguration.tcl
Gamma|Test project /home/schnorr/ensino/private/junho_e6/Gamma-E6/b.e6.junho
Gamma|Constructing a list of tests
Gamma|Done constructing a list of tests
Gamma|Updating test list for fixtures
Gamma|Added 0 tests to meet fixture requirements
Gamma|Checking test dependency graph...
Gamma|Checking test dependency graph end
Gamma|test 750
Gamma|    Start 750: e6_avaliacao_00
Gamma|
Gamma|750: Test command: /usr/bin/perl "-I" "./tests/scripts" "./tests/scripts/tesh" "/home/schnorr/ensino/private/junho_e6/Gamma-E6/tests/e6/avaliacao_00.tesh"
Gamma|750: Test timeout computed to be: 10000000
Gamma|750: Test suite `/home/schnorr/ensino/private/junho_e6/Gamma-E6/tests/e6/avaliacao_00'
Gamma|750: [/home/schnorr/ensino/private/junho_e6/Gamma-E6/tests/e6/avaliacao_00:3] ./tests/e5/execute.sh "./main < ./tests/e6/input/e00.amarela | ./tests/scripts/ilocsim --data 99999999 -m -x | grep 99999999"
Gamma|750: Test suite `/home/schnorr/ensino/private/junho_e6/Gamma-E6/tests/e6/avaliacao_00.tesh': NOK (</home/schnorr/ensino/private/junho_e6/Gamma-E6/tests/e6/avaliacao_00.tesh:3> returned code 1)
Gamma|750: Output of </home/schnorr/ensino/private/junho_e6/Gamma-E6/tests/e6/avaliacao_00.tesh:3> so far:
Gamma|750: || gv_declare foi chamada, mas gv_init não foi chamada antes, abort()
Gamma|750: Output of </home/schnorr/ensino/private/junho_e6/Gamma-E6/tests/e6/avaliacao_00.tesh:3> mismatch:
Gamma|750: - 99999999 99
Gamma|750: + gv_declare foi chamada, mas gv_init não foi chamada antes, abort()
Gamma|750: Test suite `/home/schnorr/ensino/private/junho_e6/Gamma-E6/tests/e6/avaliacao_00.tesh': NOK (</home/schnorr/ensino/private/junho_e6/Gamma-E6/tests/e6/avaliacao_00.tesh:3> output mismatch)
Gamma|1/8 Test #750: e6_avaliacao_00 ..................***Failed    0.16 sec
Gamma|test 751
Gamma|    Start 751: e6_avaliacao_01
Gamma|
Gamma|751: Test command: /usr/bin/perl "-I" "./tests/scripts" "./tests/scripts/tesh" "/home/schnorr/ensino/private/junho_e6/Gamma-E6/tests/e6/avaliacao_01.tesh"
Gamma|751: Test timeout computed to be: 10000000
Gamma|751: Test suite `/home/schnorr/ensino/private/junho_e6/Gamma-E6/tests/e6/avaliacao_01'
Gamma|751: [/home/schnorr/ensino/private/junho_e6/Gamma-E6/tests/e6/avaliacao_01:3] ./tests/e5/execute.sh "./main < ./tests/e6/input/e01.amarela | ./tests/scripts/ilocsim --data 99999999 -m -x | grep 99999999"
Gamma|751: Test suite `/home/schnorr/ensino/private/junho_e6/Gamma-E6/tests/e6/avaliacao_01.tesh': NOK (</home/schnorr/ensino/private/junho_e6/Gamma-E6/tests/e6/avaliacao_01.tesh:3> returned code 1)
Gamma|751: Output of </home/schnorr/ensino/private/junho_e6/Gamma-E6/tests/e6/avaliacao_01.tesh:3> so far:
Gamma|751: || gv_declare foi chamada, mas gv_init não foi chamada antes, abort()
Gamma|751: Output of </home/schnorr/ensino/private/junho_e6/Gamma-E6/tests/e6/avaliacao_01.tesh:3> mismatch:
Gamma|751: - 99999999 98
Gamma|751: + gv_declare foi chamada, mas gv_init não foi chamada antes, abort()
Gamma|751: Test suite `/home/schnorr/ensino/private/junho_e6/Gamma-E6/tests/e6/avaliacao_01.tesh': NOK (</home/schnorr/ensino/private/junho_e6/Gamma-E6/tests/e6/avaliacao_01.tesh:3> output mismatch)
Gamma|2/8 Test #751: e6_avaliacao_01 ..................***Failed    0.19 sec
Gamma|test 752
Gamma|    Start 752: e6_avaliacao_02
Gamma|
Gamma|752: Test command: /usr/bin/perl "-I" "./tests/scripts" "./tests/scripts/tesh" "/home/schnorr/ensino/private/junho_e6/Gamma-E6/tests/e6/avaliacao_02.tesh"
Gamma|752: Test timeout computed to be: 10000000
Gamma|752: Test suite `/home/schnorr/ensino/private/junho_e6/Gamma-E6/tests/e6/avaliacao_02'
Gamma|752: [/home/schnorr/ensino/private/junho_e6/Gamma-E6/tests/e6/avaliacao_02:3] ./tests/e5/execute.sh "./main < ./tests/e6/input/e02.amarela | ./tests/scripts/ilocsim --data 99999999 -m -x | grep 99999999"
Gamma|752: Test suite `/home/schnorr/ensino/private/junho_e6/Gamma-E6/tests/e6/avaliacao_02.tesh': NOK (</home/schnorr/ensino/private/junho_e6/Gamma-E6/tests/e6/avaliacao_02.tesh:3> returned code 1)
Gamma|752: Output of </home/schnorr/ensino/private/junho_e6/Gamma-E6/tests/e6/avaliacao_02.tesh:3> so far:
Gamma|752: ||
Gamma|752: Output of </home/schnorr/ensino/private/junho_e6/Gamma-E6/tests/e6/avaliacao_02.tesh:3> mismatch:
Gamma|752: - 99999999 49
Gamma|752: Test suite `/home/schnorr/ensino/private/junho_e6/Gamma-E6/tests/e6/avaliacao_02.tesh': NOK (</home/schnorr/ensino/private/junho_e6/Gamma-E6/tests/e6/avaliacao_02.tesh:3> output mismatch)
Gamma|3/8 Test #752: e6_avaliacao_02 ..................***Failed    0.16 sec
Gamma|test 753
Gamma|    Start 753: e6_avaliacao_03
Gamma|
Gamma|753: Test command: /usr/bin/perl "-I" "./tests/scripts" "./tests/scripts/tesh" "/home/schnorr/ensino/private/junho_e6/Gamma-E6/tests/e6/avaliacao_03.tesh"
Gamma|753: Test timeout computed to be: 10000000
Gamma|753: Test suite `/home/schnorr/ensino/private/junho_e6/Gamma-E6/tests/e6/avaliacao_03'
Gamma|753: [/home/schnorr/ensino/private/junho_e6/Gamma-E6/tests/e6/avaliacao_03:3] ./tests/e5/execute.sh "./main < ./tests/e6/input/e03.amarela | ./tests/scripts/ilocsim --data 99999999 -m -x | grep 99999999"
Gamma|753: Test suite `/home/schnorr/ensino/private/junho_e6/Gamma-E6/tests/e6/avaliacao_03.tesh': NOK (</home/schnorr/ensino/private/junho_e6/Gamma-E6/tests/e6/avaliacao_03.tesh:3> returned code 1)
Gamma|753: Output of </home/schnorr/ensino/private/junho_e6/Gamma-E6/tests/e6/avaliacao_03.tesh:3> so far:
Gamma|753: ||
Gamma|753: Output of </home/schnorr/ensino/private/junho_e6/Gamma-E6/tests/e6/avaliacao_03.tesh:3> mismatch:
Gamma|753: - 99999999 720
Gamma|753: Test suite `/home/schnorr/ensino/private/junho_e6/Gamma-E6/tests/e6/avaliacao_03.tesh': NOK (</home/schnorr/ensino/private/junho_e6/Gamma-E6/tests/e6/avaliacao_03.tesh:3> output mismatch)
Gamma|4/8 Test #753: e6_avaliacao_03 ..................***Failed    0.22 sec
Gamma|test 754
Gamma|    Start 754: e6_avaliacao_04
Gamma|
Gamma|754: Test command: /usr/bin/perl "-I" "./tests/scripts" "./tests/scripts/tesh" "/home/schnorr/ensino/private/junho_e6/Gamma-E6/tests/e6/avaliacao_04.tesh"
Gamma|754: Test timeout computed to be: 10000000
Gamma|754: Test suite `/home/schnorr/ensino/private/junho_e6/Gamma-E6/tests/e6/avaliacao_04'
Gamma|754: [/home/schnorr/ensino/private/junho_e6/Gamma-E6/tests/e6/avaliacao_04:3] ./tests/e5/execute.sh "./main < ./tests/e6/input/e04.amarela | ./tests/scripts/ilocsim --data 99999999 -m -x | grep 99999999"
Gamma|754: Test suite `/home/schnorr/ensino/private/junho_e6/Gamma-E6/tests/e6/avaliacao_04.tesh': NOK (</home/schnorr/ensino/private/junho_e6/Gamma-E6/tests/e6/avaliacao_04.tesh:3> returned code 1)
Gamma|754: Output of </home/schnorr/ensino/private/junho_e6/Gamma-E6/tests/e6/avaliacao_04.tesh:3> so far:
Gamma|754: ||
Gamma|754: Output of </home/schnorr/ensino/private/junho_e6/Gamma-E6/tests/e6/avaliacao_04.tesh:3> mismatch:
Gamma|754: - 99999999 58
Gamma|754: Test suite `/home/schnorr/ensino/private/junho_e6/Gamma-E6/tests/e6/avaliacao_04.tesh': NOK (</home/schnorr/ensino/private/junho_e6/Gamma-E6/tests/e6/avaliacao_04.tesh:3> output mismatch)
Gamma|5/8 Test #754: e6_avaliacao_04 ..................***Failed    0.20 sec
Gamma|test 755
Gamma|    Start 755: e6_avaliacao_05
Gamma|
Gamma|755: Test command: /usr/bin/perl "-I" "./tests/scripts" "./tests/scripts/tesh" "/home/schnorr/ensino/private/junho_e6/Gamma-E6/tests/e6/avaliacao_05.tesh"
Gamma|755: Test timeout computed to be: 10000000
Gamma|755: Test suite `/home/schnorr/ensino/private/junho_e6/Gamma-E6/tests/e6/avaliacao_05'
Gamma|755: [/home/schnorr/ensino/private/junho_e6/Gamma-E6/tests/e6/avaliacao_05:3] ./tests/e5/execute.sh "./main < ./tests/e6/input/e05.amarela | ./tests/scripts/ilocsim --data 99999999 -m -x | grep 99999999"
Gamma|755: Test suite `/home/schnorr/ensino/private/junho_e6/Gamma-E6/tests/e6/avaliacao_05.tesh': NOK (</home/schnorr/ensino/private/junho_e6/Gamma-E6/tests/e6/avaliacao_05.tesh:3> returned code 1)
Gamma|755: Output of </home/schnorr/ensino/private/junho_e6/Gamma-E6/tests/e6/avaliacao_05.tesh:3> so far:
Gamma|755: ||
Gamma|755: Output of </home/schnorr/ensino/private/junho_e6/Gamma-E6/tests/e6/avaliacao_05.tesh:3> mismatch:
Gamma|755: - 99999999 7
Gamma|755: Test suite `/home/schnorr/ensino/private/junho_e6/Gamma-E6/tests/e6/avaliacao_05.tesh': NOK (</home/schnorr/ensino/private/junho_e6/Gamma-E6/tests/e6/avaliacao_05.tesh:3> output mismatch)
Gamma|6/8 Test #755: e6_avaliacao_05 ..................***Failed    0.21 sec
Gamma|test 756
Gamma|    Start 756: e6_avaliacao_06
Gamma|
Gamma|756: Test command: /usr/bin/perl "-I" "./tests/scripts" "./tests/scripts/tesh" "/home/schnorr/ensino/private/junho_e6/Gamma-E6/tests/e6/avaliacao_06.tesh"
Gamma|756: Test timeout computed to be: 10000000
Gamma|756: Test suite `/home/schnorr/ensino/private/junho_e6/Gamma-E6/tests/e6/avaliacao_06'
Gamma|756: [/home/schnorr/ensino/private/junho_e6/Gamma-E6/tests/e6/avaliacao_06:3] ./tests/e5/execute.sh "./main < ./tests/e6/input/e06.amarela | ./tests/scripts/ilocsim --data 99999999 -m -x | grep 100000003"
Gamma|756: Test suite `/home/schnorr/ensino/private/junho_e6/Gamma-E6/tests/e6/avaliacao_06.tesh': NOK (</home/schnorr/ensino/private/junho_e6/Gamma-E6/tests/e6/avaliacao_06.tesh:3> returned code 1)
Gamma|756: Output of </home/schnorr/ensino/private/junho_e6/Gamma-E6/tests/e6/avaliacao_06.tesh:3> so far:
Gamma|756: ||
Gamma|756: Output of </home/schnorr/ensino/private/junho_e6/Gamma-E6/tests/e6/avaliacao_06.tesh:3> mismatch:
Gamma|756: - 100000003 52
Gamma|756: Test suite `/home/schnorr/ensino/private/junho_e6/Gamma-E6/tests/e6/avaliacao_06.tesh': NOK (</home/schnorr/ensino/private/junho_e6/Gamma-E6/tests/e6/avaliacao_06.tesh:3> output mismatch)
Gamma|7/8 Test #756: e6_avaliacao_06 ..................***Failed    0.21 sec
Gamma|test 757
Gamma|    Start 757: e6_avaliacao_07
Gamma|
Gamma|757: Test command: /usr/bin/perl "-I" "./tests/scripts" "./tests/scripts/tesh" "/home/schnorr/ensino/private/junho_e6/Gamma-E6/tests/e6/avaliacao_07.tesh"
Gamma|757: Test timeout computed to be: 10000000
Gamma|757: Test suite `/home/schnorr/ensino/private/junho_e6/Gamma-E6/tests/e6/avaliacao_07'
Gamma|757: [/home/schnorr/ensino/private/junho_e6/Gamma-E6/tests/e6/avaliacao_07:3] ./tests/e5/execute.sh "./main < ./tests/e6/input/e07.amarela | ./tests/scripts/ilocsim --data 1000000000 -m -x | grep 1000000004"
Gamma|757: Test suite `/home/schnorr/ensino/private/junho_e6/Gamma-E6/tests/e6/avaliacao_07.tesh': NOK (</home/schnorr/ensino/private/junho_e6/Gamma-E6/tests/e6/avaliacao_07.tesh:3> returned code 1)
Gamma|757: Output of </home/schnorr/ensino/private/junho_e6/Gamma-E6/tests/e6/avaliacao_07.tesh:3> so far:
Gamma|757: ||
Gamma|757: Output of </home/schnorr/ensino/private/junho_e6/Gamma-E6/tests/e6/avaliacao_07.tesh:3> mismatch:
Gamma|757: - 1000000004 352
Gamma|757: Test suite `/home/schnorr/ensino/private/junho_e6/Gamma-E6/tests/e6/avaliacao_07.tesh': NOK (</home/schnorr/ensino/private/junho_e6/Gamma-E6/tests/e6/avaliacao_07.tesh:3> output mismatch)
Gamma|8/8 Test #757: e6_avaliacao_07 ..................***Failed    0.18 sec
Gamma|
Gamma|0% tests passed, 8 tests failed out of 8
Gamma|
Gamma|Total Test time (real) =   1.56 sec
Gamma|
Gamma|The following tests FAILED:
Gamma|	750 - e6_avaliacao_00 (Failed)
Gamma|	751 - e6_avaliacao_01 (Failed)
Gamma|	752 - e6_avaliacao_02 (Failed)
Gamma|	753 - e6_avaliacao_03 (Failed)
Gamma|	754 - e6_avaliacao_04 (Failed)
Gamma|	755 - e6_avaliacao_05 (Failed)
Gamma|	756 - e6_avaliacao_06 (Failed)
Gamma|	757 - e6_avaliacao_07 (Failed)
Kappa|UpdateCTestConfiguration  from :/home/schnorr/ensino/private/junho_e6/Kappa-E6/b.e6.junho/DartConfiguration.tcl
Kappa|UpdateCTestConfiguration  from :/home/schnorr/ensino/private/junho_e6/Kappa-E6/b.e6.junho/DartConfiguration.tcl
Kappa|Test project /home/schnorr/ensino/private/junho_e6/Kappa-E6/b.e6.junho
Kappa|Constructing a list of tests
Kappa|Done constructing a list of tests
Kappa|Updating test list for fixtures
Kappa|Added 0 tests to meet fixture requirements
Kappa|Checking test dependency graph...
Kappa|Checking test dependency graph end
Kappa|test 750
Kappa|    Start 750: e6_avaliacao_00
Kappa|
Kappa|750: Test command: /usr/bin/perl "-I" "./tests/scripts" "./tests/scripts/tesh" "/home/schnorr/ensino/private/junho_e6/Kappa-E6/tests/e6/avaliacao_00.tesh"
Kappa|750: Test timeout computed to be: 10000000
Kappa|750: Test suite `/home/schnorr/ensino/private/junho_e6/Kappa-E6/tests/e6/avaliacao_00'
Kappa|750: [/home/schnorr/ensino/private/junho_e6/Kappa-E6/tests/e6/avaliacao_00:3] ./tests/e5/execute.sh "./main < ./tests/e6/input/e00.amarela | ./tests/scripts/ilocsim --data 99999999 -m -x | grep 99999999"
Kappa|750: </home/schnorr/ensino/private/junho_e6/Kappa-E6/tests/e6/avaliacao_00.tesh:3> timeouted. Kill the process.
Kappa|750: </home/schnorr/ensino/private/junho_e6/Kappa-E6/tests/e6/avaliacao_00.tesh:3> No output before timeout
Kappa|750: Test suite `/home/schnorr/ensino/private/junho_e6/Kappa-E6/tests/e6/avaliacao_00.tesh': NOK (</home/schnorr/ensino/private/junho_e6/Kappa-E6/tests/e6/avaliacao_00.tesh:3> timeout after 2 sec)
Kappa|750: Output of </home/schnorr/ensino/private/junho_e6/Kappa-E6/tests/e6/avaliacao_00.tesh:3> mismatch:
Kappa|750: - 99999999 99
Kappa|750: Test suite `/home/schnorr/ensino/private/junho_e6/Kappa-E6/tests/e6/avaliacao_00.tesh': NOK (</home/schnorr/ensino/private/junho_e6/Kappa-E6/tests/e6/avaliacao_00.tesh:3> output mismatch)
Kappa|1/8 Test #750: e6_avaliacao_00 ..................***Failed    2.14 sec
Kappa|test 751
Kappa|    Start 751: e6_avaliacao_01
Kappa|
Kappa|751: Test command: /usr/bin/perl "-I" "./tests/scripts" "./tests/scripts/tesh" "/home/schnorr/ensino/private/junho_e6/Kappa-E6/tests/e6/avaliacao_01.tesh"
Kappa|751: Test timeout computed to be: 10000000
Kappa|751: Test suite `/home/schnorr/ensino/private/junho_e6/Kappa-E6/tests/e6/avaliacao_01'
Kappa|751: [/home/schnorr/ensino/private/junho_e6/Kappa-E6/tests/e6/avaliacao_01:3] ./tests/e5/execute.sh "./main < ./tests/e6/input/e01.amarela | ./tests/scripts/ilocsim --data 99999999 -m -x | grep 99999999"
Kappa|751: </home/schnorr/ensino/private/junho_e6/Kappa-E6/tests/e6/avaliacao_01.tesh:3> timeouted. Kill the process.
Kappa|751: </home/schnorr/ensino/private/junho_e6/Kappa-E6/tests/e6/avaliacao_01.tesh:3> No output before timeout
Kappa|751: Test suite `/home/schnorr/ensino/private/junho_e6/Kappa-E6/tests/e6/avaliacao_01.tesh': NOK (</home/schnorr/ensino/private/junho_e6/Kappa-E6/tests/e6/avaliacao_01.tesh:3> timeout after 2 sec)
Kappa|751: Output of </home/schnorr/ensino/private/junho_e6/Kappa-E6/tests/e6/avaliacao_01.tesh:3> mismatch:
Kappa|751: - 99999999 98
Kappa|751: Test suite `/home/schnorr/ensino/private/junho_e6/Kappa-E6/tests/e6/avaliacao_01.tesh': NOK (</home/schnorr/ensino/private/junho_e6/Kappa-E6/tests/e6/avaliacao_01.tesh:3> output mismatch)
Kappa|2/8 Test #751: e6_avaliacao_01 ..................***Failed    2.14 sec
Kappa|test 752
Kappa|    Start 752: e6_avaliacao_02
Kappa|
Kappa|752: Test command: /usr/bin/perl "-I" "./tests/scripts" "./tests/scripts/tesh" "/home/schnorr/ensino/private/junho_e6/Kappa-E6/tests/e6/avaliacao_02.tesh"
Kappa|752: Test timeout computed to be: 10000000
Kappa|752: Test suite `/home/schnorr/ensino/private/junho_e6/Kappa-E6/tests/e6/avaliacao_02'
Kappa|752: [/home/schnorr/ensino/private/junho_e6/Kappa-E6/tests/e6/avaliacao_02:3] ./tests/e5/execute.sh "./main < ./tests/e6/input/e02.amarela | ./tests/scripts/ilocsim --data 99999999 -m -x | grep 99999999"
Kappa|752: </home/schnorr/ensino/private/junho_e6/Kappa-E6/tests/e6/avaliacao_02.tesh:3> timeouted. Kill the process.
Kappa|752: </home/schnorr/ensino/private/junho_e6/Kappa-E6/tests/e6/avaliacao_02.tesh:3> No output before timeout
Kappa|752: Test suite `/home/schnorr/ensino/private/junho_e6/Kappa-E6/tests/e6/avaliacao_02.tesh': NOK (</home/schnorr/ensino/private/junho_e6/Kappa-E6/tests/e6/avaliacao_02.tesh:3> timeout after 2 sec)
Kappa|752: Output of </home/schnorr/ensino/private/junho_e6/Kappa-E6/tests/e6/avaliacao_02.tesh:3> mismatch:
Kappa|752: - 99999999 49
Kappa|752: Test suite `/home/schnorr/ensino/private/junho_e6/Kappa-E6/tests/e6/avaliacao_02.tesh': NOK (</home/schnorr/ensino/private/junho_e6/Kappa-E6/tests/e6/avaliacao_02.tesh:3> output mismatch)
Kappa|3/8 Test #752: e6_avaliacao_02 ..................***Failed    2.18 sec
Kappa|test 753
Kappa|    Start 753: e6_avaliacao_03
Kappa|
Kappa|753: Test command: /usr/bin/perl "-I" "./tests/scripts" "./tests/scripts/tesh" "/home/schnorr/ensino/private/junho_e6/Kappa-E6/tests/e6/avaliacao_03.tesh"
Kappa|753: Test timeout computed to be: 10000000
Kappa|753: Test suite `/home/schnorr/ensino/private/junho_e6/Kappa-E6/tests/e6/avaliacao_03'
Kappa|753: [/home/schnorr/ensino/private/junho_e6/Kappa-E6/tests/e6/avaliacao_03:3] ./tests/e5/execute.sh "./main < ./tests/e6/input/e03.amarela | ./tests/scripts/ilocsim --data 99999999 -m -x | grep 99999999"
Kappa|753: </home/schnorr/ensino/private/junho_e6/Kappa-E6/tests/e6/avaliacao_03.tesh:3> timeouted. Kill the process.
Kappa|753: </home/schnorr/ensino/private/junho_e6/Kappa-E6/tests/e6/avaliacao_03.tesh:3> No output before timeout
Kappa|753: Test suite `/home/schnorr/ensino/private/junho_e6/Kappa-E6/tests/e6/avaliacao_03.tesh': NOK (</home/schnorr/ensino/private/junho_e6/Kappa-E6/tests/e6/avaliacao_03.tesh:3> timeout after 2 sec)
Kappa|753: Output of </home/schnorr/ensino/private/junho_e6/Kappa-E6/tests/e6/avaliacao_03.tesh:3> mismatch:
Kappa|753: - 99999999 720
Kappa|753: Test suite `/home/schnorr/ensino/private/junho_e6/Kappa-E6/tests/e6/avaliacao_03.tesh': NOK (</home/schnorr/ensino/private/junho_e6/Kappa-E6/tests/e6/avaliacao_03.tesh:3> output mismatch)
Kappa|4/8 Test #753: e6_avaliacao_03 ..................***Failed    2.21 sec
Kappa|test 754
Kappa|    Start 754: e6_avaliacao_04
Kappa|
Kappa|754: Test command: /usr/bin/perl "-I" "./tests/scripts" "./tests/scripts/tesh" "/home/schnorr/ensino/private/junho_e6/Kappa-E6/tests/e6/avaliacao_04.tesh"
Kappa|754: Test timeout computed to be: 10000000
Kappa|754: Test suite `/home/schnorr/ensino/private/junho_e6/Kappa-E6/tests/e6/avaliacao_04'
Kappa|754: [/home/schnorr/ensino/private/junho_e6/Kappa-E6/tests/e6/avaliacao_04:3] ./tests/e5/execute.sh "./main < ./tests/e6/input/e04.amarela | ./tests/scripts/ilocsim --data 99999999 -m -x | grep 99999999"
Kappa|754: </home/schnorr/ensino/private/junho_e6/Kappa-E6/tests/e6/avaliacao_04.tesh:3> timeouted. Kill the process.
Kappa|754: </home/schnorr/ensino/private/junho_e6/Kappa-E6/tests/e6/avaliacao_04.tesh:3> No output before timeout
Kappa|754: Test suite `/home/schnorr/ensino/private/junho_e6/Kappa-E6/tests/e6/avaliacao_04.tesh': NOK (</home/schnorr/ensino/private/junho_e6/Kappa-E6/tests/e6/avaliacao_04.tesh:3> timeout after 2 sec)
Kappa|754: Output of </home/schnorr/ensino/private/junho_e6/Kappa-E6/tests/e6/avaliacao_04.tesh:3> mismatch:
Kappa|754: - 99999999 58
Kappa|754: Test suite `/home/schnorr/ensino/private/junho_e6/Kappa-E6/tests/e6/avaliacao_04.tesh': NOK (</home/schnorr/ensino/private/junho_e6/Kappa-E6/tests/e6/avaliacao_04.tesh:3> output mismatch)
Kappa|5/8 Test #754: e6_avaliacao_04 ..................***Failed    2.17 sec
Kappa|test 755
Kappa|    Start 755: e6_avaliacao_05
Kappa|
Kappa|755: Test command: /usr/bin/perl "-I" "./tests/scripts" "./tests/scripts/tesh" "/home/schnorr/ensino/private/junho_e6/Kappa-E6/tests/e6/avaliacao_05.tesh"
Kappa|755: Test timeout computed to be: 10000000
Kappa|755: Test suite `/home/schnorr/ensino/private/junho_e6/Kappa-E6/tests/e6/avaliacao_05'
Kappa|755: [/home/schnorr/ensino/private/junho_e6/Kappa-E6/tests/e6/avaliacao_05:3] ./tests/e5/execute.sh "./main < ./tests/e6/input/e05.amarela | ./tests/scripts/ilocsim --data 99999999 -m -x | grep 99999999"
Kappa|755: </home/schnorr/ensino/private/junho_e6/Kappa-E6/tests/e6/avaliacao_05.tesh:3> timeouted. Kill the process.
Kappa|755: </home/schnorr/ensino/private/junho_e6/Kappa-E6/tests/e6/avaliacao_05.tesh:3> No output before timeout
Kappa|755: Test suite `/home/schnorr/ensino/private/junho_e6/Kappa-E6/tests/e6/avaliacao_05.tesh': NOK (</home/schnorr/ensino/private/junho_e6/Kappa-E6/tests/e6/avaliacao_05.tesh:3> timeout after 2 sec)
Kappa|755: Output of </home/schnorr/ensino/private/junho_e6/Kappa-E6/tests/e6/avaliacao_05.tesh:3> mismatch:
Kappa|755: - 99999999 7
Kappa|755: Test suite `/home/schnorr/ensino/private/junho_e6/Kappa-E6/tests/e6/avaliacao_05.tesh': NOK (</home/schnorr/ensino/private/junho_e6/Kappa-E6/tests/e6/avaliacao_05.tesh:3> output mismatch)
Kappa|6/8 Test #755: e6_avaliacao_05 ..................***Failed    2.27 sec
Kappa|test 756
Kappa|    Start 756: e6_avaliacao_06
Kappa|
Kappa|756: Test command: /usr/bin/perl "-I" "./tests/scripts" "./tests/scripts/tesh" "/home/schnorr/ensino/private/junho_e6/Kappa-E6/tests/e6/avaliacao_06.tesh"
Kappa|756: Test timeout computed to be: 10000000
Kappa|756: Test suite `/home/schnorr/ensino/private/junho_e6/Kappa-E6/tests/e6/avaliacao_06'
Kappa|756: [/home/schnorr/ensino/private/junho_e6/Kappa-E6/tests/e6/avaliacao_06:3] ./tests/e5/execute.sh "./main < ./tests/e6/input/e06.amarela | ./tests/scripts/ilocsim --data 99999999 -m -x | grep 100000003"
Kappa|756: </home/schnorr/ensino/private/junho_e6/Kappa-E6/tests/e6/avaliacao_06.tesh:3> timeouted. Kill the process.
Kappa|756: </home/schnorr/ensino/private/junho_e6/Kappa-E6/tests/e6/avaliacao_06.tesh:3> No output before timeout
Kappa|756: Test suite `/home/schnorr/ensino/private/junho_e6/Kappa-E6/tests/e6/avaliacao_06.tesh': NOK (</home/schnorr/ensino/private/junho_e6/Kappa-E6/tests/e6/avaliacao_06.tesh:3> timeout after 2 sec)
Kappa|756: Output of </home/schnorr/ensino/private/junho_e6/Kappa-E6/tests/e6/avaliacao_06.tesh:3> mismatch:
Kappa|756: - 100000003 52
Kappa|756: Test suite `/home/schnorr/ensino/private/junho_e6/Kappa-E6/tests/e6/avaliacao_06.tesh': NOK (</home/schnorr/ensino/private/junho_e6/Kappa-E6/tests/e6/avaliacao_06.tesh:3> output mismatch)
Kappa|7/8 Test #756: e6_avaliacao_06 ..................***Failed    2.28 sec
Kappa|test 757
Kappa|    Start 757: e6_avaliacao_07
Kappa|
Kappa|757: Test command: /usr/bin/perl "-I" "./tests/scripts" "./tests/scripts/tesh" "/home/schnorr/ensino/private/junho_e6/Kappa-E6/tests/e6/avaliacao_07.tesh"
Kappa|757: Test timeout computed to be: 10000000
Kappa|757: Test suite `/home/schnorr/ensino/private/junho_e6/Kappa-E6/tests/e6/avaliacao_07'
Kappa|757: [/home/schnorr/ensino/private/junho_e6/Kappa-E6/tests/e6/avaliacao_07:3] ./tests/e5/execute.sh "./main < ./tests/e6/input/e07.amarela | ./tests/scripts/ilocsim --data 1000000000 -m -x | grep 1000000004"
Kappa|757: </home/schnorr/ensino/private/junho_e6/Kappa-E6/tests/e6/avaliacao_07.tesh:3> timeouted. Kill the process.
Kappa|757: </home/schnorr/ensino/private/junho_e6/Kappa-E6/tests/e6/avaliacao_07.tesh:3> No output before timeout
Kappa|757: Test suite `/home/schnorr/ensino/private/junho_e6/Kappa-E6/tests/e6/avaliacao_07.tesh': NOK (</home/schnorr/ensino/private/junho_e6/Kappa-E6/tests/e6/avaliacao_07.tesh:3> timeout after 2 sec)
Kappa|757: Output of </home/schnorr/ensino/private/junho_e6/Kappa-E6/tests/e6/avaliacao_07.tesh:3> mismatch:
Kappa|757: - 1000000004 352
Kappa|757: Test suite `/home/schnorr/ensino/private/junho_e6/Kappa-E6/tests/e6/avaliacao_07.tesh': NOK (</home/schnorr/ensino/private/junho_e6/Kappa-E6/tests/e6/avaliacao_07.tesh:3> output mismatch)
Kappa|8/8 Test #757: e6_avaliacao_07 ..................***Failed    2.24 sec
Kappa|
Kappa|0% tests passed, 8 tests failed out of 8
Kappa|
Kappa|Total Test time (real) =  17.66 sec
Kappa|
Kappa|The following tests FAILED:
Kappa|	750 - e6_avaliacao_00 (Failed)
Kappa|	751 - e6_avaliacao_01 (Failed)
Kappa|	752 - e6_avaliacao_02 (Failed)
Kappa|	753 - e6_avaliacao_03 (Failed)
Kappa|	754 - e6_avaliacao_04 (Failed)
Kappa|	755 - e6_avaliacao_05 (Failed)
Kappa|	756 - e6_avaliacao_06 (Failed)
Kappa|	757 - e6_avaliacao_07 (Failed)
Lambda|UpdateCTestConfiguration  from :/home/schnorr/ensino/private/junho_e6/Lambda-E6/b.e6.junho/DartConfiguration.tcl
Lambda|UpdateCTestConfiguration  from :/home/schnorr/ensino/private/junho_e6/Lambda-E6/b.e6.junho/DartConfiguration.tcl
Lambda|Test project /home/schnorr/ensino/private/junho_e6/Lambda-E6/b.e6.junho
Lambda|Constructing a list of tests
Lambda|Done constructing a list of tests
Lambda|Updating test list for fixtures
Lambda|Added 0 tests to meet fixture requirements
Lambda|Checking test dependency graph...
Lambda|Checking test dependency graph end
Lambda|test 750
Lambda|    Start 750: e6_avaliacao_00
Lambda|
Lambda|750: Test command: /usr/bin/perl "-I" "./tests/scripts" "./tests/scripts/tesh" "/home/schnorr/ensino/private/junho_e6/Lambda-E6/tests/e6/avaliacao_00.tesh"
Lambda|750: Test timeout computed to be: 10000000
Lambda|750: Test suite `/home/schnorr/ensino/private/junho_e6/Lambda-E6/tests/e6/avaliacao_00'
Lambda|750: [/home/schnorr/ensino/private/junho_e6/Lambda-E6/tests/e6/avaliacao_00:3] ./tests/e5/execute.sh "./main < ./tests/e6/input/e00.amarela | ./tests/scripts/ilocsim --data 99999999 -m -x | grep 99999999"
Lambda|750: </home/schnorr/ensino/private/junho_e6/Lambda-E6/tests/e6/avaliacao_00.tesh:3> timeouted. Kill the process.
Lambda|750: </home/schnorr/ensino/private/junho_e6/Lambda-E6/tests/e6/avaliacao_00.tesh:3> No output before timeout
Lambda|750: Test suite `/home/schnorr/ensino/private/junho_e6/Lambda-E6/tests/e6/avaliacao_00.tesh': NOK (</home/schnorr/ensino/private/junho_e6/Lambda-E6/tests/e6/avaliacao_00.tesh:3> timeout after 2 sec)
Lambda|750: Output of </home/schnorr/ensino/private/junho_e6/Lambda-E6/tests/e6/avaliacao_00.tesh:3> mismatch:
Lambda|750: - 99999999 99
Lambda|750: Test suite `/home/schnorr/ensino/private/junho_e6/Lambda-E6/tests/e6/avaliacao_00.tesh': NOK (</home/schnorr/ensino/private/junho_e6/Lambda-E6/tests/e6/avaliacao_00.tesh:3> output mismatch)
Lambda|1/8 Test #750: e6_avaliacao_00 ..................***Failed    2.30 sec
Lambda|test 751
Lambda|    Start 751: e6_avaliacao_01
Lambda|
Lambda|751: Test command: /usr/bin/perl "-I" "./tests/scripts" "./tests/scripts/tesh" "/home/schnorr/ensino/private/junho_e6/Lambda-E6/tests/e6/avaliacao_01.tesh"
Lambda|751: Test timeout computed to be: 10000000
Lambda|751: Test suite `/home/schnorr/ensino/private/junho_e6/Lambda-E6/tests/e6/avaliacao_01'
Lambda|751: [/home/schnorr/ensino/private/junho_e6/Lambda-E6/tests/e6/avaliacao_01:3] ./tests/e5/execute.sh "./main < ./tests/e6/input/e01.amarela | ./tests/scripts/ilocsim --data 99999999 -m -x | grep 99999999"
Lambda|751: </home/schnorr/ensino/private/junho_e6/Lambda-E6/tests/e6/avaliacao_01.tesh:3> timeouted. Kill the process.
Lambda|751: </home/schnorr/ensino/private/junho_e6/Lambda-E6/tests/e6/avaliacao_01.tesh:3> No output before timeout
Lambda|751: Test suite `/home/schnorr/ensino/private/junho_e6/Lambda-E6/tests/e6/avaliacao_01.tesh': NOK (</home/schnorr/ensino/private/junho_e6/Lambda-E6/tests/e6/avaliacao_01.tesh:3> timeout after 2 sec)
Lambda|751: Output of </home/schnorr/ensino/private/junho_e6/Lambda-E6/tests/e6/avaliacao_01.tesh:3> mismatch:
Lambda|751: - 99999999 98
Lambda|751: Test suite `/home/schnorr/ensino/private/junho_e6/Lambda-E6/tests/e6/avaliacao_01.tesh': NOK (</home/schnorr/ensino/private/junho_e6/Lambda-E6/tests/e6/avaliacao_01.tesh:3> output mismatch)
Lambda|2/8 Test #751: e6_avaliacao_01 ..................***Failed    2.25 sec
Lambda|test 752
Lambda|    Start 752: e6_avaliacao_02
Lambda|
Lambda|752: Test command: /usr/bin/perl "-I" "./tests/scripts" "./tests/scripts/tesh" "/home/schnorr/ensino/private/junho_e6/Lambda-E6/tests/e6/avaliacao_02.tesh"
Lambda|752: Test timeout computed to be: 10000000
Lambda|752: Test suite `/home/schnorr/ensino/private/junho_e6/Lambda-E6/tests/e6/avaliacao_02'
Lambda|752: [/home/schnorr/ensino/private/junho_e6/Lambda-E6/tests/e6/avaliacao_02:3] ./tests/e5/execute.sh "./main < ./tests/e6/input/e02.amarela | ./tests/scripts/ilocsim --data 99999999 -m -x | grep 99999999"
Lambda|752: </home/schnorr/ensino/private/junho_e6/Lambda-E6/tests/e6/avaliacao_02.tesh:3> timeouted. Kill the process.
Lambda|752: </home/schnorr/ensino/private/junho_e6/Lambda-E6/tests/e6/avaliacao_02.tesh:3> No output before timeout
Lambda|752: Test suite `/home/schnorr/ensino/private/junho_e6/Lambda-E6/tests/e6/avaliacao_02.tesh': NOK (</home/schnorr/ensino/private/junho_e6/Lambda-E6/tests/e6/avaliacao_02.tesh:3> timeout after 2 sec)
Lambda|752: Output of </home/schnorr/ensino/private/junho_e6/Lambda-E6/tests/e6/avaliacao_02.tesh:3> mismatch:
Lambda|752: - 99999999 49
Lambda|752: Test suite `/home/schnorr/ensino/private/junho_e6/Lambda-E6/tests/e6/avaliacao_02.tesh': NOK (</home/schnorr/ensino/private/junho_e6/Lambda-E6/tests/e6/avaliacao_02.tesh:3> output mismatch)
Lambda|3/8 Test #752: e6_avaliacao_02 ..................***Failed    2.31 sec
Lambda|test 753
Lambda|    Start 753: e6_avaliacao_03
Lambda|
Lambda|753: Test command: /usr/bin/perl "-I" "./tests/scripts" "./tests/scripts/tesh" "/home/schnorr/ensino/private/junho_e6/Lambda-E6/tests/e6/avaliacao_03.tesh"
Lambda|753: Test timeout computed to be: 10000000
Lambda|753: Test suite `/home/schnorr/ensino/private/junho_e6/Lambda-E6/tests/e6/avaliacao_03'
Lambda|753: [/home/schnorr/ensino/private/junho_e6/Lambda-E6/tests/e6/avaliacao_03:3] ./tests/e5/execute.sh "./main < ./tests/e6/input/e03.amarela | ./tests/scripts/ilocsim --data 99999999 -m -x | grep 99999999"
Lambda|753: Test suite `/home/schnorr/ensino/private/junho_e6/Lambda-E6/tests/e6/avaliacao_03.tesh': NOK (</home/schnorr/ensino/private/junho_e6/Lambda-E6/tests/e6/avaliacao_03.tesh:3> returned code 1)
Lambda|753: Output of </home/schnorr/ensino/private/junho_e6/Lambda-E6/tests/e6/avaliacao_03.tesh:3> so far:
Lambda|753: || syntax error, unexpected ';' [8]
Lambda|753: Output of </home/schnorr/ensino/private/junho_e6/Lambda-E6/tests/e6/avaliacao_03.tesh:3> mismatch:
Lambda|753: - 99999999 720
Lambda|753: + syntax error, unexpected ';' [8]
Lambda|753: Test suite `/home/schnorr/ensino/private/junho_e6/Lambda-E6/tests/e6/avaliacao_03.tesh': NOK (</home/schnorr/ensino/private/junho_e6/Lambda-E6/tests/e6/avaliacao_03.tesh:3> output mismatch)
Lambda|4/8 Test #753: e6_avaliacao_03 ..................***Failed    0.60 sec
Lambda|test 754
Lambda|    Start 754: e6_avaliacao_04
Lambda|
Lambda|754: Test command: /usr/bin/perl "-I" "./tests/scripts" "./tests/scripts/tesh" "/home/schnorr/ensino/private/junho_e6/Lambda-E6/tests/e6/avaliacao_04.tesh"
Lambda|754: Test timeout computed to be: 10000000
Lambda|754: Test suite `/home/schnorr/ensino/private/junho_e6/Lambda-E6/tests/e6/avaliacao_04'
Lambda|754: [/home/schnorr/ensino/private/junho_e6/Lambda-E6/tests/e6/avaliacao_04:3] ./tests/e5/execute.sh "./main < ./tests/e6/input/e04.amarela | ./tests/scripts/ilocsim --data 99999999 -m -x | grep 99999999"
Lambda|754: </home/schnorr/ensino/private/junho_e6/Lambda-E6/tests/e6/avaliacao_04.tesh:3> timeouted. Kill the process.
Lambda|754: </home/schnorr/ensino/private/junho_e6/Lambda-E6/tests/e6/avaliacao_04.tesh:3> No output before timeout
Lambda|754: Test suite `/home/schnorr/ensino/private/junho_e6/Lambda-E6/tests/e6/avaliacao_04.tesh': NOK (</home/schnorr/ensino/private/junho_e6/Lambda-E6/tests/e6/avaliacao_04.tesh:3> timeout after 2 sec)
Lambda|754: Output of </home/schnorr/ensino/private/junho_e6/Lambda-E6/tests/e6/avaliacao_04.tesh:3> mismatch:
Lambda|754: - 99999999 58
Lambda|754: Test suite `/home/schnorr/ensino/private/junho_e6/Lambda-E6/tests/e6/avaliacao_04.tesh': NOK (</home/schnorr/ensino/private/junho_e6/Lambda-E6/tests/e6/avaliacao_04.tesh:3> output mismatch)
Lambda|5/8 Test #754: e6_avaliacao_04 ..................***Failed    2.31 sec
Lambda|test 755
Lambda|    Start 755: e6_avaliacao_05
Lambda|
Lambda|755: Test command: /usr/bin/perl "-I" "./tests/scripts" "./tests/scripts/tesh" "/home/schnorr/ensino/private/junho_e6/Lambda-E6/tests/e6/avaliacao_05.tesh"
Lambda|755: Test timeout computed to be: 10000000
Lambda|755: Test suite `/home/schnorr/ensino/private/junho_e6/Lambda-E6/tests/e6/avaliacao_05'
Lambda|755: [/home/schnorr/ensino/private/junho_e6/Lambda-E6/tests/e6/avaliacao_05:3] ./tests/e5/execute.sh "./main < ./tests/e6/input/e05.amarela | ./tests/scripts/ilocsim --data 99999999 -m -x | grep 99999999"
Lambda|755: Test suite `/home/schnorr/ensino/private/junho_e6/Lambda-E6/tests/e6/avaliacao_05.tesh': NOK (</home/schnorr/ensino/private/junho_e6/Lambda-E6/tests/e6/avaliacao_05.tesh:3> returned code 1)
Lambda|755: Output of </home/schnorr/ensino/private/junho_e6/Lambda-E6/tests/e6/avaliacao_05.tesh:3> so far:
Lambda|755: || syntax error, unexpected ';' [6]
Lambda|755: Output of </home/schnorr/ensino/private/junho_e6/Lambda-E6/tests/e6/avaliacao_05.tesh:3> mismatch:
Lambda|755: - 99999999 7
Lambda|755: + syntax error, unexpected ';' [6]
Lambda|755: Test suite `/home/schnorr/ensino/private/junho_e6/Lambda-E6/tests/e6/avaliacao_05.tesh': NOK (</home/schnorr/ensino/private/junho_e6/Lambda-E6/tests/e6/avaliacao_05.tesh:3> output mismatch)
Lambda|6/8 Test #755: e6_avaliacao_05 ..................***Failed    0.76 sec
Lambda|test 756
Lambda|    Start 756: e6_avaliacao_06
Lambda|
Lambda|756: Test command: /usr/bin/perl "-I" "./tests/scripts" "./tests/scripts/tesh" "/home/schnorr/ensino/private/junho_e6/Lambda-E6/tests/e6/avaliacao_06.tesh"
Lambda|756: Test timeout computed to be: 10000000
Lambda|756: Test suite `/home/schnorr/ensino/private/junho_e6/Lambda-E6/tests/e6/avaliacao_06'
Lambda|756: [/home/schnorr/ensino/private/junho_e6/Lambda-E6/tests/e6/avaliacao_06:3] ./tests/e5/execute.sh "./main < ./tests/e6/input/e06.amarela | ./tests/scripts/ilocsim --data 99999999 -m -x | grep 100000003"
Lambda|756: </home/schnorr/ensino/private/junho_e6/Lambda-E6/tests/e6/avaliacao_06.tesh:3> timeouted. Kill the process.
Lambda|756: </home/schnorr/ensino/private/junho_e6/Lambda-E6/tests/e6/avaliacao_06.tesh:3> No output before timeout
Lambda|756: Test suite `/home/schnorr/ensino/private/junho_e6/Lambda-E6/tests/e6/avaliacao_06.tesh': NOK (</home/schnorr/ensino/private/junho_e6/Lambda-E6/tests/e6/avaliacao_06.tesh:3> timeout after 2 sec)
Lambda|756: Output of </home/schnorr/ensino/private/junho_e6/Lambda-E6/tests/e6/avaliacao_06.tesh:3> mismatch:
Lambda|756: - 100000003 52
Lambda|756: Test suite `/home/schnorr/ensino/private/junho_e6/Lambda-E6/tests/e6/avaliacao_06.tesh': NOK (</home/schnorr/ensino/private/junho_e6/Lambda-E6/tests/e6/avaliacao_06.tesh:3> output mismatch)
Lambda|7/8 Test #756: e6_avaliacao_06 ..................***Failed    2.34 sec
Lambda|test 757
Lambda|    Start 757: e6_avaliacao_07
Lambda|
Lambda|757: Test command: /usr/bin/perl "-I" "./tests/scripts" "./tests/scripts/tesh" "/home/schnorr/ensino/private/junho_e6/Lambda-E6/tests/e6/avaliacao_07.tesh"
Lambda|757: Test timeout computed to be: 10000000
Lambda|757: Test suite `/home/schnorr/ensino/private/junho_e6/Lambda-E6/tests/e6/avaliacao_07'
Lambda|757: [/home/schnorr/ensino/private/junho_e6/Lambda-E6/tests/e6/avaliacao_07:3] ./tests/e5/execute.sh "./main < ./tests/e6/input/e07.amarela | ./tests/scripts/ilocsim --data 1000000000 -m -x | grep 1000000004"
Lambda|757: </home/schnorr/ensino/private/junho_e6/Lambda-E6/tests/e6/avaliacao_07.tesh:3> timeouted. Kill the process.
Lambda|757: </home/schnorr/ensino/private/junho_e6/Lambda-E6/tests/e6/avaliacao_07.tesh:3> No output before timeout
Lambda|757: Test suite `/home/schnorr/ensino/private/junho_e6/Lambda-E6/tests/e6/avaliacao_07.tesh': NOK (</home/schnorr/ensino/private/junho_e6/Lambda-E6/tests/e6/avaliacao_07.tesh:3> timeout after 2 sec)
Lambda|757: Output of </home/schnorr/ensino/private/junho_e6/Lambda-E6/tests/e6/avaliacao_07.tesh:3> mismatch:
Lambda|757: - 1000000004 352
Lambda|757: Test suite `/home/schnorr/ensino/private/junho_e6/Lambda-E6/tests/e6/avaliacao_07.tesh': NOK (</home/schnorr/ensino/private/junho_e6/Lambda-E6/tests/e6/avaliacao_07.tesh:3> output mismatch)
Lambda|8/8 Test #757: e6_avaliacao_07 ..................***Failed    2.35 sec
Lambda|
Lambda|0% tests passed, 8 tests failed out of 8
Lambda|
Lambda|Total Test time (real) =  15.28 sec
Lambda|
Lambda|The following tests FAILED:
Lambda|	750 - e6_avaliacao_00 (Failed)
Lambda|	751 - e6_avaliacao_01 (Failed)
Lambda|	752 - e6_avaliacao_02 (Failed)
Lambda|	753 - e6_avaliacao_03 (Failed)
Lambda|	754 - e6_avaliacao_04 (Failed)
Lambda|	755 - e6_avaliacao_05 (Failed)
Lambda|	756 - e6_avaliacao_06 (Failed)
Lambda|	757 - e6_avaliacao_07 (Failed)
Omicron|UpdateCTestConfiguration  from :/home/schnorr/ensino/private/junho_e6/Omicron-E6/b.e6.junho/DartConfiguration.tcl
Omicron|UpdateCTestConfiguration  from :/home/schnorr/ensino/private/junho_e6/Omicron-E6/b.e6.junho/DartConfiguration.tcl
Omicron|Test project /home/schnorr/ensino/private/junho_e6/Omicron-E6/b.e6.junho
Omicron|Constructing a list of tests
Omicron|Done constructing a list of tests
Omicron|Updating test list for fixtures
Omicron|Added 0 tests to meet fixture requirements
Omicron|Checking test dependency graph...
Omicron|Checking test dependency graph end
Omicron|test 750
Omicron|    Start 750: e6_avaliacao_00
Omicron|
Omicron|750: Test command: /usr/bin/perl "-I" "./tests/scripts" "./tests/scripts/tesh" "/home/schnorr/ensino/private/junho_e6/Omicron-E6/tests/e6/avaliacao_00.tesh"
Omicron|750: Test timeout computed to be: 10000000
Omicron|750: Test suite `/home/schnorr/ensino/private/junho_e6/Omicron-E6/tests/e6/avaliacao_00'
Omicron|750: [/home/schnorr/ensino/private/junho_e6/Omicron-E6/tests/e6/avaliacao_00:3] ./tests/e5/execute.sh "./main < ./tests/e6/input/e00.amarela | ./tests/scripts/ilocsim --data 99999999 -m -x | grep 99999999"
Omicron|750: Test suite `/home/schnorr/ensino/private/junho_e6/Omicron-E6/tests/e6/avaliacao_00.tesh': NOK (</home/schnorr/ensino/private/junho_e6/Omicron-E6/tests/e6/avaliacao_00.tesh:3> returned code 1)
Omicron|750: Output of </home/schnorr/ensino/private/junho_e6/Omicron-E6/tests/e6/avaliacao_00.tesh:3> so far:
Omicron|750: ||
Omicron|750: Output of </home/schnorr/ensino/private/junho_e6/Omicron-E6/tests/e6/avaliacao_00.tesh:3> mismatch:
Omicron|750: - 99999999 99
Omicron|750: Test suite `/home/schnorr/ensino/private/junho_e6/Omicron-E6/tests/e6/avaliacao_00.tesh': NOK (</home/schnorr/ensino/private/junho_e6/Omicron-E6/tests/e6/avaliacao_00.tesh:3> output mismatch)
Omicron|1/8 Test #750: e6_avaliacao_00 ..................***Failed    0.61 sec
Omicron|test 751
Omicron|    Start 751: e6_avaliacao_01
Omicron|
Omicron|751: Test command: /usr/bin/perl "-I" "./tests/scripts" "./tests/scripts/tesh" "/home/schnorr/ensino/private/junho_e6/Omicron-E6/tests/e6/avaliacao_01.tesh"
Omicron|751: Test timeout computed to be: 10000000
Omicron|751: Test suite `/home/schnorr/ensino/private/junho_e6/Omicron-E6/tests/e6/avaliacao_01'
Omicron|751: [/home/schnorr/ensino/private/junho_e6/Omicron-E6/tests/e6/avaliacao_01:3] ./tests/e5/execute.sh "./main < ./tests/e6/input/e01.amarela | ./tests/scripts/ilocsim --data 99999999 -m -x | grep 99999999"
Omicron|751: Test suite `/home/schnorr/ensino/private/junho_e6/Omicron-E6/tests/e6/avaliacao_01.tesh': NOK (</home/schnorr/ensino/private/junho_e6/Omicron-E6/tests/e6/avaliacao_01.tesh:3> returned code 1)
Omicron|751: Output of </home/schnorr/ensino/private/junho_e6/Omicron-E6/tests/e6/avaliacao_01.tesh:3> so far:
Omicron|751: ||
Omicron|751: Output of </home/schnorr/ensino/private/junho_e6/Omicron-E6/tests/e6/avaliacao_01.tesh:3> mismatch:
Omicron|751: - 99999999 98
Omicron|751: Test suite `/home/schnorr/ensino/private/junho_e6/Omicron-E6/tests/e6/avaliacao_01.tesh': NOK (</home/schnorr/ensino/private/junho_e6/Omicron-E6/tests/e6/avaliacao_01.tesh:3> output mismatch)
Omicron|2/8 Test #751: e6_avaliacao_01 ..................***Failed    0.58 sec
Omicron|test 752
Omicron|    Start 752: e6_avaliacao_02
Omicron|
Omicron|752: Test command: /usr/bin/perl "-I" "./tests/scripts" "./tests/scripts/tesh" "/home/schnorr/ensino/private/junho_e6/Omicron-E6/tests/e6/avaliacao_02.tesh"
Omicron|752: Test timeout computed to be: 10000000
Omicron|752: Test suite `/home/schnorr/ensino/private/junho_e6/Omicron-E6/tests/e6/avaliacao_02'
Omicron|752: [/home/schnorr/ensino/private/junho_e6/Omicron-E6/tests/e6/avaliacao_02:3] ./tests/e5/execute.sh "./main < ./tests/e6/input/e02.amarela | ./tests/scripts/ilocsim --data 99999999 -m -x | grep 99999999"
Omicron|752: Test suite `/home/schnorr/ensino/private/junho_e6/Omicron-E6/tests/e6/avaliacao_02.tesh': NOK (</home/schnorr/ensino/private/junho_e6/Omicron-E6/tests/e6/avaliacao_02.tesh:3> returned code 1)
Omicron|752: Output of </home/schnorr/ensino/private/junho_e6/Omicron-E6/tests/e6/avaliacao_02.tesh:3> so far:
Omicron|752: ||
Omicron|752: Output of </home/schnorr/ensino/private/junho_e6/Omicron-E6/tests/e6/avaliacao_02.tesh:3> mismatch:
Omicron|752: - 99999999 49
Omicron|752: Test suite `/home/schnorr/ensino/private/junho_e6/Omicron-E6/tests/e6/avaliacao_02.tesh': NOK (</home/schnorr/ensino/private/junho_e6/Omicron-E6/tests/e6/avaliacao_02.tesh:3> output mismatch)
Omicron|3/8 Test #752: e6_avaliacao_02 ..................***Failed    0.64 sec
Omicron|test 753
Omicron|    Start 753: e6_avaliacao_03
Omicron|
Omicron|753: Test command: /usr/bin/perl "-I" "./tests/scripts" "./tests/scripts/tesh" "/home/schnorr/ensino/private/junho_e6/Omicron-E6/tests/e6/avaliacao_03.tesh"
Omicron|753: Test timeout computed to be: 10000000
Omicron|753: Test suite `/home/schnorr/ensino/private/junho_e6/Omicron-E6/tests/e6/avaliacao_03'
Omicron|753: [/home/schnorr/ensino/private/junho_e6/Omicron-E6/tests/e6/avaliacao_03:3] ./tests/e5/execute.sh "./main < ./tests/e6/input/e03.amarela | ./tests/scripts/ilocsim --data 99999999 -m -x | grep 99999999"
Omicron|753: Test suite `/home/schnorr/ensino/private/junho_e6/Omicron-E6/tests/e6/avaliacao_03.tesh': NOK (</home/schnorr/ensino/private/junho_e6/Omicron-E6/tests/e6/avaliacao_03.tesh:3> returned code 1)
Omicron|753: Output of </home/schnorr/ensino/private/junho_e6/Omicron-E6/tests/e6/avaliacao_03.tesh:3> so far:
Omicron|753: ||
Omicron|753: Output of </home/schnorr/ensino/private/junho_e6/Omicron-E6/tests/e6/avaliacao_03.tesh:3> mismatch:
Omicron|753: - 99999999 720
Omicron|753: Test suite `/home/schnorr/ensino/private/junho_e6/Omicron-E6/tests/e6/avaliacao_03.tesh': NOK (</home/schnorr/ensino/private/junho_e6/Omicron-E6/tests/e6/avaliacao_03.tesh:3> output mismatch)
Omicron|4/8 Test #753: e6_avaliacao_03 ..................***Failed    0.67 sec
Omicron|test 754
Omicron|    Start 754: e6_avaliacao_04
Omicron|
Omicron|754: Test command: /usr/bin/perl "-I" "./tests/scripts" "./tests/scripts/tesh" "/home/schnorr/ensino/private/junho_e6/Omicron-E6/tests/e6/avaliacao_04.tesh"
Omicron|754: Test timeout computed to be: 10000000
Omicron|754: Test suite `/home/schnorr/ensino/private/junho_e6/Omicron-E6/tests/e6/avaliacao_04'
Omicron|754: [/home/schnorr/ensino/private/junho_e6/Omicron-E6/tests/e6/avaliacao_04:3] ./tests/e5/execute.sh "./main < ./tests/e6/input/e04.amarela | ./tests/scripts/ilocsim --data 99999999 -m -x | grep 99999999"
Omicron|754: Test suite `/home/schnorr/ensino/private/junho_e6/Omicron-E6/tests/e6/avaliacao_04.tesh': NOK (</home/schnorr/ensino/private/junho_e6/Omicron-E6/tests/e6/avaliacao_04.tesh:3> returned code 1)
Omicron|754: Output of </home/schnorr/ensino/private/junho_e6/Omicron-E6/tests/e6/avaliacao_04.tesh:3> so far:
Omicron|754: ||
Omicron|754: Output of </home/schnorr/ensino/private/junho_e6/Omicron-E6/tests/e6/avaliacao_04.tesh:3> mismatch:
Omicron|754: - 99999999 58
Omicron|754: Test suite `/home/schnorr/ensino/private/junho_e6/Omicron-E6/tests/e6/avaliacao_04.tesh': NOK (</home/schnorr/ensino/private/junho_e6/Omicron-E6/tests/e6/avaliacao_04.tesh:3> output mismatch)
Omicron|5/8 Test #754: e6_avaliacao_04 ..................***Failed    0.62 sec
Omicron|test 755
Omicron|    Start 755: e6_avaliacao_05
Omicron|
Omicron|755: Test command: /usr/bin/perl "-I" "./tests/scripts" "./tests/scripts/tesh" "/home/schnorr/ensino/private/junho_e6/Omicron-E6/tests/e6/avaliacao_05.tesh"
Omicron|755: Test timeout computed to be: 10000000
Omicron|755: Test suite `/home/schnorr/ensino/private/junho_e6/Omicron-E6/tests/e6/avaliacao_05'
Omicron|755: [/home/schnorr/ensino/private/junho_e6/Omicron-E6/tests/e6/avaliacao_05:3] ./tests/e5/execute.sh "./main < ./tests/e6/input/e05.amarela | ./tests/scripts/ilocsim --data 99999999 -m -x | grep 99999999"
Omicron|755: Test suite `/home/schnorr/ensino/private/junho_e6/Omicron-E6/tests/e6/avaliacao_05.tesh': NOK (</home/schnorr/ensino/private/junho_e6/Omicron-E6/tests/e6/avaliacao_05.tesh:3> returned code 1)
Omicron|755: Output of </home/schnorr/ensino/private/junho_e6/Omicron-E6/tests/e6/avaliacao_05.tesh:3> so far:
Omicron|755: ||
Omicron|755: Output of </home/schnorr/ensino/private/junho_e6/Omicron-E6/tests/e6/avaliacao_05.tesh:3> mismatch:
Omicron|755: - 99999999 7
Omicron|755: Test suite `/home/schnorr/ensino/private/junho_e6/Omicron-E6/tests/e6/avaliacao_05.tesh': NOK (</home/schnorr/ensino/private/junho_e6/Omicron-E6/tests/e6/avaliacao_05.tesh:3> output mismatch)
Omicron|6/8 Test #755: e6_avaliacao_05 ..................***Failed    0.71 sec
Omicron|test 756
Omicron|    Start 756: e6_avaliacao_06
Omicron|
Omicron|756: Test command: /usr/bin/perl "-I" "./tests/scripts" "./tests/scripts/tesh" "/home/schnorr/ensino/private/junho_e6/Omicron-E6/tests/e6/avaliacao_06.tesh"
Omicron|756: Test timeout computed to be: 10000000
Omicron|756: Test suite `/home/schnorr/ensino/private/junho_e6/Omicron-E6/tests/e6/avaliacao_06'
Omicron|756: [/home/schnorr/ensino/private/junho_e6/Omicron-E6/tests/e6/avaliacao_06:3] ./tests/e5/execute.sh "./main < ./tests/e6/input/e06.amarela | ./tests/scripts/ilocsim --data 99999999 -m -x | grep 100000003"
Omicron|756: Test suite `/home/schnorr/ensino/private/junho_e6/Omicron-E6/tests/e6/avaliacao_06.tesh': NOK (</home/schnorr/ensino/private/junho_e6/Omicron-E6/tests/e6/avaliacao_06.tesh:3> returned code 1)
Omicron|756: Output of </home/schnorr/ensino/private/junho_e6/Omicron-E6/tests/e6/avaliacao_06.tesh:3> so far:
Omicron|756: ||
Omicron|756: Output of </home/schnorr/ensino/private/junho_e6/Omicron-E6/tests/e6/avaliacao_06.tesh:3> mismatch:
Omicron|756: - 100000003 52
Omicron|756: Test suite `/home/schnorr/ensino/private/junho_e6/Omicron-E6/tests/e6/avaliacao_06.tesh': NOK (</home/schnorr/ensino/private/junho_e6/Omicron-E6/tests/e6/avaliacao_06.tesh:3> output mismatch)
Omicron|7/8 Test #756: e6_avaliacao_06 ..................***Failed    0.68 sec
Omicron|test 757
Omicron|    Start 757: e6_avaliacao_07
Omicron|
Omicron|757: Test command: /usr/bin/perl "-I" "./tests/scripts" "./tests/scripts/tesh" "/home/schnorr/ensino/private/junho_e6/Omicron-E6/tests/e6/avaliacao_07.tesh"
Omicron|757: Test timeout computed to be: 10000000
Omicron|757: Test suite `/home/schnorr/ensino/private/junho_e6/Omicron-E6/tests/e6/avaliacao_07'
Omicron|757: [/home/schnorr/ensino/private/junho_e6/Omicron-E6/tests/e6/avaliacao_07:3] ./tests/e5/execute.sh "./main < ./tests/e6/input/e07.amarela | ./tests/scripts/ilocsim --data 1000000000 -m -x | grep 1000000004"
Omicron|757: Test suite `/home/schnorr/ensino/private/junho_e6/Omicron-E6/tests/e6/avaliacao_07.tesh': NOK (</home/schnorr/ensino/private/junho_e6/Omicron-E6/tests/e6/avaliacao_07.tesh:3> returned code 1)
Omicron|757: Output of </home/schnorr/ensino/private/junho_e6/Omicron-E6/tests/e6/avaliacao_07.tesh:3> so far:
Omicron|757: ||
Omicron|757: Output of </home/schnorr/ensino/private/junho_e6/Omicron-E6/tests/e6/avaliacao_07.tesh:3> mismatch:
Omicron|757: - 1000000004 352
Omicron|757: Test suite `/home/schnorr/ensino/private/junho_e6/Omicron-E6/tests/e6/avaliacao_07.tesh': NOK (</home/schnorr/ensino/private/junho_e6/Omicron-E6/tests/e6/avaliacao_07.tesh:3> output mismatch)
Omicron|8/8 Test #757: e6_avaliacao_07 ..................***Failed    0.73 sec
Omicron|
Omicron|0% tests passed, 8 tests failed out of 8
Omicron|
Omicron|Total Test time (real) =   5.31 sec
Omicron|
Omicron|The following tests FAILED:
Omicron|	750 - e6_avaliacao_00 (Failed)
Omicron|	751 - e6_avaliacao_01 (Failed)
Omicron|	752 - e6_avaliacao_02 (Failed)
Omicron|	753 - e6_avaliacao_03 (Failed)
Omicron|	754 - e6_avaliacao_04 (Failed)
Omicron|	755 - e6_avaliacao_05 (Failed)
Omicron|	756 - e6_avaliacao_06 (Failed)
Omicron|	757 - e6_avaliacao_07 (Failed)
Sigma|UpdateCTestConfiguration  from :/home/schnorr/ensino/private/junho_e6/Sigma-E6/b.e6.junho/DartConfiguration.tcl
Sigma|UpdateCTestConfiguration  from :/home/schnorr/ensino/private/junho_e6/Sigma-E6/b.e6.junho/DartConfiguration.tcl
Sigma|Test project /home/schnorr/ensino/private/junho_e6/Sigma-E6/b.e6.junho
Sigma|Constructing a list of tests
Sigma|Done constructing a list of tests
Sigma|Updating test list for fixtures
Sigma|Added 0 tests to meet fixture requirements
Sigma|Checking test dependency graph...
Sigma|Checking test dependency graph end
Sigma|test 750
Sigma|    Start 750: e6_avaliacao_00
Sigma|
Sigma|750: Test command: /usr/bin/perl "-I" "./tests/scripts" "./tests/scripts/tesh" "/home/schnorr/ensino/private/junho_e6/Sigma-E6/tests/e6/avaliacao_00.tesh"
Sigma|750: Test timeout computed to be: 10000000
Sigma|750: Test suite `/home/schnorr/ensino/private/junho_e6/Sigma-E6/tests/e6/avaliacao_00'
Sigma|750: [/home/schnorr/ensino/private/junho_e6/Sigma-E6/tests/e6/avaliacao_00:3] ./tests/e5/execute.sh "./main < ./tests/e6/input/e00.amarela | ./tests/scripts/ilocsim --data 99999999 -m -x | grep 99999999"
Sigma|750: Test suite `/home/schnorr/ensino/private/junho_e6/Sigma-E6/tests/e6/avaliacao_00.tesh': NOK (</home/schnorr/ensino/private/junho_e6/Sigma-E6/tests/e6/avaliacao_00.tesh:3> returned code 1)
Sigma|750: Output of </home/schnorr/ensino/private/junho_e6/Sigma-E6/tests/e6/avaliacao_00.tesh:3> so far:
Sigma|750: || gv_declare foi chamada, mas gv_init não foi chamada antes, abort()
Sigma|750: Output of </home/schnorr/ensino/private/junho_e6/Sigma-E6/tests/e6/avaliacao_00.tesh:3> mismatch:
Sigma|750: - 99999999 99
Sigma|750: + gv_declare foi chamada, mas gv_init não foi chamada antes, abort()
Sigma|750: Test suite `/home/schnorr/ensino/private/junho_e6/Sigma-E6/tests/e6/avaliacao_00.tesh': NOK (</home/schnorr/ensino/private/junho_e6/Sigma-E6/tests/e6/avaliacao_00.tesh:3> output mismatch)
Sigma|1/8 Test #750: e6_avaliacao_00 ..................***Failed    0.77 sec
Sigma|test 751
Sigma|    Start 751: e6_avaliacao_01
Sigma|
Sigma|751: Test command: /usr/bin/perl "-I" "./tests/scripts" "./tests/scripts/tesh" "/home/schnorr/ensino/private/junho_e6/Sigma-E6/tests/e6/avaliacao_01.tesh"
Sigma|751: Test timeout computed to be: 10000000
Sigma|751: Test suite `/home/schnorr/ensino/private/junho_e6/Sigma-E6/tests/e6/avaliacao_01'
Sigma|751: [/home/schnorr/ensino/private/junho_e6/Sigma-E6/tests/e6/avaliacao_01:3] ./tests/e5/execute.sh "./main < ./tests/e6/input/e01.amarela | ./tests/scripts/ilocsim --data 99999999 -m -x | grep 99999999"
Sigma|751: Test suite `/home/schnorr/ensino/private/junho_e6/Sigma-E6/tests/e6/avaliacao_01.tesh': NOK (</home/schnorr/ensino/private/junho_e6/Sigma-E6/tests/e6/avaliacao_01.tesh:3> returned code 1)
Sigma|751: Output of </home/schnorr/ensino/private/junho_e6/Sigma-E6/tests/e6/avaliacao_01.tesh:3> so far:
Sigma|751: || gv_declare foi chamada, mas gv_init não foi chamada antes, abort()
Sigma|751: Output of </home/schnorr/ensino/private/junho_e6/Sigma-E6/tests/e6/avaliacao_01.tesh:3> mismatch:
Sigma|751: - 99999999 98
Sigma|751: + gv_declare foi chamada, mas gv_init não foi chamada antes, abort()
Sigma|751: Test suite `/home/schnorr/ensino/private/junho_e6/Sigma-E6/tests/e6/avaliacao_01.tesh': NOK (</home/schnorr/ensino/private/junho_e6/Sigma-E6/tests/e6/avaliacao_01.tesh:3> output mismatch)
Sigma|2/8 Test #751: e6_avaliacao_01 ..................***Failed    0.64 sec
Sigma|test 752
Sigma|    Start 752: e6_avaliacao_02
Sigma|
Sigma|752: Test command: /usr/bin/perl "-I" "./tests/scripts" "./tests/scripts/tesh" "/home/schnorr/ensino/private/junho_e6/Sigma-E6/tests/e6/avaliacao_02.tesh"
Sigma|752: Test timeout computed to be: 10000000
Sigma|752: Test suite `/home/schnorr/ensino/private/junho_e6/Sigma-E6/tests/e6/avaliacao_02'
Sigma|752: [/home/schnorr/ensino/private/junho_e6/Sigma-E6/tests/e6/avaliacao_02:3] ./tests/e5/execute.sh "./main < ./tests/e6/input/e02.amarela | ./tests/scripts/ilocsim --data 99999999 -m -x | grep 99999999"
Sigma|752: Test suite `/home/schnorr/ensino/private/junho_e6/Sigma-E6/tests/e6/avaliacao_02.tesh': NOK (</home/schnorr/ensino/private/junho_e6/Sigma-E6/tests/e6/avaliacao_02.tesh:3> returned code 1)
Sigma|752: Output of </home/schnorr/ensino/private/junho_e6/Sigma-E6/tests/e6/avaliacao_02.tesh:3> so far:
Sigma|752: || gv_declare foi chamada, mas gv_init não foi chamada antes, abort()
Sigma|752: Output of </home/schnorr/ensino/private/junho_e6/Sigma-E6/tests/e6/avaliacao_02.tesh:3> mismatch:
Sigma|752: - 99999999 49
Sigma|752: + gv_declare foi chamada, mas gv_init não foi chamada antes, abort()
Sigma|752: Test suite `/home/schnorr/ensino/private/junho_e6/Sigma-E6/tests/e6/avaliacao_02.tesh': NOK (</home/schnorr/ensino/private/junho_e6/Sigma-E6/tests/e6/avaliacao_02.tesh:3> output mismatch)
Sigma|3/8 Test #752: e6_avaliacao_02 ..................***Failed    0.62 sec
Sigma|test 753
Sigma|    Start 753: e6_avaliacao_03
Sigma|
Sigma|753: Test command: /usr/bin/perl "-I" "./tests/scripts" "./tests/scripts/tesh" "/home/schnorr/ensino/private/junho_e6/Sigma-E6/tests/e6/avaliacao_03.tesh"
Sigma|753: Test timeout computed to be: 10000000
Sigma|753: Test suite `/home/schnorr/ensino/private/junho_e6/Sigma-E6/tests/e6/avaliacao_03'
Sigma|753: [/home/schnorr/ensino/private/junho_e6/Sigma-E6/tests/e6/avaliacao_03:3] ./tests/e5/execute.sh "./main < ./tests/e6/input/e03.amarela | ./tests/scripts/ilocsim --data 99999999 -m -x | grep 99999999"
Sigma|753: Test suite `/home/schnorr/ensino/private/junho_e6/Sigma-E6/tests/e6/avaliacao_03.tesh': NOK (</home/schnorr/ensino/private/junho_e6/Sigma-E6/tests/e6/avaliacao_03.tesh:3> returned code 1)
Sigma|753: Output of </home/schnorr/ensino/private/junho_e6/Sigma-E6/tests/e6/avaliacao_03.tesh:3> so far:
Sigma|753: || gv_declare foi chamada, mas gv_init não foi chamada antes, abort()
Sigma|753: Output of </home/schnorr/ensino/private/junho_e6/Sigma-E6/tests/e6/avaliacao_03.tesh:3> mismatch:
Sigma|753: - 99999999 720
Sigma|753: + gv_declare foi chamada, mas gv_init não foi chamada antes, abort()
Sigma|753: Test suite `/home/schnorr/ensino/private/junho_e6/Sigma-E6/tests/e6/avaliacao_03.tesh': NOK (</home/schnorr/ensino/private/junho_e6/Sigma-E6/tests/e6/avaliacao_03.tesh:3> output mismatch)
Sigma|4/8 Test #753: e6_avaliacao_03 ..................***Failed    0.76 sec
Sigma|test 754
Sigma|    Start 754: e6_avaliacao_04
Sigma|
Sigma|754: Test command: /usr/bin/perl "-I" "./tests/scripts" "./tests/scripts/tesh" "/home/schnorr/ensino/private/junho_e6/Sigma-E6/tests/e6/avaliacao_04.tesh"
Sigma|754: Test timeout computed to be: 10000000
Sigma|754: Test suite `/home/schnorr/ensino/private/junho_e6/Sigma-E6/tests/e6/avaliacao_04'
Sigma|754: [/home/schnorr/ensino/private/junho_e6/Sigma-E6/tests/e6/avaliacao_04:3] ./tests/e5/execute.sh "./main < ./tests/e6/input/e04.amarela | ./tests/scripts/ilocsim --data 99999999 -m -x | grep 99999999"
Sigma|754: Test suite `/home/schnorr/ensino/private/junho_e6/Sigma-E6/tests/e6/avaliacao_04.tesh': NOK (</home/schnorr/ensino/private/junho_e6/Sigma-E6/tests/e6/avaliacao_04.tesh:3> returned code 1)
Sigma|754: Output of </home/schnorr/ensino/private/junho_e6/Sigma-E6/tests/e6/avaliacao_04.tesh:3> so far:
Sigma|754: || gv_declare foi chamada, mas gv_init não foi chamada antes, abort()
Sigma|754: Output of </home/schnorr/ensino/private/junho_e6/Sigma-E6/tests/e6/avaliacao_04.tesh:3> mismatch:
Sigma|754: - 99999999 58
Sigma|754: + gv_declare foi chamada, mas gv_init não foi chamada antes, abort()
Sigma|754: Test suite `/home/schnorr/ensino/private/junho_e6/Sigma-E6/tests/e6/avaliacao_04.tesh': NOK (</home/schnorr/ensino/private/junho_e6/Sigma-E6/tests/e6/avaliacao_04.tesh:3> output mismatch)
Sigma|5/8 Test #754: e6_avaliacao_04 ..................***Failed    0.65 sec
Sigma|test 755
Sigma|    Start 755: e6_avaliacao_05
Sigma|
Sigma|755: Test command: /usr/bin/perl "-I" "./tests/scripts" "./tests/scripts/tesh" "/home/schnorr/ensino/private/junho_e6/Sigma-E6/tests/e6/avaliacao_05.tesh"
Sigma|755: Test timeout computed to be: 10000000
Sigma|755: Test suite `/home/schnorr/ensino/private/junho_e6/Sigma-E6/tests/e6/avaliacao_05'
Sigma|755: [/home/schnorr/ensino/private/junho_e6/Sigma-E6/tests/e6/avaliacao_05:3] ./tests/e5/execute.sh "./main < ./tests/e6/input/e05.amarela | ./tests/scripts/ilocsim --data 99999999 -m -x | grep 99999999"
Sigma|755: Test suite `/home/schnorr/ensino/private/junho_e6/Sigma-E6/tests/e6/avaliacao_05.tesh': NOK (</home/schnorr/ensino/private/junho_e6/Sigma-E6/tests/e6/avaliacao_05.tesh:3> returned code 1)
Sigma|755: Output of </home/schnorr/ensino/private/junho_e6/Sigma-E6/tests/e6/avaliacao_05.tesh:3> so far:
Sigma|755: || gv_declare foi chamada, mas gv_init não foi chamada antes, abort()
Sigma|755: Output of </home/schnorr/ensino/private/junho_e6/Sigma-E6/tests/e6/avaliacao_05.tesh:3> mismatch:
Sigma|755: - 99999999 7
Sigma|755: + gv_declare foi chamada, mas gv_init não foi chamada antes, abort()
Sigma|755: Test suite `/home/schnorr/ensino/private/junho_e6/Sigma-E6/tests/e6/avaliacao_05.tesh': NOK (</home/schnorr/ensino/private/junho_e6/Sigma-E6/tests/e6/avaliacao_05.tesh:3> output mismatch)
Sigma|6/8 Test #755: e6_avaliacao_05 ..................***Failed    0.76 sec
Sigma|test 756
Sigma|    Start 756: e6_avaliacao_06
Sigma|
Sigma|756: Test command: /usr/bin/perl "-I" "./tests/scripts" "./tests/scripts/tesh" "/home/schnorr/ensino/private/junho_e6/Sigma-E6/tests/e6/avaliacao_06.tesh"
Sigma|756: Test timeout computed to be: 10000000
Sigma|756: Test suite `/home/schnorr/ensino/private/junho_e6/Sigma-E6/tests/e6/avaliacao_06'
Sigma|756: [/home/schnorr/ensino/private/junho_e6/Sigma-E6/tests/e6/avaliacao_06:3] ./tests/e5/execute.sh "./main < ./tests/e6/input/e06.amarela | ./tests/scripts/ilocsim --data 99999999 -m -x | grep 100000003"
Sigma|756: Test suite `/home/schnorr/ensino/private/junho_e6/Sigma-E6/tests/e6/avaliacao_06.tesh': NOK (</home/schnorr/ensino/private/junho_e6/Sigma-E6/tests/e6/avaliacao_06.tesh:3> returned code 1)
Sigma|756: Output of </home/schnorr/ensino/private/junho_e6/Sigma-E6/tests/e6/avaliacao_06.tesh:3> so far:
Sigma|756: || gv_declare foi chamada, mas gv_init não foi chamada antes, abort()
Sigma|756: Output of </home/schnorr/ensino/private/junho_e6/Sigma-E6/tests/e6/avaliacao_06.tesh:3> mismatch:
Sigma|756: - 100000003 52
Sigma|756: + gv_declare foi chamada, mas gv_init não foi chamada antes, abort()
Sigma|756: Test suite `/home/schnorr/ensino/private/junho_e6/Sigma-E6/tests/e6/avaliacao_06.tesh': NOK (</home/schnorr/ensino/private/junho_e6/Sigma-E6/tests/e6/avaliacao_06.tesh:3> output mismatch)
Sigma|7/8 Test #756: e6_avaliacao_06 ..................***Failed    0.82 sec
Sigma|test 757
Sigma|    Start 757: e6_avaliacao_07
Sigma|
Sigma|757: Test command: /usr/bin/perl "-I" "./tests/scripts" "./tests/scripts/tesh" "/home/schnorr/ensino/private/junho_e6/Sigma-E6/tests/e6/avaliacao_07.tesh"
Sigma|757: Test timeout computed to be: 10000000
Sigma|757: Test suite `/home/schnorr/ensino/private/junho_e6/Sigma-E6/tests/e6/avaliacao_07'
Sigma|757: [/home/schnorr/ensino/private/junho_e6/Sigma-E6/tests/e6/avaliacao_07:3] ./tests/e5/execute.sh "./main < ./tests/e6/input/e07.amarela | ./tests/scripts/ilocsim --data 1000000000 -m -x | grep 1000000004"
Sigma|757: Test suite `/home/schnorr/ensino/private/junho_e6/Sigma-E6/tests/e6/avaliacao_07.tesh': NOK (</home/schnorr/ensino/private/junho_e6/Sigma-E6/tests/e6/avaliacao_07.tesh:3> returned code 1)
Sigma|757: Output of </home/schnorr/ensino/private/junho_e6/Sigma-E6/tests/e6/avaliacao_07.tesh:3> so far:
Sigma|757: || gv_declare foi chamada, mas gv_init não foi chamada antes, abort()
Sigma|757: Output of </home/schnorr/ensino/private/junho_e6/Sigma-E6/tests/e6/avaliacao_07.tesh:3> mismatch:
Sigma|757: - 1000000004 352
Sigma|757: + gv_declare foi chamada, mas gv_init não foi chamada antes, abort()
Sigma|757: Test suite `/home/schnorr/ensino/private/junho_e6/Sigma-E6/tests/e6/avaliacao_07.tesh': NOK (</home/schnorr/ensino/private/junho_e6/Sigma-E6/tests/e6/avaliacao_07.tesh:3> output mismatch)
Sigma|8/8 Test #757: e6_avaliacao_07 ..................***Failed    0.69 sec
Sigma|
Sigma|0% tests passed, 8 tests failed out of 8
Sigma|
Sigma|Total Test time (real) =   5.82 sec
Sigma|
Sigma|The following tests FAILED:
Sigma|	750 - e6_avaliacao_00 (Failed)
Sigma|	751 - e6_avaliacao_01 (Failed)
Sigma|	752 - e6_avaliacao_02 (Failed)
Sigma|	753 - e6_avaliacao_03 (Failed)
Sigma|	754 - e6_avaliacao_04 (Failed)
Sigma|	755 - e6_avaliacao_05 (Failed)
Sigma|	756 - e6_avaliacao_06 (Failed)
Sigma|	757 - e6_avaliacao_07 (Failed)
