Alpha|Test project /home/schnorr/ensino/private/junho_e5/Alpha-E5/b.e5.junho
Alpha|      Start 731: e5_valgrind_asd01
Alpha| 1/19 Test #731: e5_valgrind_asd01 ................***Failed    0.59 sec
Alpha|      Start 732: e5_valgrind_asd02
Alpha| 2/19 Test #732: e5_valgrind_asd02 ................***Failed    0.58 sec
Alpha|      Start 733: e5_valgrind_asd03
Alpha| 3/19 Test #733: e5_valgrind_asd03 ................***Failed    0.58 sec
Alpha|      Start 734: e5_valgrind_asd04
Alpha| 4/19 Test #734: e5_valgrind_asd04 ................***Failed    0.58 sec
Alpha|      Start 735: e5_valgrind_asd05
Alpha| 5/19 Test #735: e5_valgrind_asd05 ................***Failed    0.59 sec
Alpha|      Start 736: e5_valgrind_asd06
Alpha| 6/19 Test #736: e5_valgrind_asd06 ................***Failed    0.59 sec
Alpha|      Start 737: e5_valgrind_asd07
Alpha| 7/19 Test #737: e5_valgrind_asd07 ................***Failed    0.59 sec
Alpha|      Start 738: e5_valgrind_asd08
Alpha| 8/19 Test #738: e5_valgrind_asd08 ................***Failed    0.57 sec
Alpha|      Start 739: e5_valgrind_asd09
Alpha| 9/19 Test #739: e5_valgrind_asd09 ................***Failed    0.62 sec
Alpha|      Start 740: e5_valgrind_asd10
Alpha|10/19 Test #740: e5_valgrind_asd10 ................***Failed    0.59 sec
Alpha|      Start 741: e5_valgrind_asd11
Alpha|11/19 Test #741: e5_valgrind_asd11 ................***Failed    0.59 sec
Alpha|      Start 742: e5_valgrind_asd12
Alpha|12/19 Test #742: e5_valgrind_asd12 ................***Failed    0.61 sec
Alpha|      Start 743: e5_valgrind_asd13
Alpha|13/19 Test #743: e5_valgrind_asd13 ................***Failed    0.60 sec
Alpha|      Start 744: e5_valgrind_asd14
Alpha|14/19 Test #744: e5_valgrind_asd14 ................***Failed    0.59 sec
Alpha|      Start 745: e5_valgrind_asd15
Alpha|15/19 Test #745: e5_valgrind_asd15 ................***Failed    0.59 sec
Alpha|      Start 746: e5_valgrind_asd16
Alpha|16/19 Test #746: e5_valgrind_asd16 ................***Failed    0.61 sec
Alpha|      Start 747: e5_valgrind_asd17
Alpha|17/19 Test #747: e5_valgrind_asd17 ................***Failed    0.60 sec
Alpha|      Start 748: e5_valgrind_asd18
Alpha|18/19 Test #748: e5_valgrind_asd18 ................***Failed    0.63 sec
Alpha|      Start 749: e5_valgrind_asd19
Alpha|19/19 Test #749: e5_valgrind_asd19 ................***Failed    0.60 sec
Alpha|
Alpha|0% tests passed, 19 tests failed out of 19
Alpha|
Alpha|Total Test time (real) =  11.33 sec
Alpha|
Alpha|The following tests FAILED:
Alpha|	731 - e5_valgrind_asd01 (Failed)
Alpha|	732 - e5_valgrind_asd02 (Failed)
Alpha|	733 - e5_valgrind_asd03 (Failed)
Alpha|	734 - e5_valgrind_asd04 (Failed)
Alpha|	735 - e5_valgrind_asd05 (Failed)
Alpha|	736 - e5_valgrind_asd06 (Failed)
Alpha|	737 - e5_valgrind_asd07 (Failed)
Alpha|	738 - e5_valgrind_asd08 (Failed)
Alpha|	739 - e5_valgrind_asd09 (Failed)
Alpha|	740 - e5_valgrind_asd10 (Failed)
Alpha|	741 - e5_valgrind_asd11 (Failed)
Alpha|	742 - e5_valgrind_asd12 (Failed)
Alpha|	743 - e5_valgrind_asd13 (Failed)
Alpha|	744 - e5_valgrind_asd14 (Failed)
Alpha|	745 - e5_valgrind_asd15 (Failed)
Alpha|	746 - e5_valgrind_asd16 (Failed)
Alpha|	747 - e5_valgrind_asd17 (Failed)
Alpha|	748 - e5_valgrind_asd18 (Failed)
Alpha|	749 - e5_valgrind_asd19 (Failed)
Beta|Test project /home/schnorr/ensino/private/junho_e5/Beta-E5/b.e5.junho
Beta|      Start 731: e5_valgrind_asd01
Beta| 1/19 Test #731: e5_valgrind_asd01 ................***Failed    0.62 sec
Beta|      Start 732: e5_valgrind_asd02
Beta| 2/19 Test #732: e5_valgrind_asd02 ................***Failed    0.60 sec
Beta|      Start 733: e5_valgrind_asd03
Beta| 3/19 Test #733: e5_valgrind_asd03 ................***Failed    0.61 sec
Beta|      Start 734: e5_valgrind_asd04
Beta| 4/19 Test #734: e5_valgrind_asd04 ................***Failed    0.60 sec
Beta|      Start 735: e5_valgrind_asd05
Beta| 5/19 Test #735: e5_valgrind_asd05 ................***Failed    0.60 sec
Beta|      Start 736: e5_valgrind_asd06
Beta| 6/19 Test #736: e5_valgrind_asd06 ................***Failed    0.61 sec
Beta|      Start 737: e5_valgrind_asd07
Beta| 7/19 Test #737: e5_valgrind_asd07 ................***Failed    0.61 sec
Beta|      Start 738: e5_valgrind_asd08
Beta| 8/19 Test #738: e5_valgrind_asd08 ................***Failed    0.62 sec
Beta|      Start 739: e5_valgrind_asd09
Beta| 9/19 Test #739: e5_valgrind_asd09 ................***Failed    0.60 sec
Beta|      Start 740: e5_valgrind_asd10
Beta|10/19 Test #740: e5_valgrind_asd10 ................***Failed    0.59 sec
Beta|      Start 741: e5_valgrind_asd11
Beta|11/19 Test #741: e5_valgrind_asd11 ................***Failed    0.60 sec
Beta|      Start 742: e5_valgrind_asd12
Beta|12/19 Test #742: e5_valgrind_asd12 ................***Failed    0.63 sec
Beta|      Start 743: e5_valgrind_asd13
Beta|13/19 Test #743: e5_valgrind_asd13 ................***Failed    0.63 sec
Beta|      Start 744: e5_valgrind_asd14
Beta|14/19 Test #744: e5_valgrind_asd14 ................***Failed    0.63 sec
Beta|      Start 745: e5_valgrind_asd15
Beta|15/19 Test #745: e5_valgrind_asd15 ................***Failed    0.64 sec
Beta|      Start 746: e5_valgrind_asd16
Beta|16/19 Test #746: e5_valgrind_asd16 ................***Failed    0.64 sec
Beta|      Start 747: e5_valgrind_asd17
Beta|17/19 Test #747: e5_valgrind_asd17 ................***Failed    0.64 sec
Beta|      Start 748: e5_valgrind_asd18
Beta|18/19 Test #748: e5_valgrind_asd18 ................***Failed    0.62 sec
Beta|      Start 749: e5_valgrind_asd19
Beta|19/19 Test #749: e5_valgrind_asd19 ................***Failed    0.64 sec
Beta|
Beta|0% tests passed, 19 tests failed out of 19
Beta|
Beta|Total Test time (real) =  11.74 sec
Beta|
Beta|The following tests FAILED:
Beta|	731 - e5_valgrind_asd01 (Failed)
Beta|	732 - e5_valgrind_asd02 (Failed)
Beta|	733 - e5_valgrind_asd03 (Failed)
Beta|	734 - e5_valgrind_asd04 (Failed)
Beta|	735 - e5_valgrind_asd05 (Failed)
Beta|	736 - e5_valgrind_asd06 (Failed)
Beta|	737 - e5_valgrind_asd07 (Failed)
Beta|	738 - e5_valgrind_asd08 (Failed)
Beta|	739 - e5_valgrind_asd09 (Failed)
Beta|	740 - e5_valgrind_asd10 (Failed)
Beta|	741 - e5_valgrind_asd11 (Failed)
Beta|	742 - e5_valgrind_asd12 (Failed)
Beta|	743 - e5_valgrind_asd13 (Failed)
Beta|	744 - e5_valgrind_asd14 (Failed)
Beta|	745 - e5_valgrind_asd15 (Failed)
Beta|	746 - e5_valgrind_asd16 (Failed)
Beta|	747 - e5_valgrind_asd17 (Failed)
Beta|	748 - e5_valgrind_asd18 (Failed)
Beta|	749 - e5_valgrind_asd19 (Failed)
Delta|Test project /home/schnorr/ensino/private/junho_e5/Delta-E5/b.e5.junho
Delta|      Start 731: e5_valgrind_asd01
Delta| 1/19 Test #731: e5_valgrind_asd01 ................***Failed    0.61 sec
Delta|      Start 732: e5_valgrind_asd02
Delta| 2/19 Test #732: e5_valgrind_asd02 ................***Failed    0.62 sec
Delta|      Start 733: e5_valgrind_asd03
Delta| 3/19 Test #733: e5_valgrind_asd03 ................***Failed    0.62 sec
Delta|      Start 734: e5_valgrind_asd04
Delta| 4/19 Test #734: e5_valgrind_asd04 ................***Failed    0.61 sec
Delta|      Start 735: e5_valgrind_asd05
Delta| 5/19 Test #735: e5_valgrind_asd05 ................***Failed    0.60 sec
Delta|      Start 736: e5_valgrind_asd06
Delta| 6/19 Test #736: e5_valgrind_asd06 ................***Failed    0.61 sec
Delta|      Start 737: e5_valgrind_asd07
Delta| 7/19 Test #737: e5_valgrind_asd07 ................***Failed    0.61 sec
Delta|      Start 738: e5_valgrind_asd08
Delta| 8/19 Test #738: e5_valgrind_asd08 ................***Failed    0.62 sec
Delta|      Start 739: e5_valgrind_asd09
Delta| 9/19 Test #739: e5_valgrind_asd09 ................***Failed    0.63 sec
Delta|      Start 740: e5_valgrind_asd10
Delta|10/19 Test #740: e5_valgrind_asd10 ................***Failed    0.62 sec
Delta|      Start 741: e5_valgrind_asd11
Delta|11/19 Test #741: e5_valgrind_asd11 ................***Failed    0.62 sec
Delta|      Start 742: e5_valgrind_asd12
Delta|12/19 Test #742: e5_valgrind_asd12 ................***Failed    0.63 sec
Delta|      Start 743: e5_valgrind_asd13
Delta|13/19 Test #743: e5_valgrind_asd13 ................***Failed    0.61 sec
Delta|      Start 744: e5_valgrind_asd14
Delta|14/19 Test #744: e5_valgrind_asd14 ................***Failed    0.62 sec
Delta|      Start 745: e5_valgrind_asd15
Delta|15/19 Test #745: e5_valgrind_asd15 ................***Failed    0.62 sec
Delta|      Start 746: e5_valgrind_asd16
Delta|16/19 Test #746: e5_valgrind_asd16 ................***Failed    0.62 sec
Delta|      Start 747: e5_valgrind_asd17
Delta|17/19 Test #747: e5_valgrind_asd17 ................***Failed    0.61 sec
Delta|      Start 748: e5_valgrind_asd18
Delta|18/19 Test #748: e5_valgrind_asd18 ................***Failed    0.60 sec
Delta|      Start 749: e5_valgrind_asd19
Delta|19/19 Test #749: e5_valgrind_asd19 ................***Failed    0.61 sec
Delta|
Delta|0% tests passed, 19 tests failed out of 19
Delta|
Delta|Total Test time (real) =  11.70 sec
Delta|
Delta|The following tests FAILED:
Delta|	731 - e5_valgrind_asd01 (Failed)
Delta|	732 - e5_valgrind_asd02 (Failed)
Delta|	733 - e5_valgrind_asd03 (Failed)
Delta|	734 - e5_valgrind_asd04 (Failed)
Delta|	735 - e5_valgrind_asd05 (Failed)
Delta|	736 - e5_valgrind_asd06 (Failed)
Delta|	737 - e5_valgrind_asd07 (Failed)
Delta|	738 - e5_valgrind_asd08 (Failed)
Delta|	739 - e5_valgrind_asd09 (Failed)
Delta|	740 - e5_valgrind_asd10 (Failed)
Delta|	741 - e5_valgrind_asd11 (Failed)
Delta|	742 - e5_valgrind_asd12 (Failed)
Delta|	743 - e5_valgrind_asd13 (Failed)
Delta|	744 - e5_valgrind_asd14 (Failed)
Delta|	745 - e5_valgrind_asd15 (Failed)
Delta|	746 - e5_valgrind_asd16 (Failed)
Delta|	747 - e5_valgrind_asd17 (Failed)
Delta|	748 - e5_valgrind_asd18 (Failed)
Delta|	749 - e5_valgrind_asd19 (Failed)
Epsilon|Test project /home/schnorr/ensino/private/junho_e5/Epsilon-E5/b.e5.junho
Epsilon|      Start 731: e5_valgrind_asd01
Epsilon| 1/19 Test #731: e5_valgrind_asd01 ................***Failed    0.64 sec
Epsilon|      Start 732: e5_valgrind_asd02
Epsilon| 2/19 Test #732: e5_valgrind_asd02 ................***Failed    0.61 sec
Epsilon|      Start 733: e5_valgrind_asd03
Epsilon| 3/19 Test #733: e5_valgrind_asd03 ................***Failed    0.61 sec
Epsilon|      Start 734: e5_valgrind_asd04
Epsilon| 4/19 Test #734: e5_valgrind_asd04 ................***Failed    0.61 sec
Epsilon|      Start 735: e5_valgrind_asd05
Epsilon| 5/19 Test #735: e5_valgrind_asd05 ................***Failed    0.59 sec
Epsilon|      Start 736: e5_valgrind_asd06
Epsilon| 6/19 Test #736: e5_valgrind_asd06 ................***Failed    0.64 sec
Epsilon|      Start 737: e5_valgrind_asd07
Epsilon| 7/19 Test #737: e5_valgrind_asd07 ................***Failed    0.62 sec
Epsilon|      Start 738: e5_valgrind_asd08
Epsilon| 8/19 Test #738: e5_valgrind_asd08 ................***Failed    0.64 sec
Epsilon|      Start 739: e5_valgrind_asd09
Epsilon| 9/19 Test #739: e5_valgrind_asd09 ................***Failed    0.65 sec
Epsilon|      Start 740: e5_valgrind_asd10
Epsilon|10/19 Test #740: e5_valgrind_asd10 ................***Failed    0.65 sec
Epsilon|      Start 741: e5_valgrind_asd11
Epsilon|11/19 Test #741: e5_valgrind_asd11 ................***Failed    0.62 sec
Epsilon|      Start 742: e5_valgrind_asd12
Epsilon|12/19 Test #742: e5_valgrind_asd12 ................***Failed    0.63 sec
Epsilon|      Start 743: e5_valgrind_asd13
Epsilon|13/19 Test #743: e5_valgrind_asd13 ................***Failed    0.62 sec
Epsilon|      Start 744: e5_valgrind_asd14
Epsilon|14/19 Test #744: e5_valgrind_asd14 ................***Failed    0.63 sec
Epsilon|      Start 745: e5_valgrind_asd15
Epsilon|15/19 Test #745: e5_valgrind_asd15 ................***Failed    0.62 sec
Epsilon|      Start 746: e5_valgrind_asd16
Epsilon|16/19 Test #746: e5_valgrind_asd16 ................***Failed    0.63 sec
Epsilon|      Start 747: e5_valgrind_asd17
Epsilon|17/19 Test #747: e5_valgrind_asd17 ................***Failed    0.63 sec
Epsilon|      Start 748: e5_valgrind_asd18
Epsilon|18/19 Test #748: e5_valgrind_asd18 ................***Failed    0.63 sec
Epsilon|      Start 749: e5_valgrind_asd19
Epsilon|19/19 Test #749: e5_valgrind_asd19 ................***Failed    0.63 sec
Epsilon|
Epsilon|0% tests passed, 19 tests failed out of 19
Epsilon|
Epsilon|Total Test time (real) =  11.92 sec
Epsilon|
Epsilon|The following tests FAILED:
Epsilon|	731 - e5_valgrind_asd01 (Failed)
Epsilon|	732 - e5_valgrind_asd02 (Failed)
Epsilon|	733 - e5_valgrind_asd03 (Failed)
Epsilon|	734 - e5_valgrind_asd04 (Failed)
Epsilon|	735 - e5_valgrind_asd05 (Failed)
Epsilon|	736 - e5_valgrind_asd06 (Failed)
Epsilon|	737 - e5_valgrind_asd07 (Failed)
Epsilon|	738 - e5_valgrind_asd08 (Failed)
Epsilon|	739 - e5_valgrind_asd09 (Failed)
Epsilon|	740 - e5_valgrind_asd10 (Failed)
Epsilon|	741 - e5_valgrind_asd11 (Failed)
Epsilon|	742 - e5_valgrind_asd12 (Failed)
Epsilon|	743 - e5_valgrind_asd13 (Failed)
Epsilon|	744 - e5_valgrind_asd14 (Failed)
Epsilon|	745 - e5_valgrind_asd15 (Failed)
Epsilon|	746 - e5_valgrind_asd16 (Failed)
Epsilon|	747 - e5_valgrind_asd17 (Failed)
Epsilon|	748 - e5_valgrind_asd18 (Failed)
Epsilon|	749 - e5_valgrind_asd19 (Failed)
Gamma|Test project /home/schnorr/ensino/private/junho_e5/Gamma-E5/b.e5.junho
Gamma|      Start 731: e5_valgrind_asd01
Gamma| 1/19 Test #731: e5_valgrind_asd01 ................***Failed    0.63 sec
Gamma|      Start 732: e5_valgrind_asd02
Gamma| 2/19 Test #732: e5_valgrind_asd02 ................***Failed    0.63 sec
Gamma|      Start 733: e5_valgrind_asd03
Gamma| 3/19 Test #733: e5_valgrind_asd03 ................***Failed    0.63 sec
Gamma|      Start 734: e5_valgrind_asd04
Gamma| 4/19 Test #734: e5_valgrind_asd04 ................***Failed    0.64 sec
Gamma|      Start 735: e5_valgrind_asd05
Gamma| 5/19 Test #735: e5_valgrind_asd05 ................***Failed    0.63 sec
Gamma|      Start 736: e5_valgrind_asd06
Gamma| 6/19 Test #736: e5_valgrind_asd06 ................***Failed    0.61 sec
Gamma|      Start 737: e5_valgrind_asd07
Gamma| 7/19 Test #737: e5_valgrind_asd07 ................***Failed    0.62 sec
Gamma|      Start 738: e5_valgrind_asd08
Gamma| 8/19 Test #738: e5_valgrind_asd08 ................***Failed    0.64 sec
Gamma|      Start 739: e5_valgrind_asd09
Gamma| 9/19 Test #739: e5_valgrind_asd09 ................***Failed    0.63 sec
Gamma|      Start 740: e5_valgrind_asd10
Gamma|10/19 Test #740: e5_valgrind_asd10 ................***Failed    0.65 sec
Gamma|      Start 741: e5_valgrind_asd11
Gamma|11/19 Test #741: e5_valgrind_asd11 ................***Failed    0.63 sec
Gamma|      Start 742: e5_valgrind_asd12
Gamma|12/19 Test #742: e5_valgrind_asd12 ................***Failed    0.63 sec
Gamma|      Start 743: e5_valgrind_asd13
Gamma|13/19 Test #743: e5_valgrind_asd13 ................***Failed    0.62 sec
Gamma|      Start 744: e5_valgrind_asd14
Gamma|14/19 Test #744: e5_valgrind_asd14 ................***Failed    0.62 sec
Gamma|      Start 745: e5_valgrind_asd15
Gamma|15/19 Test #745: e5_valgrind_asd15 ................***Failed    0.64 sec
Gamma|      Start 746: e5_valgrind_asd16
Gamma|16/19 Test #746: e5_valgrind_asd16 ................***Failed    0.67 sec
Gamma|      Start 747: e5_valgrind_asd17
Gamma|17/19 Test #747: e5_valgrind_asd17 ................***Failed    0.64 sec
Gamma|      Start 748: e5_valgrind_asd18
Gamma|18/19 Test #748: e5_valgrind_asd18 ................***Failed    0.59 sec
Gamma|      Start 749: e5_valgrind_asd19
Gamma|19/19 Test #749: e5_valgrind_asd19 ................***Failed    0.61 sec
Gamma|
Gamma|0% tests passed, 19 tests failed out of 19
Gamma|
Gamma|Total Test time (real) =  11.98 sec
Gamma|
Gamma|The following tests FAILED:
Gamma|	731 - e5_valgrind_asd01 (Failed)
Gamma|	732 - e5_valgrind_asd02 (Failed)
Gamma|	733 - e5_valgrind_asd03 (Failed)
Gamma|	734 - e5_valgrind_asd04 (Failed)
Gamma|	735 - e5_valgrind_asd05 (Failed)
Gamma|	736 - e5_valgrind_asd06 (Failed)
Gamma|	737 - e5_valgrind_asd07 (Failed)
Gamma|	738 - e5_valgrind_asd08 (Failed)
Gamma|	739 - e5_valgrind_asd09 (Failed)
Gamma|	740 - e5_valgrind_asd10 (Failed)
Gamma|	741 - e5_valgrind_asd11 (Failed)
Gamma|	742 - e5_valgrind_asd12 (Failed)
Gamma|	743 - e5_valgrind_asd13 (Failed)
Gamma|	744 - e5_valgrind_asd14 (Failed)
Gamma|	745 - e5_valgrind_asd15 (Failed)
Gamma|	746 - e5_valgrind_asd16 (Failed)
Gamma|	747 - e5_valgrind_asd17 (Failed)
Gamma|	748 - e5_valgrind_asd18 (Failed)
Gamma|	749 - e5_valgrind_asd19 (Failed)
Kappa|Test project /home/schnorr/ensino/private/junho_e5/Kappa-E5/b.e5.junho
Kappa|      Start 731: e5_valgrind_asd01
Kappa| 1/19 Test #731: e5_valgrind_asd01 ................***Failed    0.64 sec
Kappa|      Start 732: e5_valgrind_asd02
Kappa| 2/19 Test #732: e5_valgrind_asd02 ................***Failed    0.64 sec
Kappa|      Start 733: e5_valgrind_asd03
Kappa| 3/19 Test #733: e5_valgrind_asd03 ................***Failed    0.65 sec
Kappa|      Start 734: e5_valgrind_asd04
Kappa| 4/19 Test #734: e5_valgrind_asd04 ................***Failed    0.64 sec
Kappa|      Start 735: e5_valgrind_asd05
Kappa| 5/19 Test #735: e5_valgrind_asd05 ................***Failed    0.64 sec
Kappa|      Start 736: e5_valgrind_asd06
Kappa| 6/19 Test #736: e5_valgrind_asd06 ................***Failed    0.65 sec
Kappa|      Start 737: e5_valgrind_asd07
Kappa| 7/19 Test #737: e5_valgrind_asd07 ................***Failed    0.66 sec
Kappa|      Start 738: e5_valgrind_asd08
Kappa| 8/19 Test #738: e5_valgrind_asd08 ................***Failed    0.70 sec
Kappa|      Start 739: e5_valgrind_asd09
Kappa| 9/19 Test #739: e5_valgrind_asd09 ................***Failed    0.67 sec
Kappa|      Start 740: e5_valgrind_asd10
Kappa|10/19 Test #740: e5_valgrind_asd10 ................***Failed    0.65 sec
Kappa|      Start 741: e5_valgrind_asd11
Kappa|11/19 Test #741: e5_valgrind_asd11 ................***Failed    0.65 sec
Kappa|      Start 742: e5_valgrind_asd12
Kappa|12/19 Test #742: e5_valgrind_asd12 ................***Failed    0.70 sec
Kappa|      Start 743: e5_valgrind_asd13
Kappa|13/19 Test #743: e5_valgrind_asd13 ................***Failed    0.66 sec
Kappa|      Start 744: e5_valgrind_asd14
Kappa|14/19 Test #744: e5_valgrind_asd14 ................***Failed    0.64 sec
Kappa|      Start 745: e5_valgrind_asd15
Kappa|15/19 Test #745: e5_valgrind_asd15 ................***Failed    0.64 sec
Kappa|      Start 746: e5_valgrind_asd16
Kappa|16/19 Test #746: e5_valgrind_asd16 ................***Failed    0.66 sec
Kappa|      Start 747: e5_valgrind_asd17
Kappa|17/19 Test #747: e5_valgrind_asd17 ................***Failed    0.65 sec
Kappa|      Start 748: e5_valgrind_asd18
Kappa|18/19 Test #748: e5_valgrind_asd18 ................***Failed    0.65 sec
Kappa|      Start 749: e5_valgrind_asd19
Kappa|19/19 Test #749: e5_valgrind_asd19 ................***Failed    0.65 sec
Kappa|
Kappa|0% tests passed, 19 tests failed out of 19
Kappa|
Kappa|Total Test time (real) =  12.44 sec
Kappa|
Kappa|The following tests FAILED:
Kappa|	731 - e5_valgrind_asd01 (Failed)
Kappa|	732 - e5_valgrind_asd02 (Failed)
Kappa|	733 - e5_valgrind_asd03 (Failed)
Kappa|	734 - e5_valgrind_asd04 (Failed)
Kappa|	735 - e5_valgrind_asd05 (Failed)
Kappa|	736 - e5_valgrind_asd06 (Failed)
Kappa|	737 - e5_valgrind_asd07 (Failed)
Kappa|	738 - e5_valgrind_asd08 (Failed)
Kappa|	739 - e5_valgrind_asd09 (Failed)
Kappa|	740 - e5_valgrind_asd10 (Failed)
Kappa|	741 - e5_valgrind_asd11 (Failed)
Kappa|	742 - e5_valgrind_asd12 (Failed)
Kappa|	743 - e5_valgrind_asd13 (Failed)
Kappa|	744 - e5_valgrind_asd14 (Failed)
Kappa|	745 - e5_valgrind_asd15 (Failed)
Kappa|	746 - e5_valgrind_asd16 (Failed)
Kappa|	747 - e5_valgrind_asd17 (Failed)
Kappa|	748 - e5_valgrind_asd18 (Failed)
Kappa|	749 - e5_valgrind_asd19 (Failed)
Lambda|Test project /home/schnorr/ensino/private/junho_e5/Lambda-E5/b.e5.junho
Lambda|      Start 731: e5_valgrind_asd01
Lambda| 1/19 Test #731: e5_valgrind_asd01 ................***Failed    0.59 sec
Lambda|      Start 732: e5_valgrind_asd02
Lambda| 2/19 Test #732: e5_valgrind_asd02 ................***Failed    0.58 sec
Lambda|      Start 733: e5_valgrind_asd03
Lambda| 3/19 Test #733: e5_valgrind_asd03 ................***Failed    0.59 sec
Lambda|      Start 734: e5_valgrind_asd04
Lambda| 4/19 Test #734: e5_valgrind_asd04 ................***Failed    0.59 sec
Lambda|      Start 735: e5_valgrind_asd05
Lambda| 5/19 Test #735: e5_valgrind_asd05 ................***Failed    0.58 sec
Lambda|      Start 736: e5_valgrind_asd06
Lambda| 6/19 Test #736: e5_valgrind_asd06 ................***Failed    0.59 sec
Lambda|      Start 737: e5_valgrind_asd07
Lambda| 7/19 Test #737: e5_valgrind_asd07 ................***Failed    0.58 sec
Lambda|      Start 738: e5_valgrind_asd08
Lambda| 8/19 Test #738: e5_valgrind_asd08 ................***Failed    0.58 sec
Lambda|      Start 739: e5_valgrind_asd09
Lambda| 9/19 Test #739: e5_valgrind_asd09 ................***Failed    0.58 sec
Lambda|      Start 740: e5_valgrind_asd10
Lambda|10/19 Test #740: e5_valgrind_asd10 ................***Failed    0.58 sec
Lambda|      Start 741: e5_valgrind_asd11
Lambda|11/19 Test #741: e5_valgrind_asd11 ................***Failed    0.58 sec
Lambda|      Start 742: e5_valgrind_asd12
Lambda|12/19 Test #742: e5_valgrind_asd12 ................***Failed    0.59 sec
Lambda|      Start 743: e5_valgrind_asd13
Lambda|13/19 Test #743: e5_valgrind_asd13 ................***Failed    0.60 sec
Lambda|      Start 744: e5_valgrind_asd14
Lambda|14/19 Test #744: e5_valgrind_asd14 ................***Failed    0.59 sec
Lambda|      Start 745: e5_valgrind_asd15
Lambda|15/19 Test #745: e5_valgrind_asd15 ................***Failed    0.58 sec
Lambda|      Start 746: e5_valgrind_asd16
Lambda|16/19 Test #746: e5_valgrind_asd16 ................***Failed    0.58 sec
Lambda|      Start 747: e5_valgrind_asd17
Lambda|17/19 Test #747: e5_valgrind_asd17 ................***Failed    0.59 sec
Lambda|      Start 748: e5_valgrind_asd18
Lambda|18/19 Test #748: e5_valgrind_asd18 ................***Failed    0.59 sec
Lambda|      Start 749: e5_valgrind_asd19
Lambda|19/19 Test #749: e5_valgrind_asd19 ................***Failed    0.59 sec
Lambda|
Lambda|0% tests passed, 19 tests failed out of 19
Lambda|
Lambda|Total Test time (real) =  11.13 sec
Lambda|
Lambda|The following tests FAILED:
Lambda|	731 - e5_valgrind_asd01 (Failed)
Lambda|	732 - e5_valgrind_asd02 (Failed)
Lambda|	733 - e5_valgrind_asd03 (Failed)
Lambda|	734 - e5_valgrind_asd04 (Failed)
Lambda|	735 - e5_valgrind_asd05 (Failed)
Lambda|	736 - e5_valgrind_asd06 (Failed)
Lambda|	737 - e5_valgrind_asd07 (Failed)
Lambda|	738 - e5_valgrind_asd08 (Failed)
Lambda|	739 - e5_valgrind_asd09 (Failed)
Lambda|	740 - e5_valgrind_asd10 (Failed)
Lambda|	741 - e5_valgrind_asd11 (Failed)
Lambda|	742 - e5_valgrind_asd12 (Failed)
Lambda|	743 - e5_valgrind_asd13 (Failed)
Lambda|	744 - e5_valgrind_asd14 (Failed)
Lambda|	745 - e5_valgrind_asd15 (Failed)
Lambda|	746 - e5_valgrind_asd16 (Failed)
Lambda|	747 - e5_valgrind_asd17 (Failed)
Lambda|	748 - e5_valgrind_asd18 (Failed)
Lambda|	749 - e5_valgrind_asd19 (Failed)
Nu|Test project /home/schnorr/ensino/private/junho_e5/Nu-E5/b.e5.junho
Nu|      Start 731: e5_valgrind_asd01
Nu| 1/19 Test #731: e5_valgrind_asd01 ................***Failed    0.58 sec
Nu|      Start 732: e5_valgrind_asd02
Nu| 2/19 Test #732: e5_valgrind_asd02 ................***Failed    0.58 sec
Nu|      Start 733: e5_valgrind_asd03
Nu| 3/19 Test #733: e5_valgrind_asd03 ................***Failed    0.59 sec
Nu|      Start 734: e5_valgrind_asd04
Nu| 4/19 Test #734: e5_valgrind_asd04 ................***Failed    0.62 sec
Nu|      Start 735: e5_valgrind_asd05
Nu| 5/19 Test #735: e5_valgrind_asd05 ................***Failed    0.62 sec
Nu|      Start 736: e5_valgrind_asd06
Nu| 6/19 Test #736: e5_valgrind_asd06 ................***Failed    0.64 sec
Nu|      Start 737: e5_valgrind_asd07
Nu| 7/19 Test #737: e5_valgrind_asd07 ................***Failed    0.64 sec
Nu|      Start 738: e5_valgrind_asd08
Nu| 8/19 Test #738: e5_valgrind_asd08 ................***Failed    0.68 sec
Nu|      Start 739: e5_valgrind_asd09
Nu| 9/19 Test #739: e5_valgrind_asd09 ................***Failed    0.68 sec
Nu|      Start 740: e5_valgrind_asd10
Nu|10/19 Test #740: e5_valgrind_asd10 ................***Failed    0.62 sec
Nu|      Start 741: e5_valgrind_asd11
Nu|11/19 Test #741: e5_valgrind_asd11 ................***Failed    0.59 sec
Nu|      Start 742: e5_valgrind_asd12
Nu|12/19 Test #742: e5_valgrind_asd12 ................***Failed    0.59 sec
Nu|      Start 743: e5_valgrind_asd13
Nu|13/19 Test #743: e5_valgrind_asd13 ................***Failed    0.60 sec
Nu|      Start 744: e5_valgrind_asd14
Nu|14/19 Test #744: e5_valgrind_asd14 ................***Failed    0.60 sec
Nu|      Start 745: e5_valgrind_asd15
Nu|15/19 Test #745: e5_valgrind_asd15 ................***Failed    0.60 sec
Nu|      Start 746: e5_valgrind_asd16
Nu|16/19 Test #746: e5_valgrind_asd16 ................***Failed    0.64 sec
Nu|      Start 747: e5_valgrind_asd17
Nu|17/19 Test #747: e5_valgrind_asd17 ................***Failed    0.62 sec
Nu|      Start 748: e5_valgrind_asd18
Nu|18/19 Test #748: e5_valgrind_asd18 ................***Failed    0.63 sec
Nu|      Start 749: e5_valgrind_asd19
Nu|19/19 Test #749: e5_valgrind_asd19 ................***Failed    0.66 sec
Nu|
Nu|0% tests passed, 19 tests failed out of 19
Nu|
Nu|Total Test time (real) =  11.78 sec
Nu|
Nu|The following tests FAILED:
Nu|	731 - e5_valgrind_asd01 (Failed)
Nu|	732 - e5_valgrind_asd02 (Failed)
Nu|	733 - e5_valgrind_asd03 (Failed)
Nu|	734 - e5_valgrind_asd04 (Failed)
Nu|	735 - e5_valgrind_asd05 (Failed)
Nu|	736 - e5_valgrind_asd06 (Failed)
Nu|	737 - e5_valgrind_asd07 (Failed)
Nu|	738 - e5_valgrind_asd08 (Failed)
Nu|	739 - e5_valgrind_asd09 (Failed)
Nu|	740 - e5_valgrind_asd10 (Failed)
Nu|	741 - e5_valgrind_asd11 (Failed)
Nu|	742 - e5_valgrind_asd12 (Failed)
Nu|	743 - e5_valgrind_asd13 (Failed)
Nu|	744 - e5_valgrind_asd14 (Failed)
Nu|	745 - e5_valgrind_asd15 (Failed)
Nu|	746 - e5_valgrind_asd16 (Failed)
Nu|	747 - e5_valgrind_asd17 (Failed)
Nu|	748 - e5_valgrind_asd18 (Failed)
Nu|	749 - e5_valgrind_asd19 (Failed)
Omega|Test project /home/schnorr/ensino/private/junho_e5/Omega-E5/b.e5.junho
Omega|      Start 731: e5_valgrind_asd01
Omega| 1/19 Test #731: e5_valgrind_asd01 ................***Failed    0.60 sec
Omega|      Start 732: e5_valgrind_asd02
Omega| 2/19 Test #732: e5_valgrind_asd02 ................***Failed    0.62 sec
Omega|      Start 733: e5_valgrind_asd03
Omega| 3/19 Test #733: e5_valgrind_asd03 ................***Failed    0.59 sec
Omega|      Start 734: e5_valgrind_asd04
Omega| 4/19 Test #734: e5_valgrind_asd04 ................***Failed    0.59 sec
Omega|      Start 735: e5_valgrind_asd05
Omega| 5/19 Test #735: e5_valgrind_asd05 ................***Failed    0.60 sec
Omega|      Start 736: e5_valgrind_asd06
Omega| 6/19 Test #736: e5_valgrind_asd06 ................***Failed    0.62 sec
Omega|      Start 737: e5_valgrind_asd07
Omega| 7/19 Test #737: e5_valgrind_asd07 ................***Failed    0.60 sec
Omega|      Start 738: e5_valgrind_asd08
Omega| 8/19 Test #738: e5_valgrind_asd08 ................***Failed    0.62 sec
Omega|      Start 739: e5_valgrind_asd09
Omega| 9/19 Test #739: e5_valgrind_asd09 ................***Failed    0.63 sec
Omega|      Start 740: e5_valgrind_asd10
Omega|10/19 Test #740: e5_valgrind_asd10 ................***Failed    0.60 sec
Omega|      Start 741: e5_valgrind_asd11
Omega|11/19 Test #741: e5_valgrind_asd11 ................***Failed    0.62 sec
Omega|      Start 742: e5_valgrind_asd12
Omega|12/19 Test #742: e5_valgrind_asd12 ................***Failed    0.63 sec
Omega|      Start 743: e5_valgrind_asd13
Omega|13/19 Test #743: e5_valgrind_asd13 ................***Failed    0.66 sec
Omega|      Start 744: e5_valgrind_asd14
Omega|14/19 Test #744: e5_valgrind_asd14 ................***Failed    0.61 sec
Omega|      Start 745: e5_valgrind_asd15
Omega|15/19 Test #745: e5_valgrind_asd15 ................***Failed    0.62 sec
Omega|      Start 746: e5_valgrind_asd16
Omega|16/19 Test #746: e5_valgrind_asd16 ................***Failed    0.59 sec
Omega|      Start 747: e5_valgrind_asd17
Omega|17/19 Test #747: e5_valgrind_asd17 ................***Failed    0.60 sec
Omega|      Start 748: e5_valgrind_asd18
Omega|18/19 Test #748: e5_valgrind_asd18 ................***Failed    0.59 sec
Omega|      Start 749: e5_valgrind_asd19
Omega|19/19 Test #749: e5_valgrind_asd19 ................***Failed    0.58 sec
Omega|
Omega|0% tests passed, 19 tests failed out of 19
Omega|
Omega|Total Test time (real) =  11.59 sec
Omega|
Omega|The following tests FAILED:
Omega|	731 - e5_valgrind_asd01 (Failed)
Omega|	732 - e5_valgrind_asd02 (Failed)
Omega|	733 - e5_valgrind_asd03 (Failed)
Omega|	734 - e5_valgrind_asd04 (Failed)
Omega|	735 - e5_valgrind_asd05 (Failed)
Omega|	736 - e5_valgrind_asd06 (Failed)
Omega|	737 - e5_valgrind_asd07 (Failed)
Omega|	738 - e5_valgrind_asd08 (Failed)
Omega|	739 - e5_valgrind_asd09 (Failed)
Omega|	740 - e5_valgrind_asd10 (Failed)
Omega|	741 - e5_valgrind_asd11 (Failed)
Omega|	742 - e5_valgrind_asd12 (Failed)
Omega|	743 - e5_valgrind_asd13 (Failed)
Omega|	744 - e5_valgrind_asd14 (Failed)
Omega|	745 - e5_valgrind_asd15 (Failed)
Omega|	746 - e5_valgrind_asd16 (Failed)
Omega|	747 - e5_valgrind_asd17 (Failed)
Omega|	748 - e5_valgrind_asd18 (Failed)
Omega|	749 - e5_valgrind_asd19 (Failed)
Omicron|Test project /home/schnorr/ensino/private/junho_e5/Omicron-E5/b.e5.junho
Omicron|      Start 731: e5_valgrind_asd01
Omicron| 1/19 Test #731: e5_valgrind_asd01 ................***Failed    0.65 sec
Omicron|      Start 732: e5_valgrind_asd02
Omicron| 2/19 Test #732: e5_valgrind_asd02 ................***Failed    0.64 sec
Omicron|      Start 733: e5_valgrind_asd03
Omicron| 3/19 Test #733: e5_valgrind_asd03 ................***Failed    0.69 sec
Omicron|      Start 734: e5_valgrind_asd04
Omicron| 4/19 Test #734: e5_valgrind_asd04 ................***Failed    0.66 sec
Omicron|      Start 735: e5_valgrind_asd05
Omicron| 5/19 Test #735: e5_valgrind_asd05 ................***Failed    0.71 sec
Omicron|      Start 736: e5_valgrind_asd06
Omicron| 6/19 Test #736: e5_valgrind_asd06 ................***Failed    0.81 sec
Omicron|      Start 737: e5_valgrind_asd07
Omicron| 7/19 Test #737: e5_valgrind_asd07 ................***Failed    0.73 sec
Omicron|      Start 738: e5_valgrind_asd08
Omicron| 8/19 Test #738: e5_valgrind_asd08 ................***Failed    0.75 sec
Omicron|      Start 739: e5_valgrind_asd09
Omicron| 9/19 Test #739: e5_valgrind_asd09 ................***Failed    0.68 sec
Omicron|      Start 740: e5_valgrind_asd10
Omicron|10/19 Test #740: e5_valgrind_asd10 ................***Failed    0.65 sec
Omicron|      Start 741: e5_valgrind_asd11
Omicron|11/19 Test #741: e5_valgrind_asd11 ................***Failed    0.66 sec
Omicron|      Start 742: e5_valgrind_asd12
Omicron|12/19 Test #742: e5_valgrind_asd12 ................***Failed    0.66 sec
Omicron|      Start 743: e5_valgrind_asd13
Omicron|13/19 Test #743: e5_valgrind_asd13 ................***Failed    0.66 sec
Omicron|      Start 744: e5_valgrind_asd14
Omicron|14/19 Test #744: e5_valgrind_asd14 ................***Failed    0.66 sec
Omicron|      Start 745: e5_valgrind_asd15
Omicron|15/19 Test #745: e5_valgrind_asd15 ................***Failed    0.69 sec
Omicron|      Start 746: e5_valgrind_asd16
Omicron|16/19 Test #746: e5_valgrind_asd16 ................***Failed    0.67 sec
Omicron|      Start 747: e5_valgrind_asd17
Omicron|17/19 Test #747: e5_valgrind_asd17 ................***Failed    0.67 sec
Omicron|      Start 748: e5_valgrind_asd18
Omicron|18/19 Test #748: e5_valgrind_asd18 ................***Failed    0.67 sec
Omicron|      Start 749: e5_valgrind_asd19
Omicron|19/19 Test #749: e5_valgrind_asd19 ................***Failed    0.70 sec
Omicron|
Omicron|0% tests passed, 19 tests failed out of 19
Omicron|
Omicron|Total Test time (real) =  13.03 sec
Omicron|
Omicron|The following tests FAILED:
Omicron|	731 - e5_valgrind_asd01 (Failed)
Omicron|	732 - e5_valgrind_asd02 (Failed)
Omicron|	733 - e5_valgrind_asd03 (Failed)
Omicron|	734 - e5_valgrind_asd04 (Failed)
Omicron|	735 - e5_valgrind_asd05 (Failed)
Omicron|	736 - e5_valgrind_asd06 (Failed)
Omicron|	737 - e5_valgrind_asd07 (Failed)
Omicron|	738 - e5_valgrind_asd08 (Failed)
Omicron|	739 - e5_valgrind_asd09 (Failed)
Omicron|	740 - e5_valgrind_asd10 (Failed)
Omicron|	741 - e5_valgrind_asd11 (Failed)
Omicron|	742 - e5_valgrind_asd12 (Failed)
Omicron|	743 - e5_valgrind_asd13 (Failed)
Omicron|	744 - e5_valgrind_asd14 (Failed)
Omicron|	745 - e5_valgrind_asd15 (Failed)
Omicron|	746 - e5_valgrind_asd16 (Failed)
Omicron|	747 - e5_valgrind_asd17 (Failed)
Omicron|	748 - e5_valgrind_asd18 (Failed)
Omicron|	749 - e5_valgrind_asd19 (Failed)
Phi|Test project /home/schnorr/ensino/private/junho_e5/Phi-E5/b.e5.junho
Phi|      Start 731: e5_valgrind_asd01
Phi| 1/19 Test #731: e5_valgrind_asd01 ................***Failed    0.60 sec
Phi|      Start 732: e5_valgrind_asd02
Phi| 2/19 Test #732: e5_valgrind_asd02 ................***Failed    0.61 sec
Phi|      Start 733: e5_valgrind_asd03
Phi| 3/19 Test #733: e5_valgrind_asd03 ................***Failed    0.61 sec
Phi|      Start 734: e5_valgrind_asd04
Phi| 4/19 Test #734: e5_valgrind_asd04 ................***Failed    0.65 sec
Phi|      Start 735: e5_valgrind_asd05
Phi| 5/19 Test #735: e5_valgrind_asd05 ................***Failed    0.63 sec
Phi|      Start 736: e5_valgrind_asd06
Phi| 6/19 Test #736: e5_valgrind_asd06 ................***Failed    0.65 sec
Phi|      Start 737: e5_valgrind_asd07
Phi| 7/19 Test #737: e5_valgrind_asd07 ................***Failed    0.60 sec
Phi|      Start 738: e5_valgrind_asd08
Phi| 8/19 Test #738: e5_valgrind_asd08 ................***Failed    0.60 sec
Phi|      Start 739: e5_valgrind_asd09
Phi| 9/19 Test #739: e5_valgrind_asd09 ................***Failed    0.60 sec
Phi|      Start 740: e5_valgrind_asd10
Phi|10/19 Test #740: e5_valgrind_asd10 ................***Failed    0.62 sec
Phi|      Start 741: e5_valgrind_asd11
Phi|11/19 Test #741: e5_valgrind_asd11 ................***Failed    0.62 sec
Phi|      Start 742: e5_valgrind_asd12
Phi|12/19 Test #742: e5_valgrind_asd12 ................***Failed    0.68 sec
Phi|      Start 743: e5_valgrind_asd13
Phi|13/19 Test #743: e5_valgrind_asd13 ................***Failed    0.66 sec
Phi|      Start 744: e5_valgrind_asd14
Phi|14/19 Test #744: e5_valgrind_asd14 ................***Failed    0.81 sec
Phi|      Start 745: e5_valgrind_asd15
Phi|15/19 Test #745: e5_valgrind_asd15 ................***Failed    0.64 sec
Phi|      Start 746: e5_valgrind_asd16
Phi|16/19 Test #746: e5_valgrind_asd16 ................***Failed    0.64 sec
Phi|      Start 747: e5_valgrind_asd17
Phi|17/19 Test #747: e5_valgrind_asd17 ................***Failed    0.64 sec
Phi|      Start 748: e5_valgrind_asd18
Phi|18/19 Test #748: e5_valgrind_asd18 ................***Failed    0.63 sec
Phi|      Start 749: e5_valgrind_asd19
Phi|19/19 Test #749: e5_valgrind_asd19 ................***Failed    0.63 sec
Phi|
Phi|0% tests passed, 19 tests failed out of 19
Phi|
Phi|Total Test time (real) =  12.13 sec
Phi|
Phi|The following tests FAILED:
Phi|	731 - e5_valgrind_asd01 (Failed)
Phi|	732 - e5_valgrind_asd02 (Failed)
Phi|	733 - e5_valgrind_asd03 (Failed)
Phi|	734 - e5_valgrind_asd04 (Failed)
Phi|	735 - e5_valgrind_asd05 (Failed)
Phi|	736 - e5_valgrind_asd06 (Failed)
Phi|	737 - e5_valgrind_asd07 (Failed)
Phi|	738 - e5_valgrind_asd08 (Failed)
Phi|	739 - e5_valgrind_asd09 (Failed)
Phi|	740 - e5_valgrind_asd10 (Failed)
Phi|	741 - e5_valgrind_asd11 (Failed)
Phi|	742 - e5_valgrind_asd12 (Failed)
Phi|	743 - e5_valgrind_asd13 (Failed)
Phi|	744 - e5_valgrind_asd14 (Failed)
Phi|	745 - e5_valgrind_asd15 (Failed)
Phi|	746 - e5_valgrind_asd16 (Failed)
Phi|	747 - e5_valgrind_asd17 (Failed)
Phi|	748 - e5_valgrind_asd18 (Failed)
Phi|	749 - e5_valgrind_asd19 (Failed)
Sigma|Test project /home/schnorr/ensino/private/junho_e5/Sigma-E5/b.e5.junho
Sigma|      Start 731: e5_valgrind_asd01
Sigma| 1/19 Test #731: e5_valgrind_asd01 ................***Failed    0.63 sec
Sigma|      Start 732: e5_valgrind_asd02
Sigma| 2/19 Test #732: e5_valgrind_asd02 ................***Failed    0.64 sec
Sigma|      Start 733: e5_valgrind_asd03
Sigma| 3/19 Test #733: e5_valgrind_asd03 ................***Failed    0.63 sec
Sigma|      Start 734: e5_valgrind_asd04
Sigma| 4/19 Test #734: e5_valgrind_asd04 ................***Failed    0.63 sec
Sigma|      Start 735: e5_valgrind_asd05
Sigma| 5/19 Test #735: e5_valgrind_asd05 ................***Failed    0.63 sec
Sigma|      Start 736: e5_valgrind_asd06
Sigma| 6/19 Test #736: e5_valgrind_asd06 ................***Failed    0.63 sec
Sigma|      Start 737: e5_valgrind_asd07
Sigma| 7/19 Test #737: e5_valgrind_asd07 ................***Failed    0.72 sec
Sigma|      Start 738: e5_valgrind_asd08
Sigma| 8/19 Test #738: e5_valgrind_asd08 ................***Failed    0.64 sec
Sigma|      Start 739: e5_valgrind_asd09
Sigma| 9/19 Test #739: e5_valgrind_asd09 ................***Failed    0.64 sec
Sigma|      Start 740: e5_valgrind_asd10
Sigma|10/19 Test #740: e5_valgrind_asd10 ................***Failed    0.65 sec
Sigma|      Start 741: e5_valgrind_asd11
Sigma|11/19 Test #741: e5_valgrind_asd11 ................***Failed    0.63 sec
Sigma|      Start 742: e5_valgrind_asd12
Sigma|12/19 Test #742: e5_valgrind_asd12 ................***Failed    0.66 sec
Sigma|      Start 743: e5_valgrind_asd13
Sigma|13/19 Test #743: e5_valgrind_asd13 ................***Failed    0.68 sec
Sigma|      Start 744: e5_valgrind_asd14
Sigma|14/19 Test #744: e5_valgrind_asd14 ................***Failed    0.65 sec
Sigma|      Start 745: e5_valgrind_asd15
Sigma|15/19 Test #745: e5_valgrind_asd15 ................***Failed    0.64 sec
Sigma|      Start 746: e5_valgrind_asd16
Sigma|16/19 Test #746: e5_valgrind_asd16 ................***Failed    0.63 sec
Sigma|      Start 747: e5_valgrind_asd17
Sigma|17/19 Test #747: e5_valgrind_asd17 ................***Failed    0.67 sec
Sigma|      Start 748: e5_valgrind_asd18
Sigma|18/19 Test #748: e5_valgrind_asd18 ................***Failed    0.64 sec
Sigma|      Start 749: e5_valgrind_asd19
Sigma|19/19 Test #749: e5_valgrind_asd19 ................***Failed    0.61 sec
Sigma|
Sigma|0% tests passed, 19 tests failed out of 19
Sigma|
Sigma|Total Test time (real) =  12.27 sec
Sigma|
Sigma|The following tests FAILED:
Sigma|	731 - e5_valgrind_asd01 (Failed)
Sigma|	732 - e5_valgrind_asd02 (Failed)
Sigma|	733 - e5_valgrind_asd03 (Failed)
Sigma|	734 - e5_valgrind_asd04 (Failed)
Sigma|	735 - e5_valgrind_asd05 (Failed)
Sigma|	736 - e5_valgrind_asd06 (Failed)
Sigma|	737 - e5_valgrind_asd07 (Failed)
Sigma|	738 - e5_valgrind_asd08 (Failed)
Sigma|	739 - e5_valgrind_asd09 (Failed)
Sigma|	740 - e5_valgrind_asd10 (Failed)
Sigma|	741 - e5_valgrind_asd11 (Failed)
Sigma|	742 - e5_valgrind_asd12 (Failed)
Sigma|	743 - e5_valgrind_asd13 (Failed)
Sigma|	744 - e5_valgrind_asd14 (Failed)
Sigma|	745 - e5_valgrind_asd15 (Failed)
Sigma|	746 - e5_valgrind_asd16 (Failed)
Sigma|	747 - e5_valgrind_asd17 (Failed)
Sigma|	748 - e5_valgrind_asd18 (Failed)
Sigma|	749 - e5_valgrind_asd19 (Failed)
