Alpha|Test project /home/schnorr/ensino/private/maio_e4/Alpha-E4/b.e4.maio
Alpha|      Start 467: e4_valgrind_qwe01
Alpha| 1/20 Test #467: e4_valgrind_qwe01 ................***Failed    0.55 sec
Alpha|      Start 468: e4_valgrind_qwe02
Alpha| 2/20 Test #468: e4_valgrind_qwe02 ................   Passed    0.56 sec
Alpha|      Start 469: e4_valgrind_qwe03
Alpha| 3/20 Test #469: e4_valgrind_qwe03 ................***Failed    0.57 sec
Alpha|      Start 470: e4_valgrind_qwe05
Alpha| 4/20 Test #470: e4_valgrind_qwe05 ................***Failed    0.56 sec
Alpha|      Start 471: e4_valgrind_qwe06
Alpha| 5/20 Test #471: e4_valgrind_qwe06 ................   Passed    0.56 sec
Alpha|      Start 472: e4_valgrind_qwe07
Alpha| 6/20 Test #472: e4_valgrind_qwe07 ................***Failed    0.57 sec
Alpha|      Start 473: e4_valgrind_qwe08
Alpha| 7/20 Test #473: e4_valgrind_qwe08 ................***Failed    0.55 sec
Alpha|      Start 474: e4_valgrind_qwe09
Alpha| 8/20 Test #474: e4_valgrind_qwe09 ................***Failed    0.55 sec
Alpha|      Start 475: e4_valgrind_qwe10
Alpha| 9/20 Test #475: e4_valgrind_qwe10 ................***Failed    0.60 sec
Alpha|      Start 476: e4_valgrind_qwe11
Alpha|10/20 Test #476: e4_valgrind_qwe11 ................***Failed    0.57 sec
Alpha|      Start 477: e4_valgrind_qwe12
Alpha|11/20 Test #477: e4_valgrind_qwe12 ................***Failed    0.55 sec
Alpha|      Start 478: e4_valgrind_qwe13
Alpha|12/20 Test #478: e4_valgrind_qwe13 ................***Failed    0.56 sec
Alpha|      Start 479: e4_valgrind_qwe14
Alpha|13/20 Test #479: e4_valgrind_qwe14 ................***Failed    0.57 sec
Alpha|      Start 480: e4_valgrind_qwe15
Alpha|14/20 Test #480: e4_valgrind_qwe15 ................***Failed    0.56 sec
Alpha|      Start 481: e4_valgrind_qwe16
Alpha|15/20 Test #481: e4_valgrind_qwe16 ................***Failed    0.56 sec
Alpha|      Start 482: e4_valgrind_qwe17
Alpha|16/20 Test #482: e4_valgrind_qwe17 ................***Failed    0.56 sec
Alpha|      Start 483: e4_valgrind_qwe18
Alpha|17/20 Test #483: e4_valgrind_qwe18 ................***Failed    0.56 sec
Alpha|      Start 484: e4_valgrind_qwe19
Alpha|18/20 Test #484: e4_valgrind_qwe19 ................***Failed    0.59 sec
Alpha|      Start 485: e4_valgrind_qwe20
Alpha|19/20 Test #485: e4_valgrind_qwe20 ................***Failed    0.56 sec
Alpha|      Start 486: e4_valgrind_qwe21
Alpha|20/20 Test #486: e4_valgrind_qwe21 ................***Failed    0.57 sec
Alpha|
Alpha|10% tests passed, 18 tests failed out of 20
Alpha|
Alpha|Total Test time (real) =  11.31 sec
Alpha|
Alpha|The following tests FAILED:
Alpha|	467 - e4_valgrind_qwe01 (Failed)
Alpha|	469 - e4_valgrind_qwe03 (Failed)
Alpha|	470 - e4_valgrind_qwe05 (Failed)
Alpha|	472 - e4_valgrind_qwe07 (Failed)
Alpha|	473 - e4_valgrind_qwe08 (Failed)
Alpha|	474 - e4_valgrind_qwe09 (Failed)
Alpha|	475 - e4_valgrind_qwe10 (Failed)
Alpha|	476 - e4_valgrind_qwe11 (Failed)
Alpha|	477 - e4_valgrind_qwe12 (Failed)
Alpha|	478 - e4_valgrind_qwe13 (Failed)
Alpha|	479 - e4_valgrind_qwe14 (Failed)
Alpha|	480 - e4_valgrind_qwe15 (Failed)
Alpha|	481 - e4_valgrind_qwe16 (Failed)
Alpha|	482 - e4_valgrind_qwe17 (Failed)
Alpha|	483 - e4_valgrind_qwe18 (Failed)
Alpha|	484 - e4_valgrind_qwe19 (Failed)
Alpha|	485 - e4_valgrind_qwe20 (Failed)
Alpha|	486 - e4_valgrind_qwe21 (Failed)
ast.dot|Test project /home/schnorr/ensino/private
Beta|Test project /home/schnorr/ensino/private/maio_e4/Beta-E4/b.e4.maio
Beta|      Start 467: e4_valgrind_qwe01
Beta| 1/20 Test #467: e4_valgrind_qwe01 ................***Failed    0.57 sec
Beta|      Start 468: e4_valgrind_qwe02
Beta| 2/20 Test #468: e4_valgrind_qwe02 ................   Passed    0.57 sec
Beta|      Start 469: e4_valgrind_qwe03
Beta| 3/20 Test #469: e4_valgrind_qwe03 ................***Failed    0.57 sec
Beta|      Start 470: e4_valgrind_qwe05
Beta| 4/20 Test #470: e4_valgrind_qwe05 ................***Failed    0.58 sec
Beta|      Start 471: e4_valgrind_qwe06
Beta| 5/20 Test #471: e4_valgrind_qwe06 ................   Passed    0.57 sec
Beta|      Start 472: e4_valgrind_qwe07
Beta| 6/20 Test #472: e4_valgrind_qwe07 ................***Failed    0.58 sec
Beta|      Start 473: e4_valgrind_qwe08
Beta| 7/20 Test #473: e4_valgrind_qwe08 ................***Failed    0.57 sec
Beta|      Start 474: e4_valgrind_qwe09
Beta| 8/20 Test #474: e4_valgrind_qwe09 ................***Failed    0.57 sec
Beta|      Start 475: e4_valgrind_qwe10
Beta| 9/20 Test #475: e4_valgrind_qwe10 ................***Failed    0.58 sec
Beta|      Start 476: e4_valgrind_qwe11
Beta|10/20 Test #476: e4_valgrind_qwe11 ................***Failed    0.57 sec
Beta|      Start 477: e4_valgrind_qwe12
Beta|11/20 Test #477: e4_valgrind_qwe12 ................***Failed    0.57 sec
Beta|      Start 478: e4_valgrind_qwe13
Beta|12/20 Test #478: e4_valgrind_qwe13 ................***Failed    0.57 sec
Beta|      Start 479: e4_valgrind_qwe14
Beta|13/20 Test #479: e4_valgrind_qwe14 ................***Failed    0.57 sec
Beta|      Start 480: e4_valgrind_qwe15
Beta|14/20 Test #480: e4_valgrind_qwe15 ................***Failed    0.58 sec
Beta|      Start 481: e4_valgrind_qwe16
Beta|15/20 Test #481: e4_valgrind_qwe16 ................***Failed    0.57 sec
Beta|      Start 482: e4_valgrind_qwe17
Beta|16/20 Test #482: e4_valgrind_qwe17 ................***Failed    0.57 sec
Beta|      Start 483: e4_valgrind_qwe18
Beta|17/20 Test #483: e4_valgrind_qwe18 ................***Failed    0.59 sec
Beta|      Start 484: e4_valgrind_qwe19
Beta|18/20 Test #484: e4_valgrind_qwe19 ................***Failed    0.58 sec
Beta|      Start 485: e4_valgrind_qwe20
Beta|19/20 Test #485: e4_valgrind_qwe20 ................***Failed    0.58 sec
Beta|      Start 486: e4_valgrind_qwe21
Beta|20/20 Test #486: e4_valgrind_qwe21 ................***Failed    0.58 sec
Beta|
Beta|10% tests passed, 18 tests failed out of 20
Beta|
Beta|Total Test time (real) =  11.51 sec
Beta|
Beta|The following tests FAILED:
Beta|	467 - e4_valgrind_qwe01 (Failed)
Beta|	469 - e4_valgrind_qwe03 (Failed)
Beta|	470 - e4_valgrind_qwe05 (Failed)
Beta|	472 - e4_valgrind_qwe07 (Failed)
Beta|	473 - e4_valgrind_qwe08 (Failed)
Beta|	474 - e4_valgrind_qwe09 (Failed)
Beta|	475 - e4_valgrind_qwe10 (Failed)
Beta|	476 - e4_valgrind_qwe11 (Failed)
Beta|	477 - e4_valgrind_qwe12 (Failed)
Beta|	478 - e4_valgrind_qwe13 (Failed)
Beta|	479 - e4_valgrind_qwe14 (Failed)
Beta|	480 - e4_valgrind_qwe15 (Failed)
Beta|	481 - e4_valgrind_qwe16 (Failed)
Beta|	482 - e4_valgrind_qwe17 (Failed)
Beta|	483 - e4_valgrind_qwe18 (Failed)
Beta|	484 - e4_valgrind_qwe19 (Failed)
Beta|	485 - e4_valgrind_qwe20 (Failed)
Beta|	486 - e4_valgrind_qwe21 (Failed)
Delta|Test project /home/schnorr/ensino/private/maio_e4/Delta-E4/b.e4.maio
Delta|      Start 467: e4_valgrind_qwe01
Delta| 1/20 Test #467: e4_valgrind_qwe01 ................***Failed    0.59 sec
Delta|      Start 468: e4_valgrind_qwe02
Delta| 2/20 Test #468: e4_valgrind_qwe02 ................   Passed    0.56 sec
Delta|      Start 469: e4_valgrind_qwe03
Delta| 3/20 Test #469: e4_valgrind_qwe03 ................***Failed    0.58 sec
Delta|      Start 470: e4_valgrind_qwe05
Delta| 4/20 Test #470: e4_valgrind_qwe05 ................***Failed    0.55 sec
Delta|      Start 471: e4_valgrind_qwe06
Delta| 5/20 Test #471: e4_valgrind_qwe06 ................   Passed    0.56 sec
Delta|      Start 472: e4_valgrind_qwe07
Delta| 6/20 Test #472: e4_valgrind_qwe07 ................***Failed    0.56 sec
Delta|      Start 473: e4_valgrind_qwe08
Delta| 7/20 Test #473: e4_valgrind_qwe08 ................***Failed    0.56 sec
Delta|      Start 474: e4_valgrind_qwe09
Delta| 8/20 Test #474: e4_valgrind_qwe09 ................***Failed    0.56 sec
Delta|      Start 475: e4_valgrind_qwe10
Delta| 9/20 Test #475: e4_valgrind_qwe10 ................***Failed    0.58 sec
Delta|      Start 476: e4_valgrind_qwe11
Delta|10/20 Test #476: e4_valgrind_qwe11 ................***Failed    0.58 sec
Delta|      Start 477: e4_valgrind_qwe12
Delta|11/20 Test #477: e4_valgrind_qwe12 ................***Failed    0.56 sec
Delta|      Start 478: e4_valgrind_qwe13
Delta|12/20 Test #478: e4_valgrind_qwe13 ................***Failed    0.56 sec
Delta|      Start 479: e4_valgrind_qwe14
Delta|13/20 Test #479: e4_valgrind_qwe14 ................***Failed    0.56 sec
Delta|      Start 480: e4_valgrind_qwe15
Delta|14/20 Test #480: e4_valgrind_qwe15 ................***Failed    0.57 sec
Delta|      Start 481: e4_valgrind_qwe16
Delta|15/20 Test #481: e4_valgrind_qwe16 ................***Failed    0.56 sec
Delta|      Start 482: e4_valgrind_qwe17
Delta|16/20 Test #482: e4_valgrind_qwe17 ................***Failed    0.57 sec
Delta|      Start 483: e4_valgrind_qwe18
Delta|17/20 Test #483: e4_valgrind_qwe18 ................***Failed    0.56 sec
Delta|      Start 484: e4_valgrind_qwe19
Delta|18/20 Test #484: e4_valgrind_qwe19 ................***Failed    0.56 sec
Delta|      Start 485: e4_valgrind_qwe20
Delta|19/20 Test #485: e4_valgrind_qwe20 ................***Failed    0.55 sec
Delta|      Start 486: e4_valgrind_qwe21
Delta|20/20 Test #486: e4_valgrind_qwe21 ................***Failed    0.56 sec
Delta|
Delta|10% tests passed, 18 tests failed out of 20
Delta|
Delta|Total Test time (real) =  11.29 sec
Delta|
Delta|The following tests FAILED:
Delta|	467 - e4_valgrind_qwe01 (Failed)
Delta|	469 - e4_valgrind_qwe03 (Failed)
Delta|	470 - e4_valgrind_qwe05 (Failed)
Delta|	472 - e4_valgrind_qwe07 (Failed)
Delta|	473 - e4_valgrind_qwe08 (Failed)
Delta|	474 - e4_valgrind_qwe09 (Failed)
Delta|	475 - e4_valgrind_qwe10 (Failed)
Delta|	476 - e4_valgrind_qwe11 (Failed)
Delta|	477 - e4_valgrind_qwe12 (Failed)
Delta|	478 - e4_valgrind_qwe13 (Failed)
Delta|	479 - e4_valgrind_qwe14 (Failed)
Delta|	480 - e4_valgrind_qwe15 (Failed)
Delta|	481 - e4_valgrind_qwe16 (Failed)
Delta|	482 - e4_valgrind_qwe17 (Failed)
Delta|	483 - e4_valgrind_qwe18 (Failed)
Delta|	484 - e4_valgrind_qwe19 (Failed)
Delta|	485 - e4_valgrind_qwe20 (Failed)
Delta|	486 - e4_valgrind_qwe21 (Failed)
e3.dot|Test project /home/schnorr/ensino/private
Epsilon|Test project /home/schnorr/ensino/private/maio_e4/Epsilon-E4/b.e4.maio
Epsilon|      Start 467: e4_valgrind_qwe01
Epsilon| 1/20 Test #467: e4_valgrind_qwe01 ................***Failed    0.57 sec
Epsilon|      Start 468: e4_valgrind_qwe02
Epsilon| 2/20 Test #468: e4_valgrind_qwe02 ................   Passed    0.56 sec
Epsilon|      Start 469: e4_valgrind_qwe03
Epsilon| 3/20 Test #469: e4_valgrind_qwe03 ................***Failed    0.59 sec
Epsilon|      Start 470: e4_valgrind_qwe05
Epsilon| 4/20 Test #470: e4_valgrind_qwe05 ................***Failed    0.56 sec
Epsilon|      Start 471: e4_valgrind_qwe06
Epsilon| 5/20 Test #471: e4_valgrind_qwe06 ................   Passed    0.56 sec
Epsilon|      Start 472: e4_valgrind_qwe07
Epsilon| 6/20 Test #472: e4_valgrind_qwe07 ................***Failed    0.55 sec
Epsilon|      Start 473: e4_valgrind_qwe08
Epsilon| 7/20 Test #473: e4_valgrind_qwe08 ................***Failed    0.56 sec
Epsilon|      Start 474: e4_valgrind_qwe09
Epsilon| 8/20 Test #474: e4_valgrind_qwe09 ................***Failed    0.56 sec
Epsilon|      Start 475: e4_valgrind_qwe10
Epsilon| 9/20 Test #475: e4_valgrind_qwe10 ................***Failed    0.56 sec
Epsilon|      Start 476: e4_valgrind_qwe11
Epsilon|10/20 Test #476: e4_valgrind_qwe11 ................***Failed    0.56 sec
Epsilon|      Start 477: e4_valgrind_qwe12
Epsilon|11/20 Test #477: e4_valgrind_qwe12 ................***Failed    0.56 sec
Epsilon|      Start 478: e4_valgrind_qwe13
Epsilon|12/20 Test #478: e4_valgrind_qwe13 ................***Failed    0.59 sec
Epsilon|      Start 479: e4_valgrind_qwe14
Epsilon|13/20 Test #479: e4_valgrind_qwe14 ................***Failed    0.56 sec
Epsilon|      Start 480: e4_valgrind_qwe15
Epsilon|14/20 Test #480: e4_valgrind_qwe15 ................***Failed    0.56 sec
Epsilon|      Start 481: e4_valgrind_qwe16
Epsilon|15/20 Test #481: e4_valgrind_qwe16 ................***Failed    0.55 sec
Epsilon|      Start 482: e4_valgrind_qwe17
Epsilon|16/20 Test #482: e4_valgrind_qwe17 ................***Failed    0.54 sec
Epsilon|      Start 483: e4_valgrind_qwe18
Epsilon|17/20 Test #483: e4_valgrind_qwe18 ................***Failed    0.56 sec
Epsilon|      Start 484: e4_valgrind_qwe19
Epsilon|18/20 Test #484: e4_valgrind_qwe19 ................***Failed    0.56 sec
Epsilon|      Start 485: e4_valgrind_qwe20
Epsilon|19/20 Test #485: e4_valgrind_qwe20 ................***Failed    0.56 sec
Epsilon|      Start 486: e4_valgrind_qwe21
Epsilon|20/20 Test #486: e4_valgrind_qwe21 ................***Failed    0.57 sec
Epsilon|
Epsilon|10% tests passed, 18 tests failed out of 20
Epsilon|
Epsilon|Total Test time (real) =  11.24 sec
Epsilon|
Epsilon|The following tests FAILED:
Epsilon|	467 - e4_valgrind_qwe01 (Failed)
Epsilon|	469 - e4_valgrind_qwe03 (Failed)
Epsilon|	470 - e4_valgrind_qwe05 (Failed)
Epsilon|	472 - e4_valgrind_qwe07 (Failed)
Epsilon|	473 - e4_valgrind_qwe08 (Failed)
Epsilon|	474 - e4_valgrind_qwe09 (Failed)
Epsilon|	475 - e4_valgrind_qwe10 (Failed)
Epsilon|	476 - e4_valgrind_qwe11 (Failed)
Epsilon|	477 - e4_valgrind_qwe12 (Failed)
Epsilon|	478 - e4_valgrind_qwe13 (Failed)
Epsilon|	479 - e4_valgrind_qwe14 (Failed)
Epsilon|	480 - e4_valgrind_qwe15 (Failed)
Epsilon|	481 - e4_valgrind_qwe16 (Failed)
Epsilon|	482 - e4_valgrind_qwe17 (Failed)
Epsilon|	483 - e4_valgrind_qwe18 (Failed)
Epsilon|	484 - e4_valgrind_qwe19 (Failed)
Epsilon|	485 - e4_valgrind_qwe20 (Failed)
Epsilon|	486 - e4_valgrind_qwe21 (Failed)
Gamma|Test project /home/schnorr/ensino/private/maio_e4/Gamma-E4/b.e4.maio
Gamma|      Start 467: e4_valgrind_qwe01
Gamma| 1/20 Test #467: e4_valgrind_qwe01 ................***Failed    0.58 sec
Gamma|      Start 468: e4_valgrind_qwe02
Gamma| 2/20 Test #468: e4_valgrind_qwe02 ................   Passed    0.58 sec
Gamma|      Start 469: e4_valgrind_qwe03
Gamma| 3/20 Test #469: e4_valgrind_qwe03 ................***Failed    0.59 sec
Gamma|      Start 470: e4_valgrind_qwe05
Gamma| 4/20 Test #470: e4_valgrind_qwe05 ................***Failed    0.58 sec
Gamma|      Start 471: e4_valgrind_qwe06
Gamma| 5/20 Test #471: e4_valgrind_qwe06 ................   Passed    0.57 sec
Gamma|      Start 472: e4_valgrind_qwe07
Gamma| 6/20 Test #472: e4_valgrind_qwe07 ................***Failed    0.58 sec
Gamma|      Start 473: e4_valgrind_qwe08
Gamma| 7/20 Test #473: e4_valgrind_qwe08 ................***Failed    0.57 sec
Gamma|      Start 474: e4_valgrind_qwe09
Gamma| 8/20 Test #474: e4_valgrind_qwe09 ................***Failed    0.57 sec
Gamma|      Start 475: e4_valgrind_qwe10
Gamma| 9/20 Test #475: e4_valgrind_qwe10 ................***Failed    0.58 sec
Gamma|      Start 476: e4_valgrind_qwe11
Gamma|10/20 Test #476: e4_valgrind_qwe11 ................***Failed    0.58 sec
Gamma|      Start 477: e4_valgrind_qwe12
Gamma|11/20 Test #477: e4_valgrind_qwe12 ................***Failed    0.58 sec
Gamma|      Start 478: e4_valgrind_qwe13
Gamma|12/20 Test #478: e4_valgrind_qwe13 ................***Failed    0.58 sec
Gamma|      Start 479: e4_valgrind_qwe14
Gamma|13/20 Test #479: e4_valgrind_qwe14 ................***Failed    0.58 sec
Gamma|      Start 480: e4_valgrind_qwe15
Gamma|14/20 Test #480: e4_valgrind_qwe15 ................***Failed    0.57 sec
Gamma|      Start 481: e4_valgrind_qwe16
Gamma|15/20 Test #481: e4_valgrind_qwe16 ................***Failed    0.57 sec
Gamma|      Start 482: e4_valgrind_qwe17
Gamma|16/20 Test #482: e4_valgrind_qwe17 ................***Failed    0.57 sec
Gamma|      Start 483: e4_valgrind_qwe18
Gamma|17/20 Test #483: e4_valgrind_qwe18 ................***Failed    0.57 sec
Gamma|      Start 484: e4_valgrind_qwe19
Gamma|18/20 Test #484: e4_valgrind_qwe19 ................***Failed    0.57 sec
Gamma|      Start 485: e4_valgrind_qwe20
Gamma|19/20 Test #485: e4_valgrind_qwe20 ................***Failed    0.57 sec
Gamma|      Start 486: e4_valgrind_qwe21
Gamma|20/20 Test #486: e4_valgrind_qwe21 ................***Failed    0.57 sec
Gamma|
Gamma|10% tests passed, 18 tests failed out of 20
Gamma|
Gamma|Total Test time (real) =  11.52 sec
Gamma|
Gamma|The following tests FAILED:
Gamma|	467 - e4_valgrind_qwe01 (Failed)
Gamma|	469 - e4_valgrind_qwe03 (Failed)
Gamma|	470 - e4_valgrind_qwe05 (Failed)
Gamma|	472 - e4_valgrind_qwe07 (Failed)
Gamma|	473 - e4_valgrind_qwe08 (Failed)
Gamma|	474 - e4_valgrind_qwe09 (Failed)
Gamma|	475 - e4_valgrind_qwe10 (Failed)
Gamma|	476 - e4_valgrind_qwe11 (Failed)
Gamma|	477 - e4_valgrind_qwe12 (Failed)
Gamma|	478 - e4_valgrind_qwe13 (Failed)
Gamma|	479 - e4_valgrind_qwe14 (Failed)
Gamma|	480 - e4_valgrind_qwe15 (Failed)
Gamma|	481 - e4_valgrind_qwe16 (Failed)
Gamma|	482 - e4_valgrind_qwe17 (Failed)
Gamma|	483 - e4_valgrind_qwe18 (Failed)
Gamma|	484 - e4_valgrind_qwe19 (Failed)
Gamma|	485 - e4_valgrind_qwe20 (Failed)
Gamma|	486 - e4_valgrind_qwe21 (Failed)
Kappa|Test project /home/schnorr/ensino/private/maio_e4/Kappa-E4/b.e4.maio
Kappa|      Start 467: e4_valgrind_qwe01
Kappa| 1/20 Test #467: e4_valgrind_qwe01 ................   Passed    0.58 sec
Kappa|      Start 468: e4_valgrind_qwe02
Kappa| 2/20 Test #468: e4_valgrind_qwe02 ................***Failed    0.58 sec
Kappa|      Start 469: e4_valgrind_qwe03
Kappa| 3/20 Test #469: e4_valgrind_qwe03 ................   Passed    0.57 sec
Kappa|      Start 470: e4_valgrind_qwe05
Kappa| 4/20 Test #470: e4_valgrind_qwe05 ................   Passed    0.56 sec
Kappa|      Start 471: e4_valgrind_qwe06
Kappa| 5/20 Test #471: e4_valgrind_qwe06 ................***Failed    0.56 sec
Kappa|      Start 472: e4_valgrind_qwe07
Kappa| 6/20 Test #472: e4_valgrind_qwe07 ................   Passed    0.58 sec
Kappa|      Start 473: e4_valgrind_qwe08
Kappa| 7/20 Test #473: e4_valgrind_qwe08 ................***Failed    0.56 sec
Kappa|      Start 474: e4_valgrind_qwe09
Kappa| 8/20 Test #474: e4_valgrind_qwe09 ................***Failed    0.56 sec
Kappa|      Start 475: e4_valgrind_qwe10
Kappa| 9/20 Test #475: e4_valgrind_qwe10 ................   Passed    0.58 sec
Kappa|      Start 476: e4_valgrind_qwe11
Kappa|10/20 Test #476: e4_valgrind_qwe11 ................***Failed    0.56 sec
Kappa|      Start 477: e4_valgrind_qwe12
Kappa|11/20 Test #477: e4_valgrind_qwe12 ................***Failed    0.56 sec
Kappa|      Start 478: e4_valgrind_qwe13
Kappa|12/20 Test #478: e4_valgrind_qwe13 ................***Failed    0.57 sec
Kappa|      Start 479: e4_valgrind_qwe14
Kappa|13/20 Test #479: e4_valgrind_qwe14 ................***Failed    0.57 sec
Kappa|      Start 480: e4_valgrind_qwe15
Kappa|14/20 Test #480: e4_valgrind_qwe15 ................***Failed    0.57 sec
Kappa|      Start 481: e4_valgrind_qwe16
Kappa|15/20 Test #481: e4_valgrind_qwe16 ................***Failed    0.56 sec
Kappa|      Start 482: e4_valgrind_qwe17
Kappa|16/20 Test #482: e4_valgrind_qwe17 ................***Failed    0.57 sec
Kappa|      Start 483: e4_valgrind_qwe18
Kappa|17/20 Test #483: e4_valgrind_qwe18 ................   Passed    0.57 sec
Kappa|      Start 484: e4_valgrind_qwe19
Kappa|18/20 Test #484: e4_valgrind_qwe19 ................***Failed    0.56 sec
Kappa|      Start 485: e4_valgrind_qwe20
Kappa|19/20 Test #485: e4_valgrind_qwe20 ................***Failed    0.56 sec
Kappa|      Start 486: e4_valgrind_qwe21
Kappa|20/20 Test #486: e4_valgrind_qwe21 ................***Failed    0.56 sec
Kappa|
Kappa|30% tests passed, 14 tests failed out of 20
Kappa|
Kappa|Total Test time (real) =  11.35 sec
Kappa|
Kappa|The following tests FAILED:
Kappa|	468 - e4_valgrind_qwe02 (Failed)
Kappa|	471 - e4_valgrind_qwe06 (Failed)
Kappa|	473 - e4_valgrind_qwe08 (Failed)
Kappa|	474 - e4_valgrind_qwe09 (Failed)
Kappa|	476 - e4_valgrind_qwe11 (Failed)
Kappa|	477 - e4_valgrind_qwe12 (Failed)
Kappa|	478 - e4_valgrind_qwe13 (Failed)
Kappa|	479 - e4_valgrind_qwe14 (Failed)
Kappa|	480 - e4_valgrind_qwe15 (Failed)
Kappa|	481 - e4_valgrind_qwe16 (Failed)
Kappa|	482 - e4_valgrind_qwe17 (Failed)
Kappa|	484 - e4_valgrind_qwe19 (Failed)
Kappa|	485 - e4_valgrind_qwe20 (Failed)
Kappa|	486 - e4_valgrind_qwe21 (Failed)
Lambda|Test project /home/schnorr/ensino/private/maio_e4/Lambda-E4/b.e4.maio
Lambda|      Start 467: e4_valgrind_qwe01
Lambda| 1/20 Test #467: e4_valgrind_qwe01 ................***Failed    0.57 sec
Lambda|      Start 468: e4_valgrind_qwe02
Lambda| 2/20 Test #468: e4_valgrind_qwe02 ................   Passed    0.56 sec
Lambda|      Start 469: e4_valgrind_qwe03
Lambda| 3/20 Test #469: e4_valgrind_qwe03 ................***Failed    0.57 sec
Lambda|      Start 470: e4_valgrind_qwe05
Lambda| 4/20 Test #470: e4_valgrind_qwe05 ................***Failed    0.57 sec
Lambda|      Start 471: e4_valgrind_qwe06
Lambda| 5/20 Test #471: e4_valgrind_qwe06 ................   Passed    0.56 sec
Lambda|      Start 472: e4_valgrind_qwe07
Lambda| 6/20 Test #472: e4_valgrind_qwe07 ................***Failed    0.59 sec
Lambda|      Start 473: e4_valgrind_qwe08
Lambda| 7/20 Test #473: e4_valgrind_qwe08 ................***Failed    0.57 sec
Lambda|      Start 474: e4_valgrind_qwe09
Lambda| 8/20 Test #474: e4_valgrind_qwe09 ................***Failed    0.56 sec
Lambda|      Start 475: e4_valgrind_qwe10
Lambda| 9/20 Test #475: e4_valgrind_qwe10 ................***Failed    0.57 sec
Lambda|      Start 476: e4_valgrind_qwe11
Lambda|10/20 Test #476: e4_valgrind_qwe11 ................***Failed    0.56 sec
Lambda|      Start 477: e4_valgrind_qwe12
Lambda|11/20 Test #477: e4_valgrind_qwe12 ................***Failed    0.56 sec
Lambda|      Start 478: e4_valgrind_qwe13
Lambda|12/20 Test #478: e4_valgrind_qwe13 ................***Failed    0.56 sec
Lambda|      Start 479: e4_valgrind_qwe14
Lambda|13/20 Test #479: e4_valgrind_qwe14 ................***Failed    0.56 sec
Lambda|      Start 480: e4_valgrind_qwe15
Lambda|14/20 Test #480: e4_valgrind_qwe15 ................***Failed    0.57 sec
Lambda|      Start 481: e4_valgrind_qwe16
Lambda|15/20 Test #481: e4_valgrind_qwe16 ................***Failed    0.60 sec
Lambda|      Start 482: e4_valgrind_qwe17
Lambda|16/20 Test #482: e4_valgrind_qwe17 ................***Failed    0.57 sec
Lambda|      Start 483: e4_valgrind_qwe18
Lambda|17/20 Test #483: e4_valgrind_qwe18 ................***Failed    0.56 sec
Lambda|      Start 484: e4_valgrind_qwe19
Lambda|18/20 Test #484: e4_valgrind_qwe19 ................***Failed    0.58 sec
Lambda|      Start 485: e4_valgrind_qwe20
Lambda|19/20 Test #485: e4_valgrind_qwe20 ................***Failed    0.57 sec
Lambda|      Start 486: e4_valgrind_qwe21
Lambda|20/20 Test #486: e4_valgrind_qwe21 ................***Failed    0.57 sec
Lambda|
Lambda|10% tests passed, 18 tests failed out of 20
Lambda|
Lambda|Total Test time (real) =  11.41 sec
Lambda|
Lambda|The following tests FAILED:
Lambda|	467 - e4_valgrind_qwe01 (Failed)
Lambda|	469 - e4_valgrind_qwe03 (Failed)
Lambda|	470 - e4_valgrind_qwe05 (Failed)
Lambda|	472 - e4_valgrind_qwe07 (Failed)
Lambda|	473 - e4_valgrind_qwe08 (Failed)
Lambda|	474 - e4_valgrind_qwe09 (Failed)
Lambda|	475 - e4_valgrind_qwe10 (Failed)
Lambda|	476 - e4_valgrind_qwe11 (Failed)
Lambda|	477 - e4_valgrind_qwe12 (Failed)
Lambda|	478 - e4_valgrind_qwe13 (Failed)
Lambda|	479 - e4_valgrind_qwe14 (Failed)
Lambda|	480 - e4_valgrind_qwe15 (Failed)
Lambda|	481 - e4_valgrind_qwe16 (Failed)
Lambda|	482 - e4_valgrind_qwe17 (Failed)
Lambda|	483 - e4_valgrind_qwe18 (Failed)
Lambda|	484 - e4_valgrind_qwe19 (Failed)
Lambda|	485 - e4_valgrind_qwe20 (Failed)
Lambda|	486 - e4_valgrind_qwe21 (Failed)
Nu|Test project /home/schnorr/ensino/private/maio_e4/Nu-E4/b.e4.maio
Nu|      Start 467: e4_valgrind_qwe01
Nu| 1/20 Test #467: e4_valgrind_qwe01 ................***Failed    0.58 sec
Nu|      Start 468: e4_valgrind_qwe02
Nu| 2/20 Test #468: e4_valgrind_qwe02 ................   Passed    0.56 sec
Nu|      Start 469: e4_valgrind_qwe03
Nu| 3/20 Test #469: e4_valgrind_qwe03 ................***Failed    0.58 sec
Nu|      Start 470: e4_valgrind_qwe05
Nu| 4/20 Test #470: e4_valgrind_qwe05 ................***Failed    0.57 sec
Nu|      Start 471: e4_valgrind_qwe06
Nu| 5/20 Test #471: e4_valgrind_qwe06 ................   Passed    0.56 sec
Nu|      Start 472: e4_valgrind_qwe07
Nu| 6/20 Test #472: e4_valgrind_qwe07 ................***Failed    0.56 sec
Nu|      Start 473: e4_valgrind_qwe08
Nu| 7/20 Test #473: e4_valgrind_qwe08 ................***Failed    0.57 sec
Nu|      Start 474: e4_valgrind_qwe09
Nu| 8/20 Test #474: e4_valgrind_qwe09 ................***Failed    0.56 sec
Nu|      Start 475: e4_valgrind_qwe10
Nu| 9/20 Test #475: e4_valgrind_qwe10 ................***Failed    0.57 sec
Nu|      Start 476: e4_valgrind_qwe11
Nu|10/20 Test #476: e4_valgrind_qwe11 ................***Failed    0.56 sec
Nu|      Start 477: e4_valgrind_qwe12
Nu|11/20 Test #477: e4_valgrind_qwe12 ................***Failed    0.56 sec
Nu|      Start 478: e4_valgrind_qwe13
Nu|12/20 Test #478: e4_valgrind_qwe13 ................***Failed    0.56 sec
Nu|      Start 479: e4_valgrind_qwe14
Nu|13/20 Test #479: e4_valgrind_qwe14 ................***Failed    0.58 sec
Nu|      Start 480: e4_valgrind_qwe15
Nu|14/20 Test #480: e4_valgrind_qwe15 ................***Failed    0.57 sec
Nu|      Start 481: e4_valgrind_qwe16
Nu|15/20 Test #481: e4_valgrind_qwe16 ................***Failed    0.56 sec
Nu|      Start 482: e4_valgrind_qwe17
Nu|16/20 Test #482: e4_valgrind_qwe17 ................***Failed    0.56 sec
Nu|      Start 483: e4_valgrind_qwe18
Nu|17/20 Test #483: e4_valgrind_qwe18 ................***Failed    0.57 sec
Nu|      Start 484: e4_valgrind_qwe19
Nu|18/20 Test #484: e4_valgrind_qwe19 ................***Failed    0.57 sec
Nu|      Start 485: e4_valgrind_qwe20
Nu|19/20 Test #485: e4_valgrind_qwe20 ................***Failed    0.56 sec
Nu|      Start 486: e4_valgrind_qwe21
Nu|20/20 Test #486: e4_valgrind_qwe21 ................***Failed    0.57 sec
Nu|
Nu|10% tests passed, 18 tests failed out of 20
Nu|
Nu|Total Test time (real) =  11.34 sec
Nu|
Nu|The following tests FAILED:
Nu|	467 - e4_valgrind_qwe01 (Failed)
Nu|	469 - e4_valgrind_qwe03 (Failed)
Nu|	470 - e4_valgrind_qwe05 (Failed)
Nu|	472 - e4_valgrind_qwe07 (Failed)
Nu|	473 - e4_valgrind_qwe08 (Failed)
Nu|	474 - e4_valgrind_qwe09 (Failed)
Nu|	475 - e4_valgrind_qwe10 (Failed)
Nu|	476 - e4_valgrind_qwe11 (Failed)
Nu|	477 - e4_valgrind_qwe12 (Failed)
Nu|	478 - e4_valgrind_qwe13 (Failed)
Nu|	479 - e4_valgrind_qwe14 (Failed)
Nu|	480 - e4_valgrind_qwe15 (Failed)
Nu|	481 - e4_valgrind_qwe16 (Failed)
Nu|	482 - e4_valgrind_qwe17 (Failed)
Nu|	483 - e4_valgrind_qwe18 (Failed)
Nu|	484 - e4_valgrind_qwe19 (Failed)
Nu|	485 - e4_valgrind_qwe20 (Failed)
Nu|	486 - e4_valgrind_qwe21 (Failed)
Omega|Test project /home/schnorr/ensino/private/maio_e4/Omega-E4/b.e4.maio
Omega|      Start 467: e4_valgrind_qwe01
Omega| 1/20 Test #467: e4_valgrind_qwe01 ................***Failed    0.57 sec
Omega|      Start 468: e4_valgrind_qwe02
Omega| 2/20 Test #468: e4_valgrind_qwe02 ................   Passed    0.57 sec
Omega|      Start 469: e4_valgrind_qwe03
Omega| 3/20 Test #469: e4_valgrind_qwe03 ................***Failed    0.57 sec
Omega|      Start 470: e4_valgrind_qwe05
Omega| 4/20 Test #470: e4_valgrind_qwe05 ................***Failed    0.56 sec
Omega|      Start 471: e4_valgrind_qwe06
Omega| 5/20 Test #471: e4_valgrind_qwe06 ................   Passed    0.57 sec
Omega|      Start 472: e4_valgrind_qwe07
Omega| 6/20 Test #472: e4_valgrind_qwe07 ................***Failed    0.56 sec
Omega|      Start 473: e4_valgrind_qwe08
Omega| 7/20 Test #473: e4_valgrind_qwe08 ................***Failed    0.56 sec
Omega|      Start 474: e4_valgrind_qwe09
Omega| 8/20 Test #474: e4_valgrind_qwe09 ................***Failed    0.57 sec
Omega|      Start 475: e4_valgrind_qwe10
Omega| 9/20 Test #475: e4_valgrind_qwe10 ................***Failed    0.56 sec
Omega|      Start 476: e4_valgrind_qwe11
Omega|10/20 Test #476: e4_valgrind_qwe11 ................***Failed    0.57 sec
Omega|      Start 477: e4_valgrind_qwe12
Omega|11/20 Test #477: e4_valgrind_qwe12 ................***Failed    0.59 sec
Omega|      Start 478: e4_valgrind_qwe13
Omega|12/20 Test #478: e4_valgrind_qwe13 ................***Failed    0.57 sec
Omega|      Start 479: e4_valgrind_qwe14
Omega|13/20 Test #479: e4_valgrind_qwe14 ................***Failed    0.57 sec
Omega|      Start 480: e4_valgrind_qwe15
Omega|14/20 Test #480: e4_valgrind_qwe15 ................***Failed    0.57 sec
Omega|      Start 481: e4_valgrind_qwe16
Omega|15/20 Test #481: e4_valgrind_qwe16 ................***Failed    0.56 sec
Omega|      Start 482: e4_valgrind_qwe17
Omega|16/20 Test #482: e4_valgrind_qwe17 ................***Failed    0.57 sec
Omega|      Start 483: e4_valgrind_qwe18
Omega|17/20 Test #483: e4_valgrind_qwe18 ................***Failed    0.57 sec
Omega|      Start 484: e4_valgrind_qwe19
Omega|18/20 Test #484: e4_valgrind_qwe19 ................***Failed    0.57 sec
Omega|      Start 485: e4_valgrind_qwe20
Omega|19/20 Test #485: e4_valgrind_qwe20 ................***Failed    0.57 sec
Omega|      Start 486: e4_valgrind_qwe21
Omega|20/20 Test #486: e4_valgrind_qwe21 ................***Failed    0.60 sec
Omega|
Omega|10% tests passed, 18 tests failed out of 20
Omega|
Omega|Total Test time (real) =  11.39 sec
Omega|
Omega|The following tests FAILED:
Omega|	467 - e4_valgrind_qwe01 (Failed)
Omega|	469 - e4_valgrind_qwe03 (Failed)
Omega|	470 - e4_valgrind_qwe05 (Failed)
Omega|	472 - e4_valgrind_qwe07 (Failed)
Omega|	473 - e4_valgrind_qwe08 (Failed)
Omega|	474 - e4_valgrind_qwe09 (Failed)
Omega|	475 - e4_valgrind_qwe10 (Failed)
Omega|	476 - e4_valgrind_qwe11 (Failed)
Omega|	477 - e4_valgrind_qwe12 (Failed)
Omega|	478 - e4_valgrind_qwe13 (Failed)
Omega|	479 - e4_valgrind_qwe14 (Failed)
Omega|	480 - e4_valgrind_qwe15 (Failed)
Omega|	481 - e4_valgrind_qwe16 (Failed)
Omega|	482 - e4_valgrind_qwe17 (Failed)
Omega|	483 - e4_valgrind_qwe18 (Failed)
Omega|	484 - e4_valgrind_qwe19 (Failed)
Omega|	485 - e4_valgrind_qwe20 (Failed)
Omega|	486 - e4_valgrind_qwe21 (Failed)
Omicron|Test project /home/schnorr/ensino/private/maio_e4/Omicron-E4/b.e4.maio
Omicron|      Start 467: e4_valgrind_qwe01
Omicron| 1/20 Test #467: e4_valgrind_qwe01 ................***Failed    0.63 sec
Omicron|      Start 468: e4_valgrind_qwe02
Omicron| 2/20 Test #468: e4_valgrind_qwe02 ................***Failed    0.61 sec
Omicron|      Start 469: e4_valgrind_qwe03
Omicron| 3/20 Test #469: e4_valgrind_qwe03 ................***Failed    0.62 sec
Omicron|      Start 470: e4_valgrind_qwe05
Omicron| 4/20 Test #470: e4_valgrind_qwe05 ................***Failed    0.65 sec
Omicron|      Start 471: e4_valgrind_qwe06
Omicron| 5/20 Test #471: e4_valgrind_qwe06 ................   Passed    0.60 sec
Omicron|      Start 472: e4_valgrind_qwe07
Omicron| 6/20 Test #472: e4_valgrind_qwe07 ................   Passed    0.61 sec
Omicron|      Start 473: e4_valgrind_qwe08
Omicron| 7/20 Test #473: e4_valgrind_qwe08 ................***Failed    0.60 sec
Omicron|      Start 474: e4_valgrind_qwe09
Omicron| 8/20 Test #474: e4_valgrind_qwe09 ................***Failed    0.68 sec
Omicron|      Start 475: e4_valgrind_qwe10
Omicron| 9/20 Test #475: e4_valgrind_qwe10 ................***Failed    0.62 sec
Omicron|      Start 476: e4_valgrind_qwe11
Omicron|10/20 Test #476: e4_valgrind_qwe11 ................***Failed    0.66 sec
Omicron|      Start 477: e4_valgrind_qwe12
Omicron|11/20 Test #477: e4_valgrind_qwe12 ................***Failed    0.60 sec
Omicron|      Start 478: e4_valgrind_qwe13
Omicron|12/20 Test #478: e4_valgrind_qwe13 ................***Failed    0.67 sec
Omicron|      Start 479: e4_valgrind_qwe14
Omicron|13/20 Test #479: e4_valgrind_qwe14 ................***Failed    0.61 sec
Omicron|      Start 480: e4_valgrind_qwe15
Omicron|14/20 Test #480: e4_valgrind_qwe15 ................***Failed    0.66 sec
Omicron|      Start 481: e4_valgrind_qwe16
Omicron|15/20 Test #481: e4_valgrind_qwe16 ................***Failed    0.65 sec
Omicron|      Start 482: e4_valgrind_qwe17
Omicron|16/20 Test #482: e4_valgrind_qwe17 ................***Failed    0.68 sec
Omicron|      Start 483: e4_valgrind_qwe18
Omicron|17/20 Test #483: e4_valgrind_qwe18 ................***Failed    0.66 sec
Omicron|      Start 484: e4_valgrind_qwe19
Omicron|18/20 Test #484: e4_valgrind_qwe19 ................***Failed    0.66 sec
Omicron|      Start 485: e4_valgrind_qwe20
Omicron|19/20 Test #485: e4_valgrind_qwe20 ................***Failed    0.66 sec
Omicron|      Start 486: e4_valgrind_qwe21
Omicron|20/20 Test #486: e4_valgrind_qwe21 ................***Failed    0.66 sec
Omicron|
Omicron|10% tests passed, 18 tests failed out of 20
Omicron|
Omicron|Total Test time (real) =  12.81 sec
Omicron|
Omicron|The following tests FAILED:
Omicron|	467 - e4_valgrind_qwe01 (Failed)
Omicron|	468 - e4_valgrind_qwe02 (Failed)
Omicron|	469 - e4_valgrind_qwe03 (Failed)
Omicron|	470 - e4_valgrind_qwe05 (Failed)
Omicron|	473 - e4_valgrind_qwe08 (Failed)
Omicron|	474 - e4_valgrind_qwe09 (Failed)
Omicron|	475 - e4_valgrind_qwe10 (Failed)
Omicron|	476 - e4_valgrind_qwe11 (Failed)
Omicron|	477 - e4_valgrind_qwe12 (Failed)
Omicron|	478 - e4_valgrind_qwe13 (Failed)
Omicron|	479 - e4_valgrind_qwe14 (Failed)
Omicron|	480 - e4_valgrind_qwe15 (Failed)
Omicron|	481 - e4_valgrind_qwe16 (Failed)
Omicron|	482 - e4_valgrind_qwe17 (Failed)
Omicron|	483 - e4_valgrind_qwe18 (Failed)
Omicron|	484 - e4_valgrind_qwe19 (Failed)
Omicron|	485 - e4_valgrind_qwe20 (Failed)
Omicron|	486 - e4_valgrind_qwe21 (Failed)
Phi|Test project /home/schnorr/ensino/private/maio_e4/Phi-E4/b.e4.maio
Phi|      Start 467: e4_valgrind_qwe01
Phi| 1/20 Test #467: e4_valgrind_qwe01 ................***Failed    0.58 sec
Phi|      Start 468: e4_valgrind_qwe02
Phi| 2/20 Test #468: e4_valgrind_qwe02 ................   Passed    0.57 sec
Phi|      Start 469: e4_valgrind_qwe03
Phi| 3/20 Test #469: e4_valgrind_qwe03 ................***Failed    0.57 sec
Phi|      Start 470: e4_valgrind_qwe05
Phi| 4/20 Test #470: e4_valgrind_qwe05 ................***Failed    0.58 sec
Phi|      Start 471: e4_valgrind_qwe06
Phi| 5/20 Test #471: e4_valgrind_qwe06 ................   Passed    0.56 sec
Phi|      Start 472: e4_valgrind_qwe07
Phi| 6/20 Test #472: e4_valgrind_qwe07 ................***Failed    0.58 sec
Phi|      Start 473: e4_valgrind_qwe08
Phi| 7/20 Test #473: e4_valgrind_qwe08 ................***Failed    0.56 sec
Phi|      Start 474: e4_valgrind_qwe09
Phi| 8/20 Test #474: e4_valgrind_qwe09 ................***Failed    0.56 sec
Phi|      Start 475: e4_valgrind_qwe10
Phi| 9/20 Test #475: e4_valgrind_qwe10 ................***Failed    0.58 sec
Phi|      Start 476: e4_valgrind_qwe11
Phi|10/20 Test #476: e4_valgrind_qwe11 ................***Failed    0.57 sec
Phi|      Start 477: e4_valgrind_qwe12
Phi|11/20 Test #477: e4_valgrind_qwe12 ................***Failed    0.57 sec
Phi|      Start 478: e4_valgrind_qwe13
Phi|12/20 Test #478: e4_valgrind_qwe13 ................***Failed    0.57 sec
Phi|      Start 479: e4_valgrind_qwe14
Phi|13/20 Test #479: e4_valgrind_qwe14 ................***Failed    0.56 sec
Phi|      Start 480: e4_valgrind_qwe15
Phi|14/20 Test #480: e4_valgrind_qwe15 ................***Failed    0.57 sec
Phi|      Start 481: e4_valgrind_qwe16
Phi|15/20 Test #481: e4_valgrind_qwe16 ................***Failed    0.56 sec
Phi|      Start 482: e4_valgrind_qwe17
Phi|16/20 Test #482: e4_valgrind_qwe17 ................***Failed    0.57 sec
Phi|      Start 483: e4_valgrind_qwe18
Phi|17/20 Test #483: e4_valgrind_qwe18 ................***Failed    0.59 sec
Phi|      Start 484: e4_valgrind_qwe19
Phi|18/20 Test #484: e4_valgrind_qwe19 ................***Failed    0.57 sec
Phi|      Start 485: e4_valgrind_qwe20
Phi|19/20 Test #485: e4_valgrind_qwe20 ................***Failed    0.57 sec
Phi|      Start 486: e4_valgrind_qwe21
Phi|20/20 Test #486: e4_valgrind_qwe21 ................***Failed    0.58 sec
Phi|
Phi|10% tests passed, 18 tests failed out of 20
Phi|
Phi|Total Test time (real) =  11.43 sec
Phi|
Phi|The following tests FAILED:
Phi|	467 - e4_valgrind_qwe01 (Failed)
Phi|	469 - e4_valgrind_qwe03 (Failed)
Phi|	470 - e4_valgrind_qwe05 (Failed)
Phi|	472 - e4_valgrind_qwe07 (Failed)
Phi|	473 - e4_valgrind_qwe08 (Failed)
Phi|	474 - e4_valgrind_qwe09 (Failed)
Phi|	475 - e4_valgrind_qwe10 (Failed)
Phi|	476 - e4_valgrind_qwe11 (Failed)
Phi|	477 - e4_valgrind_qwe12 (Failed)
Phi|	478 - e4_valgrind_qwe13 (Failed)
Phi|	479 - e4_valgrind_qwe14 (Failed)
Phi|	480 - e4_valgrind_qwe15 (Failed)
Phi|	481 - e4_valgrind_qwe16 (Failed)
Phi|	482 - e4_valgrind_qwe17 (Failed)
Phi|	483 - e4_valgrind_qwe18 (Failed)
Phi|	484 - e4_valgrind_qwe19 (Failed)
Phi|	485 - e4_valgrind_qwe20 (Failed)
Phi|	486 - e4_valgrind_qwe21 (Failed)
program|Test project /home/schnorr/ensino/private
saida.dot|Test project /home/schnorr/ensino/private
Sigma|Test project /home/schnorr/ensino/private/maio_e4/Sigma-E4/b.e4.maio
Sigma|      Start 467: e4_valgrind_qwe01
Sigma| 1/20 Test #467: e4_valgrind_qwe01 ................***Failed    0.58 sec
Sigma|      Start 468: e4_valgrind_qwe02
Sigma| 2/20 Test #468: e4_valgrind_qwe02 ................   Passed    0.56 sec
Sigma|      Start 469: e4_valgrind_qwe03
Sigma| 3/20 Test #469: e4_valgrind_qwe03 ................***Failed    0.58 sec
Sigma|      Start 470: e4_valgrind_qwe05
Sigma| 4/20 Test #470: e4_valgrind_qwe05 ................***Failed    0.57 sec
Sigma|      Start 471: e4_valgrind_qwe06
Sigma| 5/20 Test #471: e4_valgrind_qwe06 ................   Passed    0.57 sec
Sigma|      Start 472: e4_valgrind_qwe07
Sigma| 6/20 Test #472: e4_valgrind_qwe07 ................***Failed    0.58 sec
Sigma|      Start 473: e4_valgrind_qwe08
Sigma| 7/20 Test #473: e4_valgrind_qwe08 ................***Failed    0.56 sec
Sigma|      Start 474: e4_valgrind_qwe09
Sigma| 8/20 Test #474: e4_valgrind_qwe09 ................***Failed    0.57 sec
Sigma|      Start 475: e4_valgrind_qwe10
Sigma| 9/20 Test #475: e4_valgrind_qwe10 ................***Failed    0.57 sec
Sigma|      Start 476: e4_valgrind_qwe11
Sigma|10/20 Test #476: e4_valgrind_qwe11 ................***Failed    0.56 sec
Sigma|      Start 477: e4_valgrind_qwe12
Sigma|11/20 Test #477: e4_valgrind_qwe12 ................***Failed    0.57 sec
Sigma|      Start 478: e4_valgrind_qwe13
Sigma|12/20 Test #478: e4_valgrind_qwe13 ................***Failed    0.56 sec
Sigma|      Start 479: e4_valgrind_qwe14
Sigma|13/20 Test #479: e4_valgrind_qwe14 ................***Failed    0.57 sec
Sigma|      Start 480: e4_valgrind_qwe15
Sigma|14/20 Test #480: e4_valgrind_qwe15 ................***Failed    0.56 sec
Sigma|      Start 481: e4_valgrind_qwe16
Sigma|15/20 Test #481: e4_valgrind_qwe16 ................***Failed    0.57 sec
Sigma|      Start 482: e4_valgrind_qwe17
Sigma|16/20 Test #482: e4_valgrind_qwe17 ................***Failed    0.56 sec
Sigma|      Start 483: e4_valgrind_qwe18
Sigma|17/20 Test #483: e4_valgrind_qwe18 ................***Failed    0.58 sec
Sigma|      Start 484: e4_valgrind_qwe19
Sigma|18/20 Test #484: e4_valgrind_qwe19 ................***Failed    0.60 sec
Sigma|      Start 485: e4_valgrind_qwe20
Sigma|19/20 Test #485: e4_valgrind_qwe20 ................***Failed    0.57 sec
Sigma|      Start 486: e4_valgrind_qwe21
Sigma|20/20 Test #486: e4_valgrind_qwe21 ................***Failed    0.57 sec
Sigma|
Sigma|10% tests passed, 18 tests failed out of 20
Sigma|
Sigma|Total Test time (real) =  11.43 sec
Sigma|
Sigma|The following tests FAILED:
Sigma|	467 - e4_valgrind_qwe01 (Failed)
Sigma|	469 - e4_valgrind_qwe03 (Failed)
Sigma|	470 - e4_valgrind_qwe05 (Failed)
Sigma|	472 - e4_valgrind_qwe07 (Failed)
Sigma|	473 - e4_valgrind_qwe08 (Failed)
Sigma|	474 - e4_valgrind_qwe09 (Failed)
Sigma|	475 - e4_valgrind_qwe10 (Failed)
Sigma|	476 - e4_valgrind_qwe11 (Failed)
Sigma|	477 - e4_valgrind_qwe12 (Failed)
Sigma|	478 - e4_valgrind_qwe13 (Failed)
Sigma|	479 - e4_valgrind_qwe14 (Failed)
Sigma|	480 - e4_valgrind_qwe15 (Failed)
Sigma|	481 - e4_valgrind_qwe16 (Failed)
Sigma|	482 - e4_valgrind_qwe17 (Failed)
Sigma|	483 - e4_valgrind_qwe18 (Failed)
Sigma|	484 - e4_valgrind_qwe19 (Failed)
Sigma|	485 - e4_valgrind_qwe20 (Failed)
Sigma|	486 - e4_valgrind_qwe21 (Failed)
