Alpha|Test project /home/schnorr/ensino/private/maio_e1/Alpha-E1/b.e1.maio
Alpha|      Start  79: e1_valg_001
Alpha| 1/78 Test  #79: e1_valg_001 ......................   Passed    0.55 sec
Alpha|      Start  80: e1_valg_002
Alpha| 2/78 Test  #80: e1_valg_002 ......................   Passed    0.55 sec
Alpha|      Start  81: e1_valg_003
Alpha| 3/78 Test  #81: e1_valg_003 ......................   Passed    0.54 sec
Alpha|      Start  82: e1_valg_004
Alpha| 4/78 Test  #82: e1_valg_004 ......................   Passed    0.55 sec
Alpha|      Start  83: e1_valg_005
Alpha| 5/78 Test  #83: e1_valg_005 ......................   Passed    0.55 sec
Alpha|      Start  84: e1_valg_006
Alpha| 6/78 Test  #84: e1_valg_006 ......................   Passed    0.55 sec
Alpha|      Start  85: e1_valg_007
Alpha| 7/78 Test  #85: e1_valg_007 ......................   Passed    0.55 sec
Alpha|      Start  86: e1_valg_008
Alpha| 8/78 Test  #86: e1_valg_008 ......................   Passed    0.55 sec
Alpha|      Start  87: e1_valg_009
Alpha| 9/78 Test  #87: e1_valg_009 ......................   Passed    0.54 sec
Alpha|      Start  88: e1_valg_010
Alpha|10/78 Test  #88: e1_valg_010 ......................   Passed    0.57 sec
Alpha|      Start  89: e1_valg_011
Alpha|11/78 Test  #89: e1_valg_011 ......................   Passed    0.56 sec
Alpha|      Start  90: e1_valg_012
Alpha|12/78 Test  #90: e1_valg_012 ......................   Passed    0.55 sec
Alpha|      Start  91: e1_valg_013
Alpha|13/78 Test  #91: e1_valg_013 ......................   Passed    0.55 sec
Alpha|      Start  92: e1_valg_014
Alpha|14/78 Test  #92: e1_valg_014 ......................   Passed    0.55 sec
Alpha|      Start  93: e1_valg_015
Alpha|15/78 Test  #93: e1_valg_015 ......................   Passed    0.55 sec
Alpha|      Start  94: e1_valg_016
Alpha|16/78 Test  #94: e1_valg_016 ......................   Passed    0.55 sec
Alpha|      Start  95: e1_valg_017
Alpha|17/78 Test  #95: e1_valg_017 ......................   Passed    0.56 sec
Alpha|      Start  96: e1_valg_018
Alpha|18/78 Test  #96: e1_valg_018 ......................   Passed    0.55 sec
Alpha|      Start  97: e1_valg_019
Alpha|19/78 Test  #97: e1_valg_019 ......................   Passed    0.55 sec
Alpha|      Start  98: e1_valg_020
Alpha|20/78 Test  #98: e1_valg_020 ......................   Passed    0.56 sec
Alpha|      Start  99: e1_valg_021
Alpha|21/78 Test  #99: e1_valg_021 ......................   Passed    0.55 sec
Alpha|      Start 100: e1_valg_022
Alpha|22/78 Test #100: e1_valg_022 ......................   Passed    0.55 sec
Alpha|      Start 101: e1_valg_023
Alpha|23/78 Test #101: e1_valg_023 ......................   Passed    0.55 sec
Alpha|      Start 102: e1_valg_024
Alpha|24/78 Test #102: e1_valg_024 ......................   Passed    0.57 sec
Alpha|      Start 103: e1_valg_025
Alpha|25/78 Test #103: e1_valg_025 ......................   Passed    0.55 sec
Alpha|      Start 104: e1_valg_026
Alpha|26/78 Test #104: e1_valg_026 ......................   Passed    0.55 sec
Alpha|      Start 105: e1_valg_027
Alpha|27/78 Test #105: e1_valg_027 ......................   Passed    0.55 sec
Alpha|      Start 106: e1_valg_028
Alpha|28/78 Test #106: e1_valg_028 ......................   Passed    0.56 sec
Alpha|      Start 107: e1_valg_029
Alpha|29/78 Test #107: e1_valg_029 ......................   Passed    0.55 sec
Alpha|      Start 108: e1_valg_030
Alpha|30/78 Test #108: e1_valg_030 ......................   Passed    0.55 sec
Alpha|      Start 109: e1_valg_031
Alpha|31/78 Test #109: e1_valg_031 ......................   Passed    0.55 sec
Alpha|      Start 110: e1_valg_032
Alpha|32/78 Test #110: e1_valg_032 ......................   Passed    0.57 sec
Alpha|      Start 111: e1_valg_033
Alpha|33/78 Test #111: e1_valg_033 ......................   Passed    0.57 sec
Alpha|      Start 112: e1_valg_034
Alpha|34/78 Test #112: e1_valg_034 ......................   Passed    0.57 sec
Alpha|      Start 113: e1_valg_035
Alpha|35/78 Test #113: e1_valg_035 ......................   Passed    0.56 sec
Alpha|      Start 114: e1_valg_036
Alpha|36/78 Test #114: e1_valg_036 ......................   Passed    0.55 sec
Alpha|      Start 115: e1_valg_037
Alpha|37/78 Test #115: e1_valg_037 ......................   Passed    0.55 sec
Alpha|      Start 116: e1_valg_038
Alpha|38/78 Test #116: e1_valg_038 ......................   Passed    0.56 sec
Alpha|      Start 117: e1_valg_039
Alpha|39/78 Test #117: e1_valg_039 ......................   Passed    0.55 sec
Alpha|      Start 118: e1_valg_040
Alpha|40/78 Test #118: e1_valg_040 ......................   Passed    0.55 sec
Alpha|      Start 119: e1_valg_041
Alpha|41/78 Test #119: e1_valg_041 ......................   Passed    0.55 sec
Alpha|      Start 120: e1_valg_042
Alpha|42/78 Test #120: e1_valg_042 ......................   Passed    0.56 sec
Alpha|      Start 121: e1_valg_043
Alpha|43/78 Test #121: e1_valg_043 ......................   Passed    0.54 sec
Alpha|      Start 122: e1_valg_044
Alpha|44/78 Test #122: e1_valg_044 ......................   Passed    0.55 sec
Alpha|      Start 123: e1_valg_045
Alpha|45/78 Test #123: e1_valg_045 ......................   Passed    0.56 sec
Alpha|      Start 124: e1_valg_046
Alpha|46/78 Test #124: e1_valg_046 ......................   Passed    0.55 sec
Alpha|      Start 125: e1_valg_047
Alpha|47/78 Test #125: e1_valg_047 ......................   Passed    0.57 sec
Alpha|      Start 126: e1_valg_048
Alpha|48/78 Test #126: e1_valg_048 ......................   Passed    0.55 sec
Alpha|      Start 127: e1_valg_049
Alpha|49/78 Test #127: e1_valg_049 ......................   Passed    0.55 sec
Alpha|      Start 128: e1_valg_050
Alpha|50/78 Test #128: e1_valg_050 ......................   Passed    0.55 sec
Alpha|      Start 129: e1_valg_051
Alpha|51/78 Test #129: e1_valg_051 ......................   Passed    0.55 sec
Alpha|      Start 130: e1_valg_052
Alpha|52/78 Test #130: e1_valg_052 ......................   Passed    0.56 sec
Alpha|      Start 131: e1_valg_053
Alpha|53/78 Test #131: e1_valg_053 ......................   Passed    0.55 sec
Alpha|      Start 132: e1_valg_054
Alpha|54/78 Test #132: e1_valg_054 ......................   Passed    0.55 sec
Alpha|      Start 133: e1_valg_055
Alpha|55/78 Test #133: e1_valg_055 ......................   Passed    0.55 sec
Alpha|      Start 134: e1_valg_056
Alpha|56/78 Test #134: e1_valg_056 ......................***Failed    0.55 sec
Alpha|      Start 135: e1_valg_057
Alpha|57/78 Test #135: e1_valg_057 ......................***Failed    0.55 sec
Alpha|      Start 136: e1_valg_058
Alpha|58/78 Test #136: e1_valg_058 ......................***Failed    0.56 sec
Alpha|      Start 137: e1_valg_059
Alpha|59/78 Test #137: e1_valg_059 ......................***Failed    0.56 sec
Alpha|      Start 138: e1_valg_060
Alpha|60/78 Test #138: e1_valg_060 ......................***Failed    0.55 sec
Alpha|      Start 139: e1_valg_061
Alpha|61/78 Test #139: e1_valg_061 ......................***Failed    0.55 sec
Alpha|      Start 140: e1_valg_062
Alpha|62/78 Test #140: e1_valg_062 ......................***Failed    0.55 sec
Alpha|      Start 141: e1_valg_063
Alpha|63/78 Test #141: e1_valg_063 ......................***Failed    0.55 sec
Alpha|      Start 142: e1_valg_064
Alpha|64/78 Test #142: e1_valg_064 ......................***Failed    0.56 sec
Alpha|      Start 143: e1_valg_065
Alpha|65/78 Test #143: e1_valg_065 ......................***Failed    0.57 sec
Alpha|      Start 144: e1_valg_066
Alpha|66/78 Test #144: e1_valg_066 ......................***Failed    0.55 sec
Alpha|      Start 145: e1_valg_067
Alpha|67/78 Test #145: e1_valg_067 ......................   Passed    0.59 sec
Alpha|      Start 146: e1_valg_068
Alpha|68/78 Test #146: e1_valg_068 ......................   Passed    0.58 sec
Alpha|      Start 147: e1_valg_069
Alpha|69/78 Test #147: e1_valg_069 ......................***Failed    0.55 sec
Alpha|      Start 148: e1_valg_070
Alpha|70/78 Test #148: e1_valg_070 ......................***Failed    0.57 sec
Alpha|      Start 149: e1_valg_071
Alpha|71/78 Test #149: e1_valg_071 ......................***Failed    0.54 sec
Alpha|      Start 150: e1_valg_072
Alpha|72/78 Test #150: e1_valg_072 ......................***Failed    0.56 sec
Alpha|      Start 151: e1_valg_073
Alpha|73/78 Test #151: e1_valg_073 ......................***Failed    0.56 sec
Alpha|      Start 152: e1_valg_074
Alpha|74/78 Test #152: e1_valg_074 ......................***Failed    0.56 sec
Alpha|      Start 153: e1_valg_075
Alpha|75/78 Test #153: e1_valg_075 ......................***Failed    0.64 sec
Alpha|      Start 154: e1_valg_076
Alpha|76/78 Test #154: e1_valg_076 ......................***Failed    0.57 sec
Alpha|      Start 155: e1_valg_077
Alpha|77/78 Test #155: e1_valg_077 ......................   Passed    0.55 sec
Alpha|      Start 156: e1_valg_078
Alpha|78/78 Test #156: e1_valg_078 ......................   Passed    0.55 sec
Alpha|
Alpha|76% tests passed, 19 tests failed out of 78
Alpha|
Alpha|Total Test time (real) =  43.50 sec
Alpha|
Alpha|The following tests FAILED:
Alpha|	134 - e1_valg_056 (Failed)
Alpha|	135 - e1_valg_057 (Failed)
Alpha|	136 - e1_valg_058 (Failed)
Alpha|	137 - e1_valg_059 (Failed)
Alpha|	138 - e1_valg_060 (Failed)
Alpha|	139 - e1_valg_061 (Failed)
Alpha|	140 - e1_valg_062 (Failed)
Alpha|	141 - e1_valg_063 (Failed)
Alpha|	142 - e1_valg_064 (Failed)
Alpha|	143 - e1_valg_065 (Failed)
Alpha|	144 - e1_valg_066 (Failed)
Alpha|	147 - e1_valg_069 (Failed)
Alpha|	148 - e1_valg_070 (Failed)
Alpha|	149 - e1_valg_071 (Failed)
Alpha|	150 - e1_valg_072 (Failed)
Alpha|	151 - e1_valg_073 (Failed)
Alpha|	152 - e1_valg_074 (Failed)
Alpha|	153 - e1_valg_075 (Failed)
Alpha|	154 - e1_valg_076 (Failed)
Beta|Test project /home/schnorr/ensino/private/maio_e1/Beta-E1/b.e1.maio
Beta|      Start  79: e1_valg_001
Beta| 1/78 Test  #79: e1_valg_001 ......................   Passed    0.03 sec
Beta|      Start  80: e1_valg_002
Beta| 2/78 Test  #80: e1_valg_002 ......................   Passed    0.04 sec
Beta|      Start  81: e1_valg_003
Beta| 3/78 Test  #81: e1_valg_003 ......................   Passed    0.05 sec
Beta|      Start  82: e1_valg_004
Beta| 4/78 Test  #82: e1_valg_004 ......................   Passed    0.05 sec
Beta|      Start  83: e1_valg_005
Beta| 5/78 Test  #83: e1_valg_005 ......................   Passed    0.04 sec
Beta|      Start  84: e1_valg_006
Beta| 6/78 Test  #84: e1_valg_006 ......................   Passed    0.04 sec
Beta|      Start  85: e1_valg_007
Beta| 7/78 Test  #85: e1_valg_007 ......................   Passed    0.04 sec
Beta|      Start  86: e1_valg_008
Beta| 8/78 Test  #86: e1_valg_008 ......................   Passed    0.05 sec
Beta|      Start  87: e1_valg_009
Beta| 9/78 Test  #87: e1_valg_009 ......................   Passed    0.06 sec
Beta|      Start  88: e1_valg_010
Beta|10/78 Test  #88: e1_valg_010 ......................   Passed    0.05 sec
Beta|      Start  89: e1_valg_011
Beta|11/78 Test  #89: e1_valg_011 ......................   Passed    0.04 sec
Beta|      Start  90: e1_valg_012
Beta|12/78 Test  #90: e1_valg_012 ......................   Passed    0.05 sec
Beta|      Start  91: e1_valg_013
Beta|13/78 Test  #91: e1_valg_013 ......................   Passed    0.04 sec
Beta|      Start  92: e1_valg_014
Beta|14/78 Test  #92: e1_valg_014 ......................   Passed    0.05 sec
Beta|      Start  93: e1_valg_015
Beta|15/78 Test  #93: e1_valg_015 ......................   Passed    0.05 sec
Beta|      Start  94: e1_valg_016
Beta|16/78 Test  #94: e1_valg_016 ......................   Passed    0.05 sec
Beta|      Start  95: e1_valg_017
Beta|17/78 Test  #95: e1_valg_017 ......................   Passed    0.04 sec
Beta|      Start  96: e1_valg_018
Beta|18/78 Test  #96: e1_valg_018 ......................   Passed    0.05 sec
Beta|      Start  97: e1_valg_019
Beta|19/78 Test  #97: e1_valg_019 ......................   Passed    0.05 sec
Beta|      Start  98: e1_valg_020
Beta|20/78 Test  #98: e1_valg_020 ......................   Passed    0.04 sec
Beta|      Start  99: e1_valg_021
Beta|21/78 Test  #99: e1_valg_021 ......................   Passed    0.05 sec
Beta|      Start 100: e1_valg_022
Beta|22/78 Test #100: e1_valg_022 ......................   Passed    0.05 sec
Beta|      Start 101: e1_valg_023
Beta|23/78 Test #101: e1_valg_023 ......................   Passed    0.05 sec
Beta|      Start 102: e1_valg_024
Beta|24/78 Test #102: e1_valg_024 ......................   Passed    0.05 sec
Beta|      Start 103: e1_valg_025
Beta|25/78 Test #103: e1_valg_025 ......................   Passed    0.05 sec
Beta|      Start 104: e1_valg_026
Beta|26/78 Test #104: e1_valg_026 ......................   Passed    0.05 sec
Beta|      Start 105: e1_valg_027
Beta|27/78 Test #105: e1_valg_027 ......................   Passed    0.04 sec
Beta|      Start 106: e1_valg_028
Beta|28/78 Test #106: e1_valg_028 ......................   Passed    0.05 sec
Beta|      Start 107: e1_valg_029
Beta|29/78 Test #107: e1_valg_029 ......................   Passed    0.05 sec
Beta|      Start 108: e1_valg_030
Beta|30/78 Test #108: e1_valg_030 ......................   Passed    0.04 sec
Beta|      Start 109: e1_valg_031
Beta|31/78 Test #109: e1_valg_031 ......................   Passed    0.04 sec
Beta|      Start 110: e1_valg_032
Beta|32/78 Test #110: e1_valg_032 ......................   Passed    0.05 sec
Beta|      Start 111: e1_valg_033
Beta|33/78 Test #111: e1_valg_033 ......................   Passed    0.04 sec
Beta|      Start 112: e1_valg_034
Beta|34/78 Test #112: e1_valg_034 ......................   Passed    0.05 sec
Beta|      Start 113: e1_valg_035
Beta|35/78 Test #113: e1_valg_035 ......................   Passed    0.05 sec
Beta|      Start 114: e1_valg_036
Beta|36/78 Test #114: e1_valg_036 ......................   Passed    0.04 sec
Beta|      Start 115: e1_valg_037
Beta|37/78 Test #115: e1_valg_037 ......................   Passed    0.05 sec
Beta|      Start 116: e1_valg_038
Beta|38/78 Test #116: e1_valg_038 ......................   Passed    0.05 sec
Beta|      Start 117: e1_valg_039
Beta|39/78 Test #117: e1_valg_039 ......................   Passed    0.05 sec
Beta|      Start 118: e1_valg_040
Beta|40/78 Test #118: e1_valg_040 ......................   Passed    0.04 sec
Beta|      Start 119: e1_valg_041
Beta|41/78 Test #119: e1_valg_041 ......................   Passed    0.04 sec
Beta|      Start 120: e1_valg_042
Beta|42/78 Test #120: e1_valg_042 ......................   Passed    0.04 sec
Beta|      Start 121: e1_valg_043
Beta|43/78 Test #121: e1_valg_043 ......................   Passed    0.04 sec
Beta|      Start 122: e1_valg_044
Beta|44/78 Test #122: e1_valg_044 ......................   Passed    0.05 sec
Beta|      Start 123: e1_valg_045
Beta|45/78 Test #123: e1_valg_045 ......................   Passed    0.05 sec
Beta|      Start 124: e1_valg_046
Beta|46/78 Test #124: e1_valg_046 ......................   Passed    0.04 sec
Beta|      Start 125: e1_valg_047
Beta|47/78 Test #125: e1_valg_047 ......................   Passed    0.07 sec
Beta|      Start 126: e1_valg_048
Beta|48/78 Test #126: e1_valg_048 ......................   Passed    0.04 sec
Beta|      Start 127: e1_valg_049
Beta|49/78 Test #127: e1_valg_049 ......................   Passed    0.04 sec
Beta|      Start 128: e1_valg_050
Beta|50/78 Test #128: e1_valg_050 ......................   Passed    0.05 sec
Beta|      Start 129: e1_valg_051
Beta|51/78 Test #129: e1_valg_051 ......................   Passed    0.05 sec
Beta|      Start 130: e1_valg_052
Beta|52/78 Test #130: e1_valg_052 ......................   Passed    0.05 sec
Beta|      Start 131: e1_valg_053
Beta|53/78 Test #131: e1_valg_053 ......................   Passed    0.05 sec
Beta|      Start 132: e1_valg_054
Beta|54/78 Test #132: e1_valg_054 ......................   Passed    0.05 sec
Beta|      Start 133: e1_valg_055
Beta|55/78 Test #133: e1_valg_055 ......................   Passed    0.05 sec
Beta|      Start 134: e1_valg_056
Beta|56/78 Test #134: e1_valg_056 ......................   Passed    0.06 sec
Beta|      Start 135: e1_valg_057
Beta|57/78 Test #135: e1_valg_057 ......................   Passed    0.05 sec
Beta|      Start 136: e1_valg_058
Beta|58/78 Test #136: e1_valg_058 ......................   Passed    0.05 sec
Beta|      Start 137: e1_valg_059
Beta|59/78 Test #137: e1_valg_059 ......................   Passed    0.06 sec
Beta|      Start 138: e1_valg_060
Beta|60/78 Test #138: e1_valg_060 ......................   Passed    0.05 sec
Beta|      Start 139: e1_valg_061
Beta|61/78 Test #139: e1_valg_061 ......................   Passed    0.04 sec
Beta|      Start 140: e1_valg_062
Beta|62/78 Test #140: e1_valg_062 ......................   Passed    0.04 sec
Beta|      Start 141: e1_valg_063
Beta|63/78 Test #141: e1_valg_063 ......................   Passed    0.05 sec
Beta|      Start 142: e1_valg_064
Beta|64/78 Test #142: e1_valg_064 ......................   Passed    0.04 sec
Beta|      Start 143: e1_valg_065
Beta|65/78 Test #143: e1_valg_065 ......................   Passed    0.05 sec
Beta|      Start 144: e1_valg_066
Beta|66/78 Test #144: e1_valg_066 ......................   Passed    0.04 sec
Beta|      Start 145: e1_valg_067
Beta|67/78 Test #145: e1_valg_067 ......................   Passed    0.05 sec
Beta|      Start 146: e1_valg_068
Beta|68/78 Test #146: e1_valg_068 ......................   Passed    0.04 sec
Beta|      Start 147: e1_valg_069
Beta|69/78 Test #147: e1_valg_069 ......................   Passed    0.05 sec
Beta|      Start 148: e1_valg_070
Beta|70/78 Test #148: e1_valg_070 ......................   Passed    0.05 sec
Beta|      Start 149: e1_valg_071
Beta|71/78 Test #149: e1_valg_071 ......................   Passed    0.04 sec
Beta|      Start 150: e1_valg_072
Beta|72/78 Test #150: e1_valg_072 ......................   Passed    0.04 sec
Beta|      Start 151: e1_valg_073
Beta|73/78 Test #151: e1_valg_073 ......................   Passed    0.05 sec
Beta|      Start 152: e1_valg_074
Beta|74/78 Test #152: e1_valg_074 ......................   Passed    0.04 sec
Beta|      Start 153: e1_valg_075
Beta|75/78 Test #153: e1_valg_075 ......................   Passed    0.05 sec
Beta|      Start 154: e1_valg_076
Beta|76/78 Test #154: e1_valg_076 ......................   Passed    0.05 sec
Beta|      Start 155: e1_valg_077
Beta|77/78 Test #155: e1_valg_077 ......................   Passed    0.05 sec
Beta|      Start 156: e1_valg_078
Beta|78/78 Test #156: e1_valg_078 ......................   Passed    0.05 sec
Beta|
Beta|100% tests passed, 0 tests failed out of 78
Beta|
Beta|Total Test time (real) =   3.65 sec
Delta|Test project /home/schnorr/ensino/private/maio_e1/Delta-E1/b.e1.maio
Delta|      Start  79: e1_valg_001
Delta| 1/78 Test  #79: e1_valg_001 ......................   Passed    0.55 sec
Delta|      Start  80: e1_valg_002
Delta| 2/78 Test  #80: e1_valg_002 ......................   Passed    0.56 sec
Delta|      Start  81: e1_valg_003
Delta| 3/78 Test  #81: e1_valg_003 ......................   Passed    0.55 sec
Delta|      Start  82: e1_valg_004
Delta| 4/78 Test  #82: e1_valg_004 ......................   Passed    0.54 sec
Delta|      Start  83: e1_valg_005
Delta| 5/78 Test  #83: e1_valg_005 ......................   Passed    0.55 sec
Delta|      Start  84: e1_valg_006
Delta| 6/78 Test  #84: e1_valg_006 ......................   Passed    0.55 sec
Delta|      Start  85: e1_valg_007
Delta| 7/78 Test  #85: e1_valg_007 ......................   Passed    0.55 sec
Delta|      Start  86: e1_valg_008
Delta| 8/78 Test  #86: e1_valg_008 ......................   Passed    0.55 sec
Delta|      Start  87: e1_valg_009
Delta| 9/78 Test  #87: e1_valg_009 ......................   Passed    0.56 sec
Delta|      Start  88: e1_valg_010
Delta|10/78 Test  #88: e1_valg_010 ......................   Passed    0.55 sec
Delta|      Start  89: e1_valg_011
Delta|11/78 Test  #89: e1_valg_011 ......................   Passed    0.56 sec
Delta|      Start  90: e1_valg_012
Delta|12/78 Test  #90: e1_valg_012 ......................   Passed    0.56 sec
Delta|      Start  91: e1_valg_013
Delta|13/78 Test  #91: e1_valg_013 ......................   Passed    0.56 sec
Delta|      Start  92: e1_valg_014
Delta|14/78 Test  #92: e1_valg_014 ......................   Passed    0.56 sec
Delta|      Start  93: e1_valg_015
Delta|15/78 Test  #93: e1_valg_015 ......................   Passed    0.56 sec
Delta|      Start  94: e1_valg_016
Delta|16/78 Test  #94: e1_valg_016 ......................   Passed    0.56 sec
Delta|      Start  95: e1_valg_017
Delta|17/78 Test  #95: e1_valg_017 ......................   Passed    0.55 sec
Delta|      Start  96: e1_valg_018
Delta|18/78 Test  #96: e1_valg_018 ......................   Passed    0.56 sec
Delta|      Start  97: e1_valg_019
Delta|19/78 Test  #97: e1_valg_019 ......................   Passed    0.55 sec
Delta|      Start  98: e1_valg_020
Delta|20/78 Test  #98: e1_valg_020 ......................   Passed    0.56 sec
Delta|      Start  99: e1_valg_021
Delta|21/78 Test  #99: e1_valg_021 ......................   Passed    0.56 sec
Delta|      Start 100: e1_valg_022
Delta|22/78 Test #100: e1_valg_022 ......................   Passed    0.56 sec
Delta|      Start 101: e1_valg_023
Delta|23/78 Test #101: e1_valg_023 ......................   Passed    0.56 sec
Delta|      Start 102: e1_valg_024
Delta|24/78 Test #102: e1_valg_024 ......................   Passed    0.55 sec
Delta|      Start 103: e1_valg_025
Delta|25/78 Test #103: e1_valg_025 ......................   Passed    0.55 sec
Delta|      Start 104: e1_valg_026
Delta|26/78 Test #104: e1_valg_026 ......................   Passed    0.55 sec
Delta|      Start 105: e1_valg_027
Delta|27/78 Test #105: e1_valg_027 ......................   Passed    0.56 sec
Delta|      Start 106: e1_valg_028
Delta|28/78 Test #106: e1_valg_028 ......................   Passed    0.55 sec
Delta|      Start 107: e1_valg_029
Delta|29/78 Test #107: e1_valg_029 ......................   Passed    0.56 sec
Delta|      Start 108: e1_valg_030
Delta|30/78 Test #108: e1_valg_030 ......................   Passed    0.55 sec
Delta|      Start 109: e1_valg_031
Delta|31/78 Test #109: e1_valg_031 ......................   Passed    0.56 sec
Delta|      Start 110: e1_valg_032
Delta|32/78 Test #110: e1_valg_032 ......................   Passed    0.55 sec
Delta|      Start 111: e1_valg_033
Delta|33/78 Test #111: e1_valg_033 ......................   Passed    0.55 sec
Delta|      Start 112: e1_valg_034
Delta|34/78 Test #112: e1_valg_034 ......................   Passed    0.55 sec
Delta|      Start 113: e1_valg_035
Delta|35/78 Test #113: e1_valg_035 ......................   Passed    0.55 sec
Delta|      Start 114: e1_valg_036
Delta|36/78 Test #114: e1_valg_036 ......................   Passed    0.55 sec
Delta|      Start 115: e1_valg_037
Delta|37/78 Test #115: e1_valg_037 ......................   Passed    0.55 sec
Delta|      Start 116: e1_valg_038
Delta|38/78 Test #116: e1_valg_038 ......................   Passed    0.56 sec
Delta|      Start 117: e1_valg_039
Delta|39/78 Test #117: e1_valg_039 ......................   Passed    0.55 sec
Delta|      Start 118: e1_valg_040
Delta|40/78 Test #118: e1_valg_040 ......................   Passed    0.55 sec
Delta|      Start 119: e1_valg_041
Delta|41/78 Test #119: e1_valg_041 ......................   Passed    0.56 sec
Delta|      Start 120: e1_valg_042
Delta|42/78 Test #120: e1_valg_042 ......................   Passed    0.55 sec
Delta|      Start 121: e1_valg_043
Delta|43/78 Test #121: e1_valg_043 ......................   Passed    0.56 sec
Delta|      Start 122: e1_valg_044
Delta|44/78 Test #122: e1_valg_044 ......................   Passed    0.55 sec
Delta|      Start 123: e1_valg_045
Delta|45/78 Test #123: e1_valg_045 ......................   Passed    0.56 sec
Delta|      Start 124: e1_valg_046
Delta|46/78 Test #124: e1_valg_046 ......................   Passed    0.54 sec
Delta|      Start 125: e1_valg_047
Delta|47/78 Test #125: e1_valg_047 ......................   Passed    0.56 sec
Delta|      Start 126: e1_valg_048
Delta|48/78 Test #126: e1_valg_048 ......................   Passed    0.58 sec
Delta|      Start 127: e1_valg_049
Delta|49/78 Test #127: e1_valg_049 ......................   Passed    0.61 sec
Delta|      Start 128: e1_valg_050
Delta|50/78 Test #128: e1_valg_050 ......................   Passed    0.62 sec
Delta|      Start 129: e1_valg_051
Delta|51/78 Test #129: e1_valg_051 ......................   Passed    0.56 sec
Delta|      Start 130: e1_valg_052
Delta|52/78 Test #130: e1_valg_052 ......................   Passed    0.56 sec
Delta|      Start 131: e1_valg_053
Delta|53/78 Test #131: e1_valg_053 ......................   Passed    0.61 sec
Delta|      Start 132: e1_valg_054
Delta|54/78 Test #132: e1_valg_054 ......................   Passed    0.56 sec
Delta|      Start 133: e1_valg_055
Delta|55/78 Test #133: e1_valg_055 ......................   Passed    0.55 sec
Delta|      Start 134: e1_valg_056
Delta|56/78 Test #134: e1_valg_056 ......................   Passed    0.60 sec
Delta|      Start 135: e1_valg_057
Delta|57/78 Test #135: e1_valg_057 ......................   Passed    0.55 sec
Delta|      Start 136: e1_valg_058
Delta|58/78 Test #136: e1_valg_058 ......................   Passed    0.56 sec
Delta|      Start 137: e1_valg_059
Delta|59/78 Test #137: e1_valg_059 ......................   Passed    0.55 sec
Delta|      Start 138: e1_valg_060
Delta|60/78 Test #138: e1_valg_060 ......................   Passed    0.55 sec
Delta|      Start 139: e1_valg_061
Delta|61/78 Test #139: e1_valg_061 ......................   Passed    0.57 sec
Delta|      Start 140: e1_valg_062
Delta|62/78 Test #140: e1_valg_062 ......................   Passed    0.56 sec
Delta|      Start 141: e1_valg_063
Delta|63/78 Test #141: e1_valg_063 ......................   Passed    0.56 sec
Delta|      Start 142: e1_valg_064
Delta|64/78 Test #142: e1_valg_064 ......................   Passed    0.57 sec
Delta|      Start 143: e1_valg_065
Delta|65/78 Test #143: e1_valg_065 ......................   Passed    0.68 sec
Delta|      Start 144: e1_valg_066
Delta|66/78 Test #144: e1_valg_066 ......................   Passed    0.64 sec
Delta|      Start 145: e1_valg_067
Delta|67/78 Test #145: e1_valg_067 ......................   Passed    0.59 sec
Delta|      Start 146: e1_valg_068
Delta|68/78 Test #146: e1_valg_068 ......................   Passed    0.56 sec
Delta|      Start 147: e1_valg_069
Delta|69/78 Test #147: e1_valg_069 ......................   Passed    0.57 sec
Delta|      Start 148: e1_valg_070
Delta|70/78 Test #148: e1_valg_070 ......................   Passed    0.61 sec
Delta|      Start 149: e1_valg_071
Delta|71/78 Test #149: e1_valg_071 ......................   Passed    0.64 sec
Delta|      Start 150: e1_valg_072
Delta|72/78 Test #150: e1_valg_072 ......................   Passed    0.56 sec
Delta|      Start 151: e1_valg_073
Delta|73/78 Test #151: e1_valg_073 ......................   Passed    0.63 sec
Delta|      Start 152: e1_valg_074
Delta|74/78 Test #152: e1_valg_074 ......................   Passed    0.58 sec
Delta|      Start 153: e1_valg_075
Delta|75/78 Test #153: e1_valg_075 ......................   Passed    0.57 sec
Delta|      Start 154: e1_valg_076
Delta|76/78 Test #154: e1_valg_076 ......................   Passed    0.57 sec
Delta|      Start 155: e1_valg_077
Delta|77/78 Test #155: e1_valg_077 ......................   Passed    0.56 sec
Delta|      Start 156: e1_valg_078
Delta|78/78 Test #156: e1_valg_078 ......................   Passed    0.56 sec
Delta|
Delta|100% tests passed, 0 tests failed out of 78
Delta|
Delta|Total Test time (real) =  44.09 sec
Epsilon|Test project /home/schnorr/ensino/private/maio_e1/Epsilon-E1/b.e1.maio
Epsilon|      Start  79: e1_valg_001
Epsilon| 1/78 Test  #79: e1_valg_001 ......................   Passed    0.57 sec
Epsilon|      Start  80: e1_valg_002
Epsilon| 2/78 Test  #80: e1_valg_002 ......................   Passed    0.56 sec
Epsilon|      Start  81: e1_valg_003
Epsilon| 3/78 Test  #81: e1_valg_003 ......................   Passed    0.55 sec
Epsilon|      Start  82: e1_valg_004
Epsilon| 4/78 Test  #82: e1_valg_004 ......................   Passed    0.56 sec
Epsilon|      Start  83: e1_valg_005
Epsilon| 5/78 Test  #83: e1_valg_005 ......................   Passed    0.56 sec
Epsilon|      Start  84: e1_valg_006
Epsilon| 6/78 Test  #84: e1_valg_006 ......................   Passed    0.55 sec
Epsilon|      Start  85: e1_valg_007
Epsilon| 7/78 Test  #85: e1_valg_007 ......................   Passed    0.55 sec
Epsilon|      Start  86: e1_valg_008
Epsilon| 8/78 Test  #86: e1_valg_008 ......................   Passed    0.56 sec
Epsilon|      Start  87: e1_valg_009
Epsilon| 9/78 Test  #87: e1_valg_009 ......................   Passed    0.55 sec
Epsilon|      Start  88: e1_valg_010
Epsilon|10/78 Test  #88: e1_valg_010 ......................   Passed    0.58 sec
Epsilon|      Start  89: e1_valg_011
Epsilon|11/78 Test  #89: e1_valg_011 ......................   Passed    0.56 sec
Epsilon|      Start  90: e1_valg_012
Epsilon|12/78 Test  #90: e1_valg_012 ......................   Passed    0.56 sec
Epsilon|      Start  91: e1_valg_013
Epsilon|13/78 Test  #91: e1_valg_013 ......................   Passed    0.56 sec
Epsilon|      Start  92: e1_valg_014
Epsilon|14/78 Test  #92: e1_valg_014 ......................   Passed    0.58 sec
Epsilon|      Start  93: e1_valg_015
Epsilon|15/78 Test  #93: e1_valg_015 ......................   Passed    0.56 sec
Epsilon|      Start  94: e1_valg_016
Epsilon|16/78 Test  #94: e1_valg_016 ......................   Passed    0.56 sec
Epsilon|      Start  95: e1_valg_017
Epsilon|17/78 Test  #95: e1_valg_017 ......................   Passed    0.56 sec
Epsilon|      Start  96: e1_valg_018
Epsilon|18/78 Test  #96: e1_valg_018 ......................   Passed    0.58 sec
Epsilon|      Start  97: e1_valg_019
Epsilon|19/78 Test  #97: e1_valg_019 ......................   Passed    0.55 sec
Epsilon|      Start  98: e1_valg_020
Epsilon|20/78 Test  #98: e1_valg_020 ......................   Passed    0.56 sec
Epsilon|      Start  99: e1_valg_021
Epsilon|21/78 Test  #99: e1_valg_021 ......................   Passed    0.55 sec
Epsilon|      Start 100: e1_valg_022
Epsilon|22/78 Test #100: e1_valg_022 ......................   Passed    0.57 sec
Epsilon|      Start 101: e1_valg_023
Epsilon|23/78 Test #101: e1_valg_023 ......................   Passed    0.57 sec
Epsilon|      Start 102: e1_valg_024
Epsilon|24/78 Test #102: e1_valg_024 ......................   Passed    0.58 sec
Epsilon|      Start 103: e1_valg_025
Epsilon|25/78 Test #103: e1_valg_025 ......................   Passed    0.57 sec
Epsilon|      Start 104: e1_valg_026
Epsilon|26/78 Test #104: e1_valg_026 ......................   Passed    0.56 sec
Epsilon|      Start 105: e1_valg_027
Epsilon|27/78 Test #105: e1_valg_027 ......................   Passed    0.57 sec
Epsilon|      Start 106: e1_valg_028
Epsilon|28/78 Test #106: e1_valg_028 ......................   Passed    0.60 sec
Epsilon|      Start 107: e1_valg_029
Epsilon|29/78 Test #107: e1_valg_029 ......................   Passed    0.56 sec
Epsilon|      Start 108: e1_valg_030
Epsilon|30/78 Test #108: e1_valg_030 ......................   Passed    0.58 sec
Epsilon|      Start 109: e1_valg_031
Epsilon|31/78 Test #109: e1_valg_031 ......................   Passed    0.58 sec
Epsilon|      Start 110: e1_valg_032
Epsilon|32/78 Test #110: e1_valg_032 ......................   Passed    0.57 sec
Epsilon|      Start 111: e1_valg_033
Epsilon|33/78 Test #111: e1_valg_033 ......................   Passed    0.58 sec
Epsilon|      Start 112: e1_valg_034
Epsilon|34/78 Test #112: e1_valg_034 ......................   Passed    0.56 sec
Epsilon|      Start 113: e1_valg_035
Epsilon|35/78 Test #113: e1_valg_035 ......................   Passed    0.58 sec
Epsilon|      Start 114: e1_valg_036
Epsilon|36/78 Test #114: e1_valg_036 ......................   Passed    0.57 sec
Epsilon|      Start 115: e1_valg_037
Epsilon|37/78 Test #115: e1_valg_037 ......................   Passed    0.63 sec
Epsilon|      Start 116: e1_valg_038
Epsilon|38/78 Test #116: e1_valg_038 ......................   Passed    0.57 sec
Epsilon|      Start 117: e1_valg_039
Epsilon|39/78 Test #117: e1_valg_039 ......................   Passed    0.55 sec
Epsilon|      Start 118: e1_valg_040
Epsilon|40/78 Test #118: e1_valg_040 ......................   Passed    0.56 sec
Epsilon|      Start 119: e1_valg_041
Epsilon|41/78 Test #119: e1_valg_041 ......................   Passed    0.56 sec
Epsilon|      Start 120: e1_valg_042
Epsilon|42/78 Test #120: e1_valg_042 ......................   Passed    0.56 sec
Epsilon|      Start 121: e1_valg_043
Epsilon|43/78 Test #121: e1_valg_043 ......................   Passed    0.55 sec
Epsilon|      Start 122: e1_valg_044
Epsilon|44/78 Test #122: e1_valg_044 ......................   Passed    0.56 sec
Epsilon|      Start 123: e1_valg_045
Epsilon|45/78 Test #123: e1_valg_045 ......................   Passed    0.57 sec
Epsilon|      Start 124: e1_valg_046
Epsilon|46/78 Test #124: e1_valg_046 ......................   Passed    0.58 sec
Epsilon|      Start 125: e1_valg_047
Epsilon|47/78 Test #125: e1_valg_047 ......................   Passed    0.57 sec
Epsilon|      Start 126: e1_valg_048
Epsilon|48/78 Test #126: e1_valg_048 ......................   Passed    0.56 sec
Epsilon|      Start 127: e1_valg_049
Epsilon|49/78 Test #127: e1_valg_049 ......................   Passed    0.56 sec
Epsilon|      Start 128: e1_valg_050
Epsilon|50/78 Test #128: e1_valg_050 ......................   Passed    0.55 sec
Epsilon|      Start 129: e1_valg_051
Epsilon|51/78 Test #129: e1_valg_051 ......................   Passed    0.56 sec
Epsilon|      Start 130: e1_valg_052
Epsilon|52/78 Test #130: e1_valg_052 ......................   Passed    0.56 sec
Epsilon|      Start 131: e1_valg_053
Epsilon|53/78 Test #131: e1_valg_053 ......................   Passed    0.55 sec
Epsilon|      Start 132: e1_valg_054
Epsilon|54/78 Test #132: e1_valg_054 ......................   Passed    0.55 sec
Epsilon|      Start 133: e1_valg_055
Epsilon|55/78 Test #133: e1_valg_055 ......................   Passed    0.58 sec
Epsilon|      Start 134: e1_valg_056
Epsilon|56/78 Test #134: e1_valg_056 ......................***Failed    0.55 sec
Epsilon|      Start 135: e1_valg_057
Epsilon|57/78 Test #135: e1_valg_057 ......................***Failed    0.56 sec
Epsilon|      Start 136: e1_valg_058
Epsilon|58/78 Test #136: e1_valg_058 ......................***Failed    0.58 sec
Epsilon|      Start 137: e1_valg_059
Epsilon|59/78 Test #137: e1_valg_059 ......................***Failed    0.65 sec
Epsilon|      Start 138: e1_valg_060
Epsilon|60/78 Test #138: e1_valg_060 ......................***Failed    0.64 sec
Epsilon|      Start 139: e1_valg_061
Epsilon|61/78 Test #139: e1_valg_061 ......................***Failed    0.57 sec
Epsilon|      Start 140: e1_valg_062
Epsilon|62/78 Test #140: e1_valg_062 ......................***Failed    0.59 sec
Epsilon|      Start 141: e1_valg_063
Epsilon|63/78 Test #141: e1_valg_063 ......................***Failed    0.58 sec
Epsilon|      Start 142: e1_valg_064
Epsilon|64/78 Test #142: e1_valg_064 ......................***Failed    0.62 sec
Epsilon|      Start 143: e1_valg_065
Epsilon|65/78 Test #143: e1_valg_065 ......................***Failed    0.57 sec
Epsilon|      Start 144: e1_valg_066
Epsilon|66/78 Test #144: e1_valg_066 ......................***Failed    0.58 sec
Epsilon|      Start 145: e1_valg_067
Epsilon|67/78 Test #145: e1_valg_067 ......................   Passed    0.57 sec
Epsilon|      Start 146: e1_valg_068
Epsilon|68/78 Test #146: e1_valg_068 ......................   Passed    0.58 sec
Epsilon|      Start 147: e1_valg_069
Epsilon|69/78 Test #147: e1_valg_069 ......................   Passed    0.55 sec
Epsilon|      Start 148: e1_valg_070
Epsilon|70/78 Test #148: e1_valg_070 ......................   Passed    0.58 sec
Epsilon|      Start 149: e1_valg_071
Epsilon|71/78 Test #149: e1_valg_071 ......................   Passed    0.55 sec
Epsilon|      Start 150: e1_valg_072
Epsilon|72/78 Test #150: e1_valg_072 ......................   Passed    0.57 sec
Epsilon|      Start 151: e1_valg_073
Epsilon|73/78 Test #151: e1_valg_073 ......................   Passed    0.57 sec
Epsilon|      Start 152: e1_valg_074
Epsilon|74/78 Test #152: e1_valg_074 ......................***Failed    0.58 sec
Epsilon|      Start 153: e1_valg_075
Epsilon|75/78 Test #153: e1_valg_075 ......................***Failed    0.59 sec
Epsilon|      Start 154: e1_valg_076
Epsilon|76/78 Test #154: e1_valg_076 ......................***Failed    0.59 sec
Epsilon|      Start 155: e1_valg_077
Epsilon|77/78 Test #155: e1_valg_077 ......................   Passed    0.55 sec
Epsilon|      Start 156: e1_valg_078
Epsilon|78/78 Test #156: e1_valg_078 ......................   Passed    0.55 sec
Epsilon|
Epsilon|82% tests passed, 14 tests failed out of 78
Epsilon|
Epsilon|Total Test time (real) =  44.48 sec
Epsilon|
Epsilon|The following tests FAILED:
Epsilon|	134 - e1_valg_056 (Failed)
Epsilon|	135 - e1_valg_057 (Failed)
Epsilon|	136 - e1_valg_058 (Failed)
Epsilon|	137 - e1_valg_059 (Failed)
Epsilon|	138 - e1_valg_060 (Failed)
Epsilon|	139 - e1_valg_061 (Failed)
Epsilon|	140 - e1_valg_062 (Failed)
Epsilon|	141 - e1_valg_063 (Failed)
Epsilon|	142 - e1_valg_064 (Failed)
Epsilon|	143 - e1_valg_065 (Failed)
Epsilon|	144 - e1_valg_066 (Failed)
Epsilon|	152 - e1_valg_074 (Failed)
Epsilon|	153 - e1_valg_075 (Failed)
Epsilon|	154 - e1_valg_076 (Failed)
Gamma|Test project /home/schnorr/ensino/private/maio_e1/Gamma-E1/b.e1.maio
Gamma|      Start  79: e1_valg_001
Gamma| 1/78 Test  #79: e1_valg_001 ......................   Passed    0.57 sec
Gamma|      Start  80: e1_valg_002
Gamma| 2/78 Test  #80: e1_valg_002 ......................   Passed    0.55 sec
Gamma|      Start  81: e1_valg_003
Gamma| 3/78 Test  #81: e1_valg_003 ......................   Passed    0.56 sec
Gamma|      Start  82: e1_valg_004
Gamma| 4/78 Test  #82: e1_valg_004 ......................   Passed    0.59 sec
Gamma|      Start  83: e1_valg_005
Gamma| 5/78 Test  #83: e1_valg_005 ......................   Passed    0.57 sec
Gamma|      Start  84: e1_valg_006
Gamma| 6/78 Test  #84: e1_valg_006 ......................   Passed    0.56 sec
Gamma|      Start  85: e1_valg_007
Gamma| 7/78 Test  #85: e1_valg_007 ......................   Passed    0.56 sec
Gamma|      Start  86: e1_valg_008
Gamma| 8/78 Test  #86: e1_valg_008 ......................   Passed    0.56 sec
Gamma|      Start  87: e1_valg_009
Gamma| 9/78 Test  #87: e1_valg_009 ......................   Passed    0.55 sec
Gamma|      Start  88: e1_valg_010
Gamma|10/78 Test  #88: e1_valg_010 ......................   Passed    0.56 sec
Gamma|      Start  89: e1_valg_011
Gamma|11/78 Test  #89: e1_valg_011 ......................   Passed    0.55 sec
Gamma|      Start  90: e1_valg_012
Gamma|12/78 Test  #90: e1_valg_012 ......................   Passed    0.54 sec
Gamma|      Start  91: e1_valg_013
Gamma|13/78 Test  #91: e1_valg_013 ......................   Passed    0.58 sec
Gamma|      Start  92: e1_valg_014
Gamma|14/78 Test  #92: e1_valg_014 ......................   Passed    0.55 sec
Gamma|      Start  93: e1_valg_015
Gamma|15/78 Test  #93: e1_valg_015 ......................   Passed    0.56 sec
Gamma|      Start  94: e1_valg_016
Gamma|16/78 Test  #94: e1_valg_016 ......................   Passed    0.56 sec
Gamma|      Start  95: e1_valg_017
Gamma|17/78 Test  #95: e1_valg_017 ......................   Passed    0.55 sec
Gamma|      Start  96: e1_valg_018
Gamma|18/78 Test  #96: e1_valg_018 ......................   Passed    0.56 sec
Gamma|      Start  97: e1_valg_019
Gamma|19/78 Test  #97: e1_valg_019 ......................   Passed    0.55 sec
Gamma|      Start  98: e1_valg_020
Gamma|20/78 Test  #98: e1_valg_020 ......................   Passed    0.56 sec
Gamma|      Start  99: e1_valg_021
Gamma|21/78 Test  #99: e1_valg_021 ......................   Passed    0.56 sec
Gamma|      Start 100: e1_valg_022
Gamma|22/78 Test #100: e1_valg_022 ......................   Passed    0.59 sec
Gamma|      Start 101: e1_valg_023
Gamma|23/78 Test #101: e1_valg_023 ......................   Passed    0.56 sec
Gamma|      Start 102: e1_valg_024
Gamma|24/78 Test #102: e1_valg_024 ......................   Passed    0.54 sec
Gamma|      Start 103: e1_valg_025
Gamma|25/78 Test #103: e1_valg_025 ......................   Passed    0.55 sec
Gamma|      Start 104: e1_valg_026
Gamma|26/78 Test #104: e1_valg_026 ......................   Passed    0.55 sec
Gamma|      Start 105: e1_valg_027
Gamma|27/78 Test #105: e1_valg_027 ......................   Passed    0.55 sec
Gamma|      Start 106: e1_valg_028
Gamma|28/78 Test #106: e1_valg_028 ......................   Passed    0.55 sec
Gamma|      Start 107: e1_valg_029
Gamma|29/78 Test #107: e1_valg_029 ......................   Passed    0.55 sec
Gamma|      Start 108: e1_valg_030
Gamma|30/78 Test #108: e1_valg_030 ......................   Passed    0.55 sec
Gamma|      Start 109: e1_valg_031
Gamma|31/78 Test #109: e1_valg_031 ......................   Passed    0.55 sec
Gamma|      Start 110: e1_valg_032
Gamma|32/78 Test #110: e1_valg_032 ......................   Passed    0.57 sec
Gamma|      Start 111: e1_valg_033
Gamma|33/78 Test #111: e1_valg_033 ......................   Passed    0.56 sec
Gamma|      Start 112: e1_valg_034
Gamma|34/78 Test #112: e1_valg_034 ......................   Passed    0.57 sec
Gamma|      Start 113: e1_valg_035
Gamma|35/78 Test #113: e1_valg_035 ......................   Passed    0.55 sec
Gamma|      Start 114: e1_valg_036
Gamma|36/78 Test #114: e1_valg_036 ......................   Passed    0.55 sec
Gamma|      Start 115: e1_valg_037
Gamma|37/78 Test #115: e1_valg_037 ......................   Passed    0.57 sec
Gamma|      Start 116: e1_valg_038
Gamma|38/78 Test #116: e1_valg_038 ......................   Passed    0.56 sec
Gamma|      Start 117: e1_valg_039
Gamma|39/78 Test #117: e1_valg_039 ......................   Passed    0.56 sec
Gamma|      Start 118: e1_valg_040
Gamma|40/78 Test #118: e1_valg_040 ......................   Passed    0.59 sec
Gamma|      Start 119: e1_valg_041
Gamma|41/78 Test #119: e1_valg_041 ......................   Passed    0.57 sec
Gamma|      Start 120: e1_valg_042
Gamma|42/78 Test #120: e1_valg_042 ......................   Passed    0.56 sec
Gamma|      Start 121: e1_valg_043
Gamma|43/78 Test #121: e1_valg_043 ......................   Passed    0.56 sec
Gamma|      Start 122: e1_valg_044
Gamma|44/78 Test #122: e1_valg_044 ......................   Passed    0.55 sec
Gamma|      Start 123: e1_valg_045
Gamma|45/78 Test #123: e1_valg_045 ......................   Passed    0.55 sec
Gamma|      Start 124: e1_valg_046
Gamma|46/78 Test #124: e1_valg_046 ......................   Passed    0.55 sec
Gamma|      Start 125: e1_valg_047
Gamma|47/78 Test #125: e1_valg_047 ......................   Passed    0.56 sec
Gamma|      Start 126: e1_valg_048
Gamma|48/78 Test #126: e1_valg_048 ......................   Passed    0.55 sec
Gamma|      Start 127: e1_valg_049
Gamma|49/78 Test #127: e1_valg_049 ......................   Passed    0.58 sec
Gamma|      Start 128: e1_valg_050
Gamma|50/78 Test #128: e1_valg_050 ......................   Passed    0.56 sec
Gamma|      Start 129: e1_valg_051
Gamma|51/78 Test #129: e1_valg_051 ......................   Passed    0.57 sec
Gamma|      Start 130: e1_valg_052
Gamma|52/78 Test #130: e1_valg_052 ......................   Passed    0.56 sec
Gamma|      Start 131: e1_valg_053
Gamma|53/78 Test #131: e1_valg_053 ......................   Passed    0.57 sec
Gamma|      Start 132: e1_valg_054
Gamma|54/78 Test #132: e1_valg_054 ......................   Passed    0.57 sec
Gamma|      Start 133: e1_valg_055
Gamma|55/78 Test #133: e1_valg_055 ......................   Passed    0.55 sec
Gamma|      Start 134: e1_valg_056
Gamma|56/78 Test #134: e1_valg_056 ......................   Passed    0.55 sec
Gamma|      Start 135: e1_valg_057
Gamma|57/78 Test #135: e1_valg_057 ......................   Passed    0.55 sec
Gamma|      Start 136: e1_valg_058
Gamma|58/78 Test #136: e1_valg_058 ......................   Passed    0.59 sec
Gamma|      Start 137: e1_valg_059
Gamma|59/78 Test #137: e1_valg_059 ......................   Passed    0.58 sec
Gamma|      Start 138: e1_valg_060
Gamma|60/78 Test #138: e1_valg_060 ......................   Passed    0.57 sec
Gamma|      Start 139: e1_valg_061
Gamma|61/78 Test #139: e1_valg_061 ......................   Passed    0.56 sec
Gamma|      Start 140: e1_valg_062
Gamma|62/78 Test #140: e1_valg_062 ......................   Passed    0.57 sec
Gamma|      Start 141: e1_valg_063
Gamma|63/78 Test #141: e1_valg_063 ......................   Passed    0.55 sec
Gamma|      Start 142: e1_valg_064
Gamma|64/78 Test #142: e1_valg_064 ......................   Passed    0.54 sec
Gamma|      Start 143: e1_valg_065
Gamma|65/78 Test #143: e1_valg_065 ......................   Passed    0.56 sec
Gamma|      Start 144: e1_valg_066
Gamma|66/78 Test #144: e1_valg_066 ......................   Passed    0.55 sec
Gamma|      Start 145: e1_valg_067
Gamma|67/78 Test #145: e1_valg_067 ......................   Passed    0.58 sec
Gamma|      Start 146: e1_valg_068
Gamma|68/78 Test #146: e1_valg_068 ......................   Passed    0.55 sec
Gamma|      Start 147: e1_valg_069
Gamma|69/78 Test #147: e1_valg_069 ......................   Passed    0.55 sec
Gamma|      Start 148: e1_valg_070
Gamma|70/78 Test #148: e1_valg_070 ......................   Passed    0.55 sec
Gamma|      Start 149: e1_valg_071
Gamma|71/78 Test #149: e1_valg_071 ......................   Passed    0.55 sec
Gamma|      Start 150: e1_valg_072
Gamma|72/78 Test #150: e1_valg_072 ......................   Passed    0.55 sec
Gamma|      Start 151: e1_valg_073
Gamma|73/78 Test #151: e1_valg_073 ......................   Passed    0.56 sec
Gamma|      Start 152: e1_valg_074
Gamma|74/78 Test #152: e1_valg_074 ......................   Passed    0.55 sec
Gamma|      Start 153: e1_valg_075
Gamma|75/78 Test #153: e1_valg_075 ......................   Passed    0.56 sec
Gamma|      Start 154: e1_valg_076
Gamma|76/78 Test #154: e1_valg_076 ......................   Passed    0.58 sec
Gamma|      Start 155: e1_valg_077
Gamma|77/78 Test #155: e1_valg_077 ......................   Passed    0.55 sec
Gamma|      Start 156: e1_valg_078
Gamma|78/78 Test #156: e1_valg_078 ......................   Passed    0.58 sec
Gamma|
Gamma|100% tests passed, 0 tests failed out of 78
Gamma|
Gamma|Total Test time (real) =  43.70 sec
Kappa|Test project /home/schnorr/ensino/private/maio_e1/Kappa-E1/b.e1.maio
Kappa|      Start  79: e1_valg_001
Kappa| 1/78 Test  #79: e1_valg_001 ......................   Passed    0.58 sec
Kappa|      Start  80: e1_valg_002
Kappa| 2/78 Test  #80: e1_valg_002 ......................   Passed    0.56 sec
Kappa|      Start  81: e1_valg_003
Kappa| 3/78 Test  #81: e1_valg_003 ......................   Passed    0.55 sec
Kappa|      Start  82: e1_valg_004
Kappa| 4/78 Test  #82: e1_valg_004 ......................   Passed    0.57 sec
Kappa|      Start  83: e1_valg_005
Kappa| 5/78 Test  #83: e1_valg_005 ......................   Passed    0.57 sec
Kappa|      Start  84: e1_valg_006
Kappa| 6/78 Test  #84: e1_valg_006 ......................   Passed    0.57 sec
Kappa|      Start  85: e1_valg_007
Kappa| 7/78 Test  #85: e1_valg_007 ......................   Passed    0.59 sec
Kappa|      Start  86: e1_valg_008
Kappa| 8/78 Test  #86: e1_valg_008 ......................   Passed    0.56 sec
Kappa|      Start  87: e1_valg_009
Kappa| 9/78 Test  #87: e1_valg_009 ......................   Passed    0.55 sec
Kappa|      Start  88: e1_valg_010
Kappa|10/78 Test  #88: e1_valg_010 ......................   Passed    0.57 sec
Kappa|      Start  89: e1_valg_011
Kappa|11/78 Test  #89: e1_valg_011 ......................   Passed    0.55 sec
Kappa|      Start  90: e1_valg_012
Kappa|12/78 Test  #90: e1_valg_012 ......................   Passed    0.56 sec
Kappa|      Start  91: e1_valg_013
Kappa|13/78 Test  #91: e1_valg_013 ......................   Passed    0.56 sec
Kappa|      Start  92: e1_valg_014
Kappa|14/78 Test  #92: e1_valg_014 ......................   Passed    0.57 sec
Kappa|      Start  93: e1_valg_015
Kappa|15/78 Test  #93: e1_valg_015 ......................   Passed    0.56 sec
Kappa|      Start  94: e1_valg_016
Kappa|16/78 Test  #94: e1_valg_016 ......................   Passed    0.56 sec
Kappa|      Start  95: e1_valg_017
Kappa|17/78 Test  #95: e1_valg_017 ......................   Passed    0.55 sec
Kappa|      Start  96: e1_valg_018
Kappa|18/78 Test  #96: e1_valg_018 ......................   Passed    0.56 sec
Kappa|      Start  97: e1_valg_019
Kappa|19/78 Test  #97: e1_valg_019 ......................   Passed    0.56 sec
Kappa|      Start  98: e1_valg_020
Kappa|20/78 Test  #98: e1_valg_020 ......................   Passed    0.55 sec
Kappa|      Start  99: e1_valg_021
Kappa|21/78 Test  #99: e1_valg_021 ......................   Passed    0.55 sec
Kappa|      Start 100: e1_valg_022
Kappa|22/78 Test #100: e1_valg_022 ......................   Passed    0.57 sec
Kappa|      Start 101: e1_valg_023
Kappa|23/78 Test #101: e1_valg_023 ......................   Passed    0.56 sec
Kappa|      Start 102: e1_valg_024
Kappa|24/78 Test #102: e1_valg_024 ......................   Passed    0.55 sec
Kappa|      Start 103: e1_valg_025
Kappa|25/78 Test #103: e1_valg_025 ......................   Passed    0.58 sec
Kappa|      Start 104: e1_valg_026
Kappa|26/78 Test #104: e1_valg_026 ......................   Passed    0.56 sec
Kappa|      Start 105: e1_valg_027
Kappa|27/78 Test #105: e1_valg_027 ......................   Passed    0.55 sec
Kappa|      Start 106: e1_valg_028
Kappa|28/78 Test #106: e1_valg_028 ......................   Passed    0.55 sec
Kappa|      Start 107: e1_valg_029
Kappa|29/78 Test #107: e1_valg_029 ......................   Passed    0.56 sec
Kappa|      Start 108: e1_valg_030
Kappa|30/78 Test #108: e1_valg_030 ......................   Passed    0.56 sec
Kappa|      Start 109: e1_valg_031
Kappa|31/78 Test #109: e1_valg_031 ......................   Passed    0.55 sec
Kappa|      Start 110: e1_valg_032
Kappa|32/78 Test #110: e1_valg_032 ......................   Passed    0.56 sec
Kappa|      Start 111: e1_valg_033
Kappa|33/78 Test #111: e1_valg_033 ......................   Passed    0.57 sec
Kappa|      Start 112: e1_valg_034
Kappa|34/78 Test #112: e1_valg_034 ......................   Passed    0.58 sec
Kappa|      Start 113: e1_valg_035
Kappa|35/78 Test #113: e1_valg_035 ......................   Passed    0.57 sec
Kappa|      Start 114: e1_valg_036
Kappa|36/78 Test #114: e1_valg_036 ......................   Passed    0.57 sec
Kappa|      Start 115: e1_valg_037
Kappa|37/78 Test #115: e1_valg_037 ......................   Passed    0.55 sec
Kappa|      Start 116: e1_valg_038
Kappa|38/78 Test #116: e1_valg_038 ......................   Passed    0.56 sec
Kappa|      Start 117: e1_valg_039
Kappa|39/78 Test #117: e1_valg_039 ......................   Passed    0.55 sec
Kappa|      Start 118: e1_valg_040
Kappa|40/78 Test #118: e1_valg_040 ......................   Passed    0.56 sec
Kappa|      Start 119: e1_valg_041
Kappa|41/78 Test #119: e1_valg_041 ......................   Passed    0.60 sec
Kappa|      Start 120: e1_valg_042
Kappa|42/78 Test #120: e1_valg_042 ......................   Passed    0.59 sec
Kappa|      Start 121: e1_valg_043
Kappa|43/78 Test #121: e1_valg_043 ......................   Passed    0.56 sec
Kappa|      Start 122: e1_valg_044
Kappa|44/78 Test #122: e1_valg_044 ......................   Passed    0.55 sec
Kappa|      Start 123: e1_valg_045
Kappa|45/78 Test #123: e1_valg_045 ......................   Passed    0.55 sec
Kappa|      Start 124: e1_valg_046
Kappa|46/78 Test #124: e1_valg_046 ......................   Passed    0.56 sec
Kappa|      Start 125: e1_valg_047
Kappa|47/78 Test #125: e1_valg_047 ......................   Passed    0.59 sec
Kappa|      Start 126: e1_valg_048
Kappa|48/78 Test #126: e1_valg_048 ......................   Passed    0.58 sec
Kappa|      Start 127: e1_valg_049
Kappa|49/78 Test #127: e1_valg_049 ......................   Passed    0.60 sec
Kappa|      Start 128: e1_valg_050
Kappa|50/78 Test #128: e1_valg_050 ......................   Passed    0.60 sec
Kappa|      Start 129: e1_valg_051
Kappa|51/78 Test #129: e1_valg_051 ......................   Passed    0.58 sec
Kappa|      Start 130: e1_valg_052
Kappa|52/78 Test #130: e1_valg_052 ......................   Passed    0.57 sec
Kappa|      Start 131: e1_valg_053
Kappa|53/78 Test #131: e1_valg_053 ......................   Passed    0.60 sec
Kappa|      Start 132: e1_valg_054
Kappa|54/78 Test #132: e1_valg_054 ......................   Passed    0.56 sec
Kappa|      Start 133: e1_valg_055
Kappa|55/78 Test #133: e1_valg_055 ......................   Passed    0.61 sec
Kappa|      Start 134: e1_valg_056
Kappa|56/78 Test #134: e1_valg_056 ......................   Passed    0.60 sec
Kappa|      Start 135: e1_valg_057
Kappa|57/78 Test #135: e1_valg_057 ......................   Passed    0.57 sec
Kappa|      Start 136: e1_valg_058
Kappa|58/78 Test #136: e1_valg_058 ......................   Passed    0.57 sec
Kappa|      Start 137: e1_valg_059
Kappa|59/78 Test #137: e1_valg_059 ......................   Passed    0.57 sec
Kappa|      Start 138: e1_valg_060
Kappa|60/78 Test #138: e1_valg_060 ......................   Passed    0.56 sec
Kappa|      Start 139: e1_valg_061
Kappa|61/78 Test #139: e1_valg_061 ......................   Passed    0.59 sec
Kappa|      Start 140: e1_valg_062
Kappa|62/78 Test #140: e1_valg_062 ......................   Passed    0.57 sec
Kappa|      Start 141: e1_valg_063
Kappa|63/78 Test #141: e1_valg_063 ......................   Passed    0.57 sec
Kappa|      Start 142: e1_valg_064
Kappa|64/78 Test #142: e1_valg_064 ......................   Passed    0.55 sec
Kappa|      Start 143: e1_valg_065
Kappa|65/78 Test #143: e1_valg_065 ......................   Passed    0.55 sec
Kappa|      Start 144: e1_valg_066
Kappa|66/78 Test #144: e1_valg_066 ......................   Passed    0.56 sec
Kappa|      Start 145: e1_valg_067
Kappa|67/78 Test #145: e1_valg_067 ......................   Passed    0.56 sec
Kappa|      Start 146: e1_valg_068
Kappa|68/78 Test #146: e1_valg_068 ......................   Passed    0.56 sec
Kappa|      Start 147: e1_valg_069
Kappa|69/78 Test #147: e1_valg_069 ......................   Passed    0.55 sec
Kappa|      Start 148: e1_valg_070
Kappa|70/78 Test #148: e1_valg_070 ......................   Passed    0.58 sec
Kappa|      Start 149: e1_valg_071
Kappa|71/78 Test #149: e1_valg_071 ......................   Passed    0.56 sec
Kappa|      Start 150: e1_valg_072
Kappa|72/78 Test #150: e1_valg_072 ......................   Passed    0.55 sec
Kappa|      Start 151: e1_valg_073
Kappa|73/78 Test #151: e1_valg_073 ......................   Passed    0.56 sec
Kappa|      Start 152: e1_valg_074
Kappa|74/78 Test #152: e1_valg_074 ......................   Passed    0.55 sec
Kappa|      Start 153: e1_valg_075
Kappa|75/78 Test #153: e1_valg_075 ......................   Passed    0.55 sec
Kappa|      Start 154: e1_valg_076
Kappa|76/78 Test #154: e1_valg_076 ......................   Passed    0.55 sec
Kappa|      Start 155: e1_valg_077
Kappa|77/78 Test #155: e1_valg_077 ......................   Passed    0.55 sec
Kappa|      Start 156: e1_valg_078
Kappa|78/78 Test #156: e1_valg_078 ......................   Passed    0.55 sec
Kappa|
Kappa|100% tests passed, 0 tests failed out of 78
Kappa|
Kappa|Total Test time (real) =  44.16 sec
Lambda|Test project /home/schnorr/ensino/private/maio_e1/Lambda-E1/b.e1.maio
Lambda|      Start  79: e1_valg_001
Lambda| 1/78 Test  #79: e1_valg_001 ......................   Passed    0.56 sec
Lambda|      Start  80: e1_valg_002
Lambda| 2/78 Test  #80: e1_valg_002 ......................   Passed    0.55 sec
Lambda|      Start  81: e1_valg_003
Lambda| 3/78 Test  #81: e1_valg_003 ......................   Passed    0.56 sec
Lambda|      Start  82: e1_valg_004
Lambda| 4/78 Test  #82: e1_valg_004 ......................   Passed    0.55 sec
Lambda|      Start  83: e1_valg_005
Lambda| 5/78 Test  #83: e1_valg_005 ......................   Passed    0.55 sec
Lambda|      Start  84: e1_valg_006
Lambda| 6/78 Test  #84: e1_valg_006 ......................   Passed    0.55 sec
Lambda|      Start  85: e1_valg_007
Lambda| 7/78 Test  #85: e1_valg_007 ......................   Passed    0.56 sec
Lambda|      Start  86: e1_valg_008
Lambda| 8/78 Test  #86: e1_valg_008 ......................   Passed    0.56 sec
Lambda|      Start  87: e1_valg_009
Lambda| 9/78 Test  #87: e1_valg_009 ......................   Passed    0.55 sec
Lambda|      Start  88: e1_valg_010
Lambda|10/78 Test  #88: e1_valg_010 ......................   Passed    0.56 sec
Lambda|      Start  89: e1_valg_011
Lambda|11/78 Test  #89: e1_valg_011 ......................   Passed    0.55 sec
Lambda|      Start  90: e1_valg_012
Lambda|12/78 Test  #90: e1_valg_012 ......................   Passed    0.55 sec
Lambda|      Start  91: e1_valg_013
Lambda|13/78 Test  #91: e1_valg_013 ......................   Passed    0.55 sec
Lambda|      Start  92: e1_valg_014
Lambda|14/78 Test  #92: e1_valg_014 ......................   Passed    0.54 sec
Lambda|      Start  93: e1_valg_015
Lambda|15/78 Test  #93: e1_valg_015 ......................   Passed    0.55 sec
Lambda|      Start  94: e1_valg_016
Lambda|16/78 Test  #94: e1_valg_016 ......................   Passed    0.55 sec
Lambda|      Start  95: e1_valg_017
Lambda|17/78 Test  #95: e1_valg_017 ......................   Passed    0.55 sec
Lambda|      Start  96: e1_valg_018
Lambda|18/78 Test  #96: e1_valg_018 ......................   Passed    0.56 sec
Lambda|      Start  97: e1_valg_019
Lambda|19/78 Test  #97: e1_valg_019 ......................   Passed    0.55 sec
Lambda|      Start  98: e1_valg_020
Lambda|20/78 Test  #98: e1_valg_020 ......................   Passed    0.55 sec
Lambda|      Start  99: e1_valg_021
Lambda|21/78 Test  #99: e1_valg_021 ......................   Passed    0.56 sec
Lambda|      Start 100: e1_valg_022
Lambda|22/78 Test #100: e1_valg_022 ......................   Passed    0.55 sec
Lambda|      Start 101: e1_valg_023
Lambda|23/78 Test #101: e1_valg_023 ......................   Passed    0.55 sec
Lambda|      Start 102: e1_valg_024
Lambda|24/78 Test #102: e1_valg_024 ......................   Passed    0.55 sec
Lambda|      Start 103: e1_valg_025
Lambda|25/78 Test #103: e1_valg_025 ......................   Passed    0.54 sec
Lambda|      Start 104: e1_valg_026
Lambda|26/78 Test #104: e1_valg_026 ......................   Passed    0.56 sec
Lambda|      Start 105: e1_valg_027
Lambda|27/78 Test #105: e1_valg_027 ......................   Passed    0.55 sec
Lambda|      Start 106: e1_valg_028
Lambda|28/78 Test #106: e1_valg_028 ......................   Passed    0.54 sec
Lambda|      Start 107: e1_valg_029
Lambda|29/78 Test #107: e1_valg_029 ......................   Passed    0.54 sec
Lambda|      Start 108: e1_valg_030
Lambda|30/78 Test #108: e1_valg_030 ......................   Passed    0.56 sec
Lambda|      Start 109: e1_valg_031
Lambda|31/78 Test #109: e1_valg_031 ......................   Passed    0.55 sec
Lambda|      Start 110: e1_valg_032
Lambda|32/78 Test #110: e1_valg_032 ......................   Passed    0.56 sec
Lambda|      Start 111: e1_valg_033
Lambda|33/78 Test #111: e1_valg_033 ......................   Passed    0.56 sec
Lambda|      Start 112: e1_valg_034
Lambda|34/78 Test #112: e1_valg_034 ......................   Passed    0.55 sec
Lambda|      Start 113: e1_valg_035
Lambda|35/78 Test #113: e1_valg_035 ......................   Passed    0.55 sec
Lambda|      Start 114: e1_valg_036
Lambda|36/78 Test #114: e1_valg_036 ......................   Passed    0.54 sec
Lambda|      Start 115: e1_valg_037
Lambda|37/78 Test #115: e1_valg_037 ......................   Passed    0.55 sec
Lambda|      Start 116: e1_valg_038
Lambda|38/78 Test #116: e1_valg_038 ......................   Passed    0.55 sec
Lambda|      Start 117: e1_valg_039
Lambda|39/78 Test #117: e1_valg_039 ......................   Passed    0.56 sec
Lambda|      Start 118: e1_valg_040
Lambda|40/78 Test #118: e1_valg_040 ......................   Passed    0.54 sec
Lambda|      Start 119: e1_valg_041
Lambda|41/78 Test #119: e1_valg_041 ......................   Passed    0.55 sec
Lambda|      Start 120: e1_valg_042
Lambda|42/78 Test #120: e1_valg_042 ......................   Passed    0.55 sec
Lambda|      Start 121: e1_valg_043
Lambda|43/78 Test #121: e1_valg_043 ......................   Passed    0.55 sec
Lambda|      Start 122: e1_valg_044
Lambda|44/78 Test #122: e1_valg_044 ......................   Passed    0.54 sec
Lambda|      Start 123: e1_valg_045
Lambda|45/78 Test #123: e1_valg_045 ......................   Passed    0.55 sec
Lambda|      Start 124: e1_valg_046
Lambda|46/78 Test #124: e1_valg_046 ......................   Passed    0.55 sec
Lambda|      Start 125: e1_valg_047
Lambda|47/78 Test #125: e1_valg_047 ......................   Passed    0.57 sec
Lambda|      Start 126: e1_valg_048
Lambda|48/78 Test #126: e1_valg_048 ......................   Passed    0.55 sec
Lambda|      Start 127: e1_valg_049
Lambda|49/78 Test #127: e1_valg_049 ......................   Passed    0.54 sec
Lambda|      Start 128: e1_valg_050
Lambda|50/78 Test #128: e1_valg_050 ......................   Passed    0.55 sec
Lambda|      Start 129: e1_valg_051
Lambda|51/78 Test #129: e1_valg_051 ......................   Passed    0.55 sec
Lambda|      Start 130: e1_valg_052
Lambda|52/78 Test #130: e1_valg_052 ......................   Passed    0.55 sec
Lambda|      Start 131: e1_valg_053
Lambda|53/78 Test #131: e1_valg_053 ......................   Passed    0.55 sec
Lambda|      Start 132: e1_valg_054
Lambda|54/78 Test #132: e1_valg_054 ......................   Passed    0.54 sec
Lambda|      Start 133: e1_valg_055
Lambda|55/78 Test #133: e1_valg_055 ......................   Passed    0.55 sec
Lambda|      Start 134: e1_valg_056
Lambda|56/78 Test #134: e1_valg_056 ......................***Failed    0.56 sec
Lambda|      Start 135: e1_valg_057
Lambda|57/78 Test #135: e1_valg_057 ......................***Failed    0.56 sec
Lambda|      Start 136: e1_valg_058
Lambda|58/78 Test #136: e1_valg_058 ......................***Failed    0.59 sec
Lambda|      Start 137: e1_valg_059
Lambda|59/78 Test #137: e1_valg_059 ......................***Failed    0.56 sec
Lambda|      Start 138: e1_valg_060
Lambda|60/78 Test #138: e1_valg_060 ......................***Failed    0.56 sec
Lambda|      Start 139: e1_valg_061
Lambda|61/78 Test #139: e1_valg_061 ......................***Failed    0.56 sec
Lambda|      Start 140: e1_valg_062
Lambda|62/78 Test #140: e1_valg_062 ......................***Failed    0.55 sec
Lambda|      Start 141: e1_valg_063
Lambda|63/78 Test #141: e1_valg_063 ......................***Failed    0.55 sec
Lambda|      Start 142: e1_valg_064
Lambda|64/78 Test #142: e1_valg_064 ......................***Failed    0.56 sec
Lambda|      Start 143: e1_valg_065
Lambda|65/78 Test #143: e1_valg_065 ......................***Failed    0.56 sec
Lambda|      Start 144: e1_valg_066
Lambda|66/78 Test #144: e1_valg_066 ......................***Failed    0.55 sec
Lambda|      Start 145: e1_valg_067
Lambda|67/78 Test #145: e1_valg_067 ......................   Passed    0.55 sec
Lambda|      Start 146: e1_valg_068
Lambda|68/78 Test #146: e1_valg_068 ......................   Passed    0.55 sec
Lambda|      Start 147: e1_valg_069
Lambda|69/78 Test #147: e1_valg_069 ......................***Failed    0.55 sec
Lambda|      Start 148: e1_valg_070
Lambda|70/78 Test #148: e1_valg_070 ......................***Failed    0.56 sec
Lambda|      Start 149: e1_valg_071
Lambda|71/78 Test #149: e1_valg_071 ......................***Failed    0.56 sec
Lambda|      Start 150: e1_valg_072
Lambda|72/78 Test #150: e1_valg_072 ......................***Failed    0.57 sec
Lambda|      Start 151: e1_valg_073
Lambda|73/78 Test #151: e1_valg_073 ......................***Failed    0.56 sec
Lambda|      Start 152: e1_valg_074
Lambda|74/78 Test #152: e1_valg_074 ......................***Failed    0.56 sec
Lambda|      Start 153: e1_valg_075
Lambda|75/78 Test #153: e1_valg_075 ......................***Failed    0.56 sec
Lambda|      Start 154: e1_valg_076
Lambda|76/78 Test #154: e1_valg_076 ......................***Failed    0.58 sec
Lambda|      Start 155: e1_valg_077
Lambda|77/78 Test #155: e1_valg_077 ......................   Passed    0.58 sec
Lambda|      Start 156: e1_valg_078
Lambda|78/78 Test #156: e1_valg_078 ......................   Passed    0.56 sec
Lambda|
Lambda|76% tests passed, 19 tests failed out of 78
Lambda|
Lambda|Total Test time (real) =  43.22 sec
Lambda|
Lambda|The following tests FAILED:
Lambda|	134 - e1_valg_056 (Failed)
Lambda|	135 - e1_valg_057 (Failed)
Lambda|	136 - e1_valg_058 (Failed)
Lambda|	137 - e1_valg_059 (Failed)
Lambda|	138 - e1_valg_060 (Failed)
Lambda|	139 - e1_valg_061 (Failed)
Lambda|	140 - e1_valg_062 (Failed)
Lambda|	141 - e1_valg_063 (Failed)
Lambda|	142 - e1_valg_064 (Failed)
Lambda|	143 - e1_valg_065 (Failed)
Lambda|	144 - e1_valg_066 (Failed)
Lambda|	147 - e1_valg_069 (Failed)
Lambda|	148 - e1_valg_070 (Failed)
Lambda|	149 - e1_valg_071 (Failed)
Lambda|	150 - e1_valg_072 (Failed)
Lambda|	151 - e1_valg_073 (Failed)
Lambda|	152 - e1_valg_074 (Failed)
Lambda|	153 - e1_valg_075 (Failed)
Lambda|	154 - e1_valg_076 (Failed)
Nu|Test project /home/schnorr/ensino/private/maio_e1/Nu-E1/b.e1.maio
Nu|      Start  79: e1_valg_001
Nu| 1/78 Test  #79: e1_valg_001 ......................   Passed    0.55 sec
Nu|      Start  80: e1_valg_002
Nu| 2/78 Test  #80: e1_valg_002 ......................   Passed    0.56 sec
Nu|      Start  81: e1_valg_003
Nu| 3/78 Test  #81: e1_valg_003 ......................   Passed    0.55 sec
Nu|      Start  82: e1_valg_004
Nu| 4/78 Test  #82: e1_valg_004 ......................   Passed    0.55 sec
Nu|      Start  83: e1_valg_005
Nu| 5/78 Test  #83: e1_valg_005 ......................   Passed    0.55 sec
Nu|      Start  84: e1_valg_006
Nu| 6/78 Test  #84: e1_valg_006 ......................   Passed    0.55 sec
Nu|      Start  85: e1_valg_007
Nu| 7/78 Test  #85: e1_valg_007 ......................   Passed    0.55 sec
Nu|      Start  86: e1_valg_008
Nu| 8/78 Test  #86: e1_valg_008 ......................   Passed    0.56 sec
Nu|      Start  87: e1_valg_009
Nu| 9/78 Test  #87: e1_valg_009 ......................   Passed    0.55 sec
Nu|      Start  88: e1_valg_010
Nu|10/78 Test  #88: e1_valg_010 ......................   Passed    0.55 sec
Nu|      Start  89: e1_valg_011
Nu|11/78 Test  #89: e1_valg_011 ......................   Passed    0.55 sec
Nu|      Start  90: e1_valg_012
Nu|12/78 Test  #90: e1_valg_012 ......................   Passed    0.56 sec
Nu|      Start  91: e1_valg_013
Nu|13/78 Test  #91: e1_valg_013 ......................   Passed    0.56 sec
Nu|      Start  92: e1_valg_014
Nu|14/78 Test  #92: e1_valg_014 ......................   Passed    0.56 sec
Nu|      Start  93: e1_valg_015
Nu|15/78 Test  #93: e1_valg_015 ......................   Passed    0.56 sec
Nu|      Start  94: e1_valg_016
Nu|16/78 Test  #94: e1_valg_016 ......................   Passed    0.58 sec
Nu|      Start  95: e1_valg_017
Nu|17/78 Test  #95: e1_valg_017 ......................   Passed    0.55 sec
Nu|      Start  96: e1_valg_018
Nu|18/78 Test  #96: e1_valg_018 ......................   Passed    0.55 sec
Nu|      Start  97: e1_valg_019
Nu|19/78 Test  #97: e1_valg_019 ......................   Passed    0.55 sec
Nu|      Start  98: e1_valg_020
Nu|20/78 Test  #98: e1_valg_020 ......................   Passed    0.55 sec
Nu|      Start  99: e1_valg_021
Nu|21/78 Test  #99: e1_valg_021 ......................   Passed    0.55 sec
Nu|      Start 100: e1_valg_022
Nu|22/78 Test #100: e1_valg_022 ......................   Passed    0.56 sec
Nu|      Start 101: e1_valg_023
Nu|23/78 Test #101: e1_valg_023 ......................   Passed    0.55 sec
Nu|      Start 102: e1_valg_024
Nu|24/78 Test #102: e1_valg_024 ......................   Passed    0.55 sec
Nu|      Start 103: e1_valg_025
Nu|25/78 Test #103: e1_valg_025 ......................   Passed    0.55 sec
Nu|      Start 104: e1_valg_026
Nu|26/78 Test #104: e1_valg_026 ......................   Passed    0.55 sec
Nu|      Start 105: e1_valg_027
Nu|27/78 Test #105: e1_valg_027 ......................   Passed    0.55 sec
Nu|      Start 106: e1_valg_028
Nu|28/78 Test #106: e1_valg_028 ......................   Passed    0.55 sec
Nu|      Start 107: e1_valg_029
Nu|29/78 Test #107: e1_valg_029 ......................   Passed    0.55 sec
Nu|      Start 108: e1_valg_030
Nu|30/78 Test #108: e1_valg_030 ......................   Passed    0.55 sec
Nu|      Start 109: e1_valg_031
Nu|31/78 Test #109: e1_valg_031 ......................   Passed    0.55 sec
Nu|      Start 110: e1_valg_032
Nu|32/78 Test #110: e1_valg_032 ......................   Passed    0.56 sec
Nu|      Start 111: e1_valg_033
Nu|33/78 Test #111: e1_valg_033 ......................   Passed    0.55 sec
Nu|      Start 112: e1_valg_034
Nu|34/78 Test #112: e1_valg_034 ......................   Passed    0.55 sec
Nu|      Start 113: e1_valg_035
Nu|35/78 Test #113: e1_valg_035 ......................   Passed    0.56 sec
Nu|      Start 114: e1_valg_036
Nu|36/78 Test #114: e1_valg_036 ......................   Passed    0.56 sec
Nu|      Start 115: e1_valg_037
Nu|37/78 Test #115: e1_valg_037 ......................   Passed    0.62 sec
Nu|      Start 116: e1_valg_038
Nu|38/78 Test #116: e1_valg_038 ......................   Passed    0.58 sec
Nu|      Start 117: e1_valg_039
Nu|39/78 Test #117: e1_valg_039 ......................   Passed    0.60 sec
Nu|      Start 118: e1_valg_040
Nu|40/78 Test #118: e1_valg_040 ......................   Passed    0.55 sec
Nu|      Start 119: e1_valg_041
Nu|41/78 Test #119: e1_valg_041 ......................   Passed    0.55 sec
Nu|      Start 120: e1_valg_042
Nu|42/78 Test #120: e1_valg_042 ......................   Passed    0.55 sec
Nu|      Start 121: e1_valg_043
Nu|43/78 Test #121: e1_valg_043 ......................   Passed    0.56 sec
Nu|      Start 122: e1_valg_044
Nu|44/78 Test #122: e1_valg_044 ......................   Passed    0.56 sec
Nu|      Start 123: e1_valg_045
Nu|45/78 Test #123: e1_valg_045 ......................   Passed    0.55 sec
Nu|      Start 124: e1_valg_046
Nu|46/78 Test #124: e1_valg_046 ......................   Passed    0.55 sec
Nu|      Start 125: e1_valg_047
Nu|47/78 Test #125: e1_valg_047 ......................   Passed    0.55 sec
Nu|      Start 126: e1_valg_048
Nu|48/78 Test #126: e1_valg_048 ......................   Passed    0.55 sec
Nu|      Start 127: e1_valg_049
Nu|49/78 Test #127: e1_valg_049 ......................   Passed    0.55 sec
Nu|      Start 128: e1_valg_050
Nu|50/78 Test #128: e1_valg_050 ......................   Passed    0.56 sec
Nu|      Start 129: e1_valg_051
Nu|51/78 Test #129: e1_valg_051 ......................   Passed    0.55 sec
Nu|      Start 130: e1_valg_052
Nu|52/78 Test #130: e1_valg_052 ......................   Passed    0.55 sec
Nu|      Start 131: e1_valg_053
Nu|53/78 Test #131: e1_valg_053 ......................   Passed    0.56 sec
Nu|      Start 132: e1_valg_054
Nu|54/78 Test #132: e1_valg_054 ......................   Passed    0.62 sec
Nu|      Start 133: e1_valg_055
Nu|55/78 Test #133: e1_valg_055 ......................   Passed    0.54 sec
Nu|      Start 134: e1_valg_056
Nu|56/78 Test #134: e1_valg_056 ......................   Passed    0.57 sec
Nu|      Start 135: e1_valg_057
Nu|57/78 Test #135: e1_valg_057 ......................   Passed    0.58 sec
Nu|      Start 136: e1_valg_058
Nu|58/78 Test #136: e1_valg_058 ......................   Passed    0.62 sec
Nu|      Start 137: e1_valg_059
Nu|59/78 Test #137: e1_valg_059 ......................   Passed    0.56 sec
Nu|      Start 138: e1_valg_060
Nu|60/78 Test #138: e1_valg_060 ......................   Passed    0.56 sec
Nu|      Start 139: e1_valg_061
Nu|61/78 Test #139: e1_valg_061 ......................   Passed    0.56 sec
Nu|      Start 140: e1_valg_062
Nu|62/78 Test #140: e1_valg_062 ......................   Passed    0.58 sec
Nu|      Start 141: e1_valg_063
Nu|63/78 Test #141: e1_valg_063 ......................   Passed    0.59 sec
Nu|      Start 142: e1_valg_064
Nu|64/78 Test #142: e1_valg_064 ......................   Passed    0.57 sec
Nu|      Start 143: e1_valg_065
Nu|65/78 Test #143: e1_valg_065 ......................   Passed    0.58 sec
Nu|      Start 144: e1_valg_066
Nu|66/78 Test #144: e1_valg_066 ......................   Passed    0.58 sec
Nu|      Start 145: e1_valg_067
Nu|67/78 Test #145: e1_valg_067 ......................   Passed    0.56 sec
Nu|      Start 146: e1_valg_068
Nu|68/78 Test #146: e1_valg_068 ......................   Passed    0.55 sec
Nu|      Start 147: e1_valg_069
Nu|69/78 Test #147: e1_valg_069 ......................   Passed    0.56 sec
Nu|      Start 148: e1_valg_070
Nu|70/78 Test #148: e1_valg_070 ......................   Passed    0.59 sec
Nu|      Start 149: e1_valg_071
Nu|71/78 Test #149: e1_valg_071 ......................   Passed    0.56 sec
Nu|      Start 150: e1_valg_072
Nu|72/78 Test #150: e1_valg_072 ......................   Passed    0.57 sec
Nu|      Start 151: e1_valg_073
Nu|73/78 Test #151: e1_valg_073 ......................   Passed    0.56 sec
Nu|      Start 152: e1_valg_074
Nu|74/78 Test #152: e1_valg_074 ......................   Passed    0.55 sec
Nu|      Start 153: e1_valg_075
Nu|75/78 Test #153: e1_valg_075 ......................   Passed    0.55 sec
Nu|      Start 154: e1_valg_076
Nu|76/78 Test #154: e1_valg_076 ......................   Passed    0.55 sec
Nu|      Start 155: e1_valg_077
Nu|77/78 Test #155: e1_valg_077 ......................   Passed    0.55 sec
Nu|      Start 156: e1_valg_078
Nu|78/78 Test #156: e1_valg_078 ......................   Passed    0.55 sec
Nu|
Nu|100% tests passed, 0 tests failed out of 78
Nu|
Nu|Total Test time (real) =  43.77 sec
Omega|Test project /home/schnorr/ensino/private/maio_e1/Omega-E1/b.e1.maio
Omega|      Start  79: e1_valg_001
Omega| 1/78 Test  #79: e1_valg_001 ......................   Passed    0.54 sec
Omega|      Start  80: e1_valg_002
Omega| 2/78 Test  #80: e1_valg_002 ......................   Passed    0.55 sec
Omega|      Start  81: e1_valg_003
Omega| 3/78 Test  #81: e1_valg_003 ......................   Passed    0.56 sec
Omega|      Start  82: e1_valg_004
Omega| 4/78 Test  #82: e1_valg_004 ......................   Passed    0.54 sec
Omega|      Start  83: e1_valg_005
Omega| 5/78 Test  #83: e1_valg_005 ......................   Passed    0.55 sec
Omega|      Start  84: e1_valg_006
Omega| 6/78 Test  #84: e1_valg_006 ......................   Passed    0.55 sec
Omega|      Start  85: e1_valg_007
Omega| 7/78 Test  #85: e1_valg_007 ......................   Passed    0.55 sec
Omega|      Start  86: e1_valg_008
Omega| 8/78 Test  #86: e1_valg_008 ......................   Passed    0.55 sec
Omega|      Start  87: e1_valg_009
Omega| 9/78 Test  #87: e1_valg_009 ......................   Passed    0.55 sec
Omega|      Start  88: e1_valg_010
Omega|10/78 Test  #88: e1_valg_010 ......................   Passed    0.56 sec
Omega|      Start  89: e1_valg_011
Omega|11/78 Test  #89: e1_valg_011 ......................   Passed    0.57 sec
Omega|      Start  90: e1_valg_012
Omega|12/78 Test  #90: e1_valg_012 ......................   Passed    0.55 sec
Omega|      Start  91: e1_valg_013
Omega|13/78 Test  #91: e1_valg_013 ......................   Passed    0.55 sec
Omega|      Start  92: e1_valg_014
Omega|14/78 Test  #92: e1_valg_014 ......................   Passed    0.54 sec
Omega|      Start  93: e1_valg_015
Omega|15/78 Test  #93: e1_valg_015 ......................   Passed    0.55 sec
Omega|      Start  94: e1_valg_016
Omega|16/78 Test  #94: e1_valg_016 ......................   Passed    0.58 sec
Omega|      Start  95: e1_valg_017
Omega|17/78 Test  #95: e1_valg_017 ......................   Passed    0.70 sec
Omega|      Start  96: e1_valg_018
Omega|18/78 Test  #96: e1_valg_018 ......................   Passed    0.56 sec
Omega|      Start  97: e1_valg_019
Omega|19/78 Test  #97: e1_valg_019 ......................   Passed    0.55 sec
Omega|      Start  98: e1_valg_020
Omega|20/78 Test  #98: e1_valg_020 ......................   Passed    0.55 sec
Omega|      Start  99: e1_valg_021
Omega|21/78 Test  #99: e1_valg_021 ......................   Passed    0.55 sec
Omega|      Start 100: e1_valg_022
Omega|22/78 Test #100: e1_valg_022 ......................   Passed    0.55 sec
Omega|      Start 101: e1_valg_023
Omega|23/78 Test #101: e1_valg_023 ......................   Passed    0.56 sec
Omega|      Start 102: e1_valg_024
Omega|24/78 Test #102: e1_valg_024 ......................   Passed    0.55 sec
Omega|      Start 103: e1_valg_025
Omega|25/78 Test #103: e1_valg_025 ......................   Passed    0.54 sec
Omega|      Start 104: e1_valg_026
Omega|26/78 Test #104: e1_valg_026 ......................   Passed    0.57 sec
Omega|      Start 105: e1_valg_027
Omega|27/78 Test #105: e1_valg_027 ......................   Passed    0.55 sec
Omega|      Start 106: e1_valg_028
Omega|28/78 Test #106: e1_valg_028 ......................   Passed    0.55 sec
Omega|      Start 107: e1_valg_029
Omega|29/78 Test #107: e1_valg_029 ......................   Passed    0.57 sec
Omega|      Start 108: e1_valg_030
Omega|30/78 Test #108: e1_valg_030 ......................   Passed    0.56 sec
Omega|      Start 109: e1_valg_031
Omega|31/78 Test #109: e1_valg_031 ......................   Passed    0.55 sec
Omega|      Start 110: e1_valg_032
Omega|32/78 Test #110: e1_valg_032 ......................   Passed    0.54 sec
Omega|      Start 111: e1_valg_033
Omega|33/78 Test #111: e1_valg_033 ......................   Passed    0.55 sec
Omega|      Start 112: e1_valg_034
Omega|34/78 Test #112: e1_valg_034 ......................   Passed    0.55 sec
Omega|      Start 113: e1_valg_035
Omega|35/78 Test #113: e1_valg_035 ......................   Passed    0.55 sec
Omega|      Start 114: e1_valg_036
Omega|36/78 Test #114: e1_valg_036 ......................   Passed    0.58 sec
Omega|      Start 115: e1_valg_037
Omega|37/78 Test #115: e1_valg_037 ......................   Passed    0.55 sec
Omega|      Start 116: e1_valg_038
Omega|38/78 Test #116: e1_valg_038 ......................   Passed    0.55 sec
Omega|      Start 117: e1_valg_039
Omega|39/78 Test #117: e1_valg_039 ......................   Passed    0.55 sec
Omega|      Start 118: e1_valg_040
Omega|40/78 Test #118: e1_valg_040 ......................   Passed    0.54 sec
Omega|      Start 119: e1_valg_041
Omega|41/78 Test #119: e1_valg_041 ......................   Passed    0.54 sec
Omega|      Start 120: e1_valg_042
Omega|42/78 Test #120: e1_valg_042 ......................   Passed    0.55 sec
Omega|      Start 121: e1_valg_043
Omega|43/78 Test #121: e1_valg_043 ......................   Passed    0.54 sec
Omega|      Start 122: e1_valg_044
Omega|44/78 Test #122: e1_valg_044 ......................   Passed    0.55 sec
Omega|      Start 123: e1_valg_045
Omega|45/78 Test #123: e1_valg_045 ......................   Passed    0.54 sec
Omega|      Start 124: e1_valg_046
Omega|46/78 Test #124: e1_valg_046 ......................   Passed    0.54 sec
Omega|      Start 125: e1_valg_047
Omega|47/78 Test #125: e1_valg_047 ......................   Passed    0.55 sec
Omega|      Start 126: e1_valg_048
Omega|48/78 Test #126: e1_valg_048 ......................   Passed    0.55 sec
Omega|      Start 127: e1_valg_049
Omega|49/78 Test #127: e1_valg_049 ......................   Passed    0.55 sec
Omega|      Start 128: e1_valg_050
Omega|50/78 Test #128: e1_valg_050 ......................   Passed    0.55 sec
Omega|      Start 129: e1_valg_051
Omega|51/78 Test #129: e1_valg_051 ......................   Passed    0.55 sec
Omega|      Start 130: e1_valg_052
Omega|52/78 Test #130: e1_valg_052 ......................   Passed    0.55 sec
Omega|      Start 131: e1_valg_053
Omega|53/78 Test #131: e1_valg_053 ......................   Passed    0.55 sec
Omega|      Start 132: e1_valg_054
Omega|54/78 Test #132: e1_valg_054 ......................   Passed    0.55 sec
Omega|      Start 133: e1_valg_055
Omega|55/78 Test #133: e1_valg_055 ......................   Passed    0.54 sec
Omega|      Start 134: e1_valg_056
Omega|56/78 Test #134: e1_valg_056 ......................   Passed    0.57 sec
Omega|      Start 135: e1_valg_057
Omega|57/78 Test #135: e1_valg_057 ......................   Passed    0.56 sec
Omega|      Start 136: e1_valg_058
Omega|58/78 Test #136: e1_valg_058 ......................   Passed    0.54 sec
Omega|      Start 137: e1_valg_059
Omega|59/78 Test #137: e1_valg_059 ......................   Passed    0.59 sec
Omega|      Start 138: e1_valg_060
Omega|60/78 Test #138: e1_valg_060 ......................   Passed    0.56 sec
Omega|      Start 139: e1_valg_061
Omega|61/78 Test #139: e1_valg_061 ......................   Passed    0.59 sec
Omega|      Start 140: e1_valg_062
Omega|62/78 Test #140: e1_valg_062 ......................   Passed    0.55 sec
Omega|      Start 141: e1_valg_063
Omega|63/78 Test #141: e1_valg_063 ......................   Passed    0.55 sec
Omega|      Start 142: e1_valg_064
Omega|64/78 Test #142: e1_valg_064 ......................   Passed    0.56 sec
Omega|      Start 143: e1_valg_065
Omega|65/78 Test #143: e1_valg_065 ......................   Passed    0.55 sec
Omega|      Start 144: e1_valg_066
Omega|66/78 Test #144: e1_valg_066 ......................   Passed    0.55 sec
Omega|      Start 145: e1_valg_067
Omega|67/78 Test #145: e1_valg_067 ......................   Passed    0.56 sec
Omega|      Start 146: e1_valg_068
Omega|68/78 Test #146: e1_valg_068 ......................   Passed    0.55 sec
Omega|      Start 147: e1_valg_069
Omega|69/78 Test #147: e1_valg_069 ......................   Passed    0.56 sec
Omega|      Start 148: e1_valg_070
Omega|70/78 Test #148: e1_valg_070 ......................   Passed    0.55 sec
Omega|      Start 149: e1_valg_071
Omega|71/78 Test #149: e1_valg_071 ......................   Passed    0.55 sec
Omega|      Start 150: e1_valg_072
Omega|72/78 Test #150: e1_valg_072 ......................   Passed    0.55 sec
Omega|      Start 151: e1_valg_073
Omega|73/78 Test #151: e1_valg_073 ......................   Passed    0.61 sec
Omega|      Start 152: e1_valg_074
Omega|74/78 Test #152: e1_valg_074 ......................   Passed    0.55 sec
Omega|      Start 153: e1_valg_075
Omega|75/78 Test #153: e1_valg_075 ......................   Passed    0.58 sec
Omega|      Start 154: e1_valg_076
Omega|76/78 Test #154: e1_valg_076 ......................   Passed    0.56 sec
Omega|      Start 155: e1_valg_077
Omega|77/78 Test #155: e1_valg_077 ......................   Passed    0.55 sec
Omega|      Start 156: e1_valg_078
Omega|78/78 Test #156: e1_valg_078 ......................   Passed    0.55 sec
Omega|
Omega|100% tests passed, 0 tests failed out of 78
Omega|
Omega|Total Test time (real) =  43.38 sec
Omicron|Test project /home/schnorr/ensino/private/maio_e1/Omicron-E1/b.e1.maio
Omicron|      Start  79: e1_valg_001
Omicron| 1/78 Test  #79: e1_valg_001 ......................   Passed    0.55 sec
Omicron|      Start  80: e1_valg_002
Omicron| 2/78 Test  #80: e1_valg_002 ......................   Passed    0.55 sec
Omicron|      Start  81: e1_valg_003
Omicron| 3/78 Test  #81: e1_valg_003 ......................   Passed    0.55 sec
Omicron|      Start  82: e1_valg_004
Omicron| 4/78 Test  #82: e1_valg_004 ......................   Passed    0.55 sec
Omicron|      Start  83: e1_valg_005
Omicron| 5/78 Test  #83: e1_valg_005 ......................   Passed    0.55 sec
Omicron|      Start  84: e1_valg_006
Omicron| 6/78 Test  #84: e1_valg_006 ......................   Passed    0.55 sec
Omicron|      Start  85: e1_valg_007
Omicron| 7/78 Test  #85: e1_valg_007 ......................   Passed    0.55 sec
Omicron|      Start  86: e1_valg_008
Omicron| 8/78 Test  #86: e1_valg_008 ......................   Passed    0.55 sec
Omicron|      Start  87: e1_valg_009
Omicron| 9/78 Test  #87: e1_valg_009 ......................   Passed    0.55 sec
Omicron|      Start  88: e1_valg_010
Omicron|10/78 Test  #88: e1_valg_010 ......................   Passed    0.54 sec
Omicron|      Start  89: e1_valg_011
Omicron|11/78 Test  #89: e1_valg_011 ......................   Passed    0.54 sec
Omicron|      Start  90: e1_valg_012
Omicron|12/78 Test  #90: e1_valg_012 ......................   Passed    0.54 sec
Omicron|      Start  91: e1_valg_013
Omicron|13/78 Test  #91: e1_valg_013 ......................   Passed    0.55 sec
Omicron|      Start  92: e1_valg_014
Omicron|14/78 Test  #92: e1_valg_014 ......................   Passed    0.55 sec
Omicron|      Start  93: e1_valg_015
Omicron|15/78 Test  #93: e1_valg_015 ......................   Passed    0.55 sec
Omicron|      Start  94: e1_valg_016
Omicron|16/78 Test  #94: e1_valg_016 ......................   Passed    0.56 sec
Omicron|      Start  95: e1_valg_017
Omicron|17/78 Test  #95: e1_valg_017 ......................   Passed    0.56 sec
Omicron|      Start  96: e1_valg_018
Omicron|18/78 Test  #96: e1_valg_018 ......................   Passed    0.54 sec
Omicron|      Start  97: e1_valg_019
Omicron|19/78 Test  #97: e1_valg_019 ......................   Passed    0.56 sec
Omicron|      Start  98: e1_valg_020
Omicron|20/78 Test  #98: e1_valg_020 ......................   Passed    0.56 sec
Omicron|      Start  99: e1_valg_021
Omicron|21/78 Test  #99: e1_valg_021 ......................   Passed    0.56 sec
Omicron|      Start 100: e1_valg_022
Omicron|22/78 Test #100: e1_valg_022 ......................   Passed    0.55 sec
Omicron|      Start 101: e1_valg_023
Omicron|23/78 Test #101: e1_valg_023 ......................   Passed    0.54 sec
Omicron|      Start 102: e1_valg_024
Omicron|24/78 Test #102: e1_valg_024 ......................   Passed    0.55 sec
Omicron|      Start 103: e1_valg_025
Omicron|25/78 Test #103: e1_valg_025 ......................   Passed    0.55 sec
Omicron|      Start 104: e1_valg_026
Omicron|26/78 Test #104: e1_valg_026 ......................   Passed    0.55 sec
Omicron|      Start 105: e1_valg_027
Omicron|27/78 Test #105: e1_valg_027 ......................   Passed    0.56 sec
Omicron|      Start 106: e1_valg_028
Omicron|28/78 Test #106: e1_valg_028 ......................   Passed    0.57 sec
Omicron|      Start 107: e1_valg_029
Omicron|29/78 Test #107: e1_valg_029 ......................   Passed    0.54 sec
Omicron|      Start 108: e1_valg_030
Omicron|30/78 Test #108: e1_valg_030 ......................   Passed    0.55 sec
Omicron|      Start 109: e1_valg_031
Omicron|31/78 Test #109: e1_valg_031 ......................   Passed    0.54 sec
Omicron|      Start 110: e1_valg_032
Omicron|32/78 Test #110: e1_valg_032 ......................   Passed    0.55 sec
Omicron|      Start 111: e1_valg_033
Omicron|33/78 Test #111: e1_valg_033 ......................   Passed    0.55 sec
Omicron|      Start 112: e1_valg_034
Omicron|34/78 Test #112: e1_valg_034 ......................   Passed    0.57 sec
Omicron|      Start 113: e1_valg_035
Omicron|35/78 Test #113: e1_valg_035 ......................   Passed    0.55 sec
Omicron|      Start 114: e1_valg_036
Omicron|36/78 Test #114: e1_valg_036 ......................   Passed    0.55 sec
Omicron|      Start 115: e1_valg_037
Omicron|37/78 Test #115: e1_valg_037 ......................   Passed    0.55 sec
Omicron|      Start 116: e1_valg_038
Omicron|38/78 Test #116: e1_valg_038 ......................   Passed    0.54 sec
Omicron|      Start 117: e1_valg_039
Omicron|39/78 Test #117: e1_valg_039 ......................   Passed    0.56 sec
Omicron|      Start 118: e1_valg_040
Omicron|40/78 Test #118: e1_valg_040 ......................   Passed    0.56 sec
Omicron|      Start 119: e1_valg_041
Omicron|41/78 Test #119: e1_valg_041 ......................   Passed    0.55 sec
Omicron|      Start 120: e1_valg_042
Omicron|42/78 Test #120: e1_valg_042 ......................   Passed    0.54 sec
Omicron|      Start 121: e1_valg_043
Omicron|43/78 Test #121: e1_valg_043 ......................   Passed    0.55 sec
Omicron|      Start 122: e1_valg_044
Omicron|44/78 Test #122: e1_valg_044 ......................   Passed    0.56 sec
Omicron|      Start 123: e1_valg_045
Omicron|45/78 Test #123: e1_valg_045 ......................   Passed    0.55 sec
Omicron|      Start 124: e1_valg_046
Omicron|46/78 Test #124: e1_valg_046 ......................   Passed    0.56 sec
Omicron|      Start 125: e1_valg_047
Omicron|47/78 Test #125: e1_valg_047 ......................   Passed    0.54 sec
Omicron|      Start 126: e1_valg_048
Omicron|48/78 Test #126: e1_valg_048 ......................   Passed    0.54 sec
Omicron|      Start 127: e1_valg_049
Omicron|49/78 Test #127: e1_valg_049 ......................   Passed    0.56 sec
Omicron|      Start 128: e1_valg_050
Omicron|50/78 Test #128: e1_valg_050 ......................   Passed    0.56 sec
Omicron|      Start 129: e1_valg_051
Omicron|51/78 Test #129: e1_valg_051 ......................   Passed    0.56 sec
Omicron|      Start 130: e1_valg_052
Omicron|52/78 Test #130: e1_valg_052 ......................   Passed    0.59 sec
Omicron|      Start 131: e1_valg_053
Omicron|53/78 Test #131: e1_valg_053 ......................   Passed    0.56 sec
Omicron|      Start 132: e1_valg_054
Omicron|54/78 Test #132: e1_valg_054 ......................   Passed    0.55 sec
Omicron|      Start 133: e1_valg_055
Omicron|55/78 Test #133: e1_valg_055 ......................   Passed    0.55 sec
Omicron|      Start 134: e1_valg_056
Omicron|56/78 Test #134: e1_valg_056 ......................   Passed    0.54 sec
Omicron|      Start 135: e1_valg_057
Omicron|57/78 Test #135: e1_valg_057 ......................   Passed    0.55 sec
Omicron|      Start 136: e1_valg_058
Omicron|58/78 Test #136: e1_valg_058 ......................   Passed    0.54 sec
Omicron|      Start 137: e1_valg_059
Omicron|59/78 Test #137: e1_valg_059 ......................   Passed    0.55 sec
Omicron|      Start 138: e1_valg_060
Omicron|60/78 Test #138: e1_valg_060 ......................   Passed    0.56 sec
Omicron|      Start 139: e1_valg_061
Omicron|61/78 Test #139: e1_valg_061 ......................   Passed    0.55 sec
Omicron|      Start 140: e1_valg_062
Omicron|62/78 Test #140: e1_valg_062 ......................   Passed    0.55 sec
Omicron|      Start 141: e1_valg_063
Omicron|63/78 Test #141: e1_valg_063 ......................   Passed    0.55 sec
Omicron|      Start 142: e1_valg_064
Omicron|64/78 Test #142: e1_valg_064 ......................   Passed    0.56 sec
Omicron|      Start 143: e1_valg_065
Omicron|65/78 Test #143: e1_valg_065 ......................   Passed    0.55 sec
Omicron|      Start 144: e1_valg_066
Omicron|66/78 Test #144: e1_valg_066 ......................   Passed    0.56 sec
Omicron|      Start 145: e1_valg_067
Omicron|67/78 Test #145: e1_valg_067 ......................   Passed    0.55 sec
Omicron|      Start 146: e1_valg_068
Omicron|68/78 Test #146: e1_valg_068 ......................   Passed    0.55 sec
Omicron|      Start 147: e1_valg_069
Omicron|69/78 Test #147: e1_valg_069 ......................   Passed    0.56 sec
Omicron|      Start 148: e1_valg_070
Omicron|70/78 Test #148: e1_valg_070 ......................   Passed    0.58 sec
Omicron|      Start 149: e1_valg_071
Omicron|71/78 Test #149: e1_valg_071 ......................   Passed    0.56 sec
Omicron|      Start 150: e1_valg_072
Omicron|72/78 Test #150: e1_valg_072 ......................   Passed    0.55 sec
Omicron|      Start 151: e1_valg_073
Omicron|73/78 Test #151: e1_valg_073 ......................   Passed    0.55 sec
Omicron|      Start 152: e1_valg_074
Omicron|74/78 Test #152: e1_valg_074 ......................   Passed    0.55 sec
Omicron|      Start 153: e1_valg_075
Omicron|75/78 Test #153: e1_valg_075 ......................   Passed    0.62 sec
Omicron|      Start 154: e1_valg_076
Omicron|76/78 Test #154: e1_valg_076 ......................   Passed    0.54 sec
Omicron|      Start 155: e1_valg_077
Omicron|77/78 Test #155: e1_valg_077 ......................   Passed    0.55 sec
Omicron|      Start 156: e1_valg_078
Omicron|78/78 Test #156: e1_valg_078 ......................   Passed    0.55 sec
Omicron|
Omicron|100% tests passed, 0 tests failed out of 78
Omicron|
Omicron|Total Test time (real) =  43.17 sec
Phi|Test project /home/schnorr/ensino/private/maio_e1/Phi-E1/b.e1.maio
Phi|      Start  79: e1_valg_001
Phi| 1/78 Test  #79: e1_valg_001 ......................   Passed    0.54 sec
Phi|      Start  80: e1_valg_002
Phi| 2/78 Test  #80: e1_valg_002 ......................   Passed    0.56 sec
Phi|      Start  81: e1_valg_003
Phi| 3/78 Test  #81: e1_valg_003 ......................   Passed    0.55 sec
Phi|      Start  82: e1_valg_004
Phi| 4/78 Test  #82: e1_valg_004 ......................   Passed    0.55 sec
Phi|      Start  83: e1_valg_005
Phi| 5/78 Test  #83: e1_valg_005 ......................   Passed    0.55 sec
Phi|      Start  84: e1_valg_006
Phi| 6/78 Test  #84: e1_valg_006 ......................   Passed    0.55 sec
Phi|      Start  85: e1_valg_007
Phi| 7/78 Test  #85: e1_valg_007 ......................   Passed    0.55 sec
Phi|      Start  86: e1_valg_008
Phi| 8/78 Test  #86: e1_valg_008 ......................   Passed    0.55 sec
Phi|      Start  87: e1_valg_009
Phi| 9/78 Test  #87: e1_valg_009 ......................   Passed    0.54 sec
Phi|      Start  88: e1_valg_010
Phi|10/78 Test  #88: e1_valg_010 ......................   Passed    0.57 sec
Phi|      Start  89: e1_valg_011
Phi|11/78 Test  #89: e1_valg_011 ......................   Passed    0.57 sec
Phi|      Start  90: e1_valg_012
Phi|12/78 Test  #90: e1_valg_012 ......................   Passed    0.56 sec
Phi|      Start  91: e1_valg_013
Phi|13/78 Test  #91: e1_valg_013 ......................   Passed    0.55 sec
Phi|      Start  92: e1_valg_014
Phi|14/78 Test  #92: e1_valg_014 ......................   Passed    0.55 sec
Phi|      Start  93: e1_valg_015
Phi|15/78 Test  #93: e1_valg_015 ......................   Passed    0.55 sec
Phi|      Start  94: e1_valg_016
Phi|16/78 Test  #94: e1_valg_016 ......................   Passed    0.55 sec
Phi|      Start  95: e1_valg_017
Phi|17/78 Test  #95: e1_valg_017 ......................   Passed    0.54 sec
Phi|      Start  96: e1_valg_018
Phi|18/78 Test  #96: e1_valg_018 ......................   Passed    0.54 sec
Phi|      Start  97: e1_valg_019
Phi|19/78 Test  #97: e1_valg_019 ......................   Passed    0.55 sec
Phi|      Start  98: e1_valg_020
Phi|20/78 Test  #98: e1_valg_020 ......................   Passed    0.54 sec
Phi|      Start  99: e1_valg_021
Phi|21/78 Test  #99: e1_valg_021 ......................   Passed    0.54 sec
Phi|      Start 100: e1_valg_022
Phi|22/78 Test #100: e1_valg_022 ......................   Passed    0.55 sec
Phi|      Start 101: e1_valg_023
Phi|23/78 Test #101: e1_valg_023 ......................   Passed    0.55 sec
Phi|      Start 102: e1_valg_024
Phi|24/78 Test #102: e1_valg_024 ......................   Passed    0.55 sec
Phi|      Start 103: e1_valg_025
Phi|25/78 Test #103: e1_valg_025 ......................   Passed    0.54 sec
Phi|      Start 104: e1_valg_026
Phi|26/78 Test #104: e1_valg_026 ......................   Passed    0.55 sec
Phi|      Start 105: e1_valg_027
Phi|27/78 Test #105: e1_valg_027 ......................   Passed    0.55 sec
Phi|      Start 106: e1_valg_028
Phi|28/78 Test #106: e1_valg_028 ......................   Passed    0.55 sec
Phi|      Start 107: e1_valg_029
Phi|29/78 Test #107: e1_valg_029 ......................   Passed    0.54 sec
Phi|      Start 108: e1_valg_030
Phi|30/78 Test #108: e1_valg_030 ......................   Passed    0.55 sec
Phi|      Start 109: e1_valg_031
Phi|31/78 Test #109: e1_valg_031 ......................   Passed    0.55 sec
Phi|      Start 110: e1_valg_032
Phi|32/78 Test #110: e1_valg_032 ......................   Passed    0.55 sec
Phi|      Start 111: e1_valg_033
Phi|33/78 Test #111: e1_valg_033 ......................   Passed    0.55 sec
Phi|      Start 112: e1_valg_034
Phi|34/78 Test #112: e1_valg_034 ......................   Passed    0.55 sec
Phi|      Start 113: e1_valg_035
Phi|35/78 Test #113: e1_valg_035 ......................   Passed    0.55 sec
Phi|      Start 114: e1_valg_036
Phi|36/78 Test #114: e1_valg_036 ......................   Passed    0.54 sec
Phi|      Start 115: e1_valg_037
Phi|37/78 Test #115: e1_valg_037 ......................   Passed    0.55 sec
Phi|      Start 116: e1_valg_038
Phi|38/78 Test #116: e1_valg_038 ......................   Passed    0.54 sec
Phi|      Start 117: e1_valg_039
Phi|39/78 Test #117: e1_valg_039 ......................   Passed    0.55 sec
Phi|      Start 118: e1_valg_040
Phi|40/78 Test #118: e1_valg_040 ......................   Passed    0.56 sec
Phi|      Start 119: e1_valg_041
Phi|41/78 Test #119: e1_valg_041 ......................   Passed    0.55 sec
Phi|      Start 120: e1_valg_042
Phi|42/78 Test #120: e1_valg_042 ......................   Passed    0.55 sec
Phi|      Start 121: e1_valg_043
Phi|43/78 Test #121: e1_valg_043 ......................   Passed    0.55 sec
Phi|      Start 122: e1_valg_044
Phi|44/78 Test #122: e1_valg_044 ......................   Passed    0.55 sec
Phi|      Start 123: e1_valg_045
Phi|45/78 Test #123: e1_valg_045 ......................   Passed    0.55 sec
Phi|      Start 124: e1_valg_046
Phi|46/78 Test #124: e1_valg_046 ......................   Passed    0.55 sec
Phi|      Start 125: e1_valg_047
Phi|47/78 Test #125: e1_valg_047 ......................   Passed    0.55 sec
Phi|      Start 126: e1_valg_048
Phi|48/78 Test #126: e1_valg_048 ......................   Passed    0.55 sec
Phi|      Start 127: e1_valg_049
Phi|49/78 Test #127: e1_valg_049 ......................   Passed    0.56 sec
Phi|      Start 128: e1_valg_050
Phi|50/78 Test #128: e1_valg_050 ......................   Passed    0.54 sec
Phi|      Start 129: e1_valg_051
Phi|51/78 Test #129: e1_valg_051 ......................   Passed    0.55 sec
Phi|      Start 130: e1_valg_052
Phi|52/78 Test #130: e1_valg_052 ......................   Passed    0.55 sec
Phi|      Start 131: e1_valg_053
Phi|53/78 Test #131: e1_valg_053 ......................   Passed    0.56 sec
Phi|      Start 132: e1_valg_054
Phi|54/78 Test #132: e1_valg_054 ......................   Passed    0.55 sec
Phi|      Start 133: e1_valg_055
Phi|55/78 Test #133: e1_valg_055 ......................   Passed    0.55 sec
Phi|      Start 134: e1_valg_056
Phi|56/78 Test #134: e1_valg_056 ......................   Passed    0.54 sec
Phi|      Start 135: e1_valg_057
Phi|57/78 Test #135: e1_valg_057 ......................   Passed    0.55 sec
Phi|      Start 136: e1_valg_058
Phi|58/78 Test #136: e1_valg_058 ......................   Passed    0.54 sec
Phi|      Start 137: e1_valg_059
Phi|59/78 Test #137: e1_valg_059 ......................   Passed    0.56 sec
Phi|      Start 138: e1_valg_060
Phi|60/78 Test #138: e1_valg_060 ......................   Passed    0.57 sec
Phi|      Start 139: e1_valg_061
Phi|61/78 Test #139: e1_valg_061 ......................   Passed    0.55 sec
Phi|      Start 140: e1_valg_062
Phi|62/78 Test #140: e1_valg_062 ......................   Passed    0.56 sec
Phi|      Start 141: e1_valg_063
Phi|63/78 Test #141: e1_valg_063 ......................   Passed    0.56 sec
Phi|      Start 142: e1_valg_064
Phi|64/78 Test #142: e1_valg_064 ......................   Passed    0.56 sec
Phi|      Start 143: e1_valg_065
Phi|65/78 Test #143: e1_valg_065 ......................   Passed    0.55 sec
Phi|      Start 144: e1_valg_066
Phi|66/78 Test #144: e1_valg_066 ......................   Passed    0.58 sec
Phi|      Start 145: e1_valg_067
Phi|67/78 Test #145: e1_valg_067 ......................   Passed    0.56 sec
Phi|      Start 146: e1_valg_068
Phi|68/78 Test #146: e1_valg_068 ......................   Passed    0.56 sec
Phi|      Start 147: e1_valg_069
Phi|69/78 Test #147: e1_valg_069 ......................   Passed    0.56 sec
Phi|      Start 148: e1_valg_070
Phi|70/78 Test #148: e1_valg_070 ......................   Passed    0.55 sec
Phi|      Start 149: e1_valg_071
Phi|71/78 Test #149: e1_valg_071 ......................   Passed    0.56 sec
Phi|      Start 150: e1_valg_072
Phi|72/78 Test #150: e1_valg_072 ......................   Passed    0.55 sec
Phi|      Start 151: e1_valg_073
Phi|73/78 Test #151: e1_valg_073 ......................   Passed    0.55 sec
Phi|      Start 152: e1_valg_074
Phi|74/78 Test #152: e1_valg_074 ......................   Passed    0.54 sec
Phi|      Start 153: e1_valg_075
Phi|75/78 Test #153: e1_valg_075 ......................   Passed    0.58 sec
Phi|      Start 154: e1_valg_076
Phi|76/78 Test #154: e1_valg_076 ......................   Passed    0.56 sec
Phi|      Start 155: e1_valg_077
Phi|77/78 Test #155: e1_valg_077 ......................   Passed    0.55 sec
Phi|      Start 156: e1_valg_078
Phi|78/78 Test #156: e1_valg_078 ......................   Passed    0.61 sec
Phi|
Phi|100% tests passed, 0 tests failed out of 78
Phi|
Phi|Total Test time (real) =  43.14 sec
Psi|Test project /home/schnorr/ensino/private/maio_e1/Psi-E1/b.e1.maio
Psi|      Start  79: e1_valg_001
Psi| 1/78 Test  #79: e1_valg_001 ......................   Passed    0.55 sec
Psi|      Start  80: e1_valg_002
Psi| 2/78 Test  #80: e1_valg_002 ......................   Passed    0.56 sec
Psi|      Start  81: e1_valg_003
Psi| 3/78 Test  #81: e1_valg_003 ......................   Passed    0.55 sec
Psi|      Start  82: e1_valg_004
Psi| 4/78 Test  #82: e1_valg_004 ......................   Passed    0.55 sec
Psi|      Start  83: e1_valg_005
Psi| 5/78 Test  #83: e1_valg_005 ......................   Passed    0.55 sec
Psi|      Start  84: e1_valg_006
Psi| 6/78 Test  #84: e1_valg_006 ......................   Passed    0.56 sec
Psi|      Start  85: e1_valg_007
Psi| 7/78 Test  #85: e1_valg_007 ......................   Passed    0.56 sec
Psi|      Start  86: e1_valg_008
Psi| 8/78 Test  #86: e1_valg_008 ......................   Passed    0.55 sec
Psi|      Start  87: e1_valg_009
Psi| 9/78 Test  #87: e1_valg_009 ......................   Passed    0.55 sec
Psi|      Start  88: e1_valg_010
Psi|10/78 Test  #88: e1_valg_010 ......................   Passed    0.56 sec
Psi|      Start  89: e1_valg_011
Psi|11/78 Test  #89: e1_valg_011 ......................   Passed    0.56 sec
Psi|      Start  90: e1_valg_012
Psi|12/78 Test  #90: e1_valg_012 ......................   Passed    0.56 sec
Psi|      Start  91: e1_valg_013
Psi|13/78 Test  #91: e1_valg_013 ......................   Passed    0.55 sec
Psi|      Start  92: e1_valg_014
Psi|14/78 Test  #92: e1_valg_014 ......................   Passed    0.56 sec
Psi|      Start  93: e1_valg_015
Psi|15/78 Test  #93: e1_valg_015 ......................   Passed    0.54 sec
Psi|      Start  94: e1_valg_016
Psi|16/78 Test  #94: e1_valg_016 ......................   Passed    0.54 sec
Psi|      Start  95: e1_valg_017
Psi|17/78 Test  #95: e1_valg_017 ......................   Passed    0.55 sec
Psi|      Start  96: e1_valg_018
Psi|18/78 Test  #96: e1_valg_018 ......................   Passed    0.55 sec
Psi|      Start  97: e1_valg_019
Psi|19/78 Test  #97: e1_valg_019 ......................   Passed    0.56 sec
Psi|      Start  98: e1_valg_020
Psi|20/78 Test  #98: e1_valg_020 ......................   Passed    0.56 sec
Psi|      Start  99: e1_valg_021
Psi|21/78 Test  #99: e1_valg_021 ......................   Passed    0.55 sec
Psi|      Start 100: e1_valg_022
Psi|22/78 Test #100: e1_valg_022 ......................   Passed    0.61 sec
Psi|      Start 101: e1_valg_023
Psi|23/78 Test #101: e1_valg_023 ......................   Passed    0.58 sec
Psi|      Start 102: e1_valg_024
Psi|24/78 Test #102: e1_valg_024 ......................   Passed    0.54 sec
Psi|      Start 103: e1_valg_025
Psi|25/78 Test #103: e1_valg_025 ......................   Passed    0.55 sec
Psi|      Start 104: e1_valg_026
Psi|26/78 Test #104: e1_valg_026 ......................   Passed    0.56 sec
Psi|      Start 105: e1_valg_027
Psi|27/78 Test #105: e1_valg_027 ......................   Passed    0.55 sec
Psi|      Start 106: e1_valg_028
Psi|28/78 Test #106: e1_valg_028 ......................   Passed    0.55 sec
Psi|      Start 107: e1_valg_029
Psi|29/78 Test #107: e1_valg_029 ......................   Passed    0.55 sec
Psi|      Start 108: e1_valg_030
Psi|30/78 Test #108: e1_valg_030 ......................   Passed    0.54 sec
Psi|      Start 109: e1_valg_031
Psi|31/78 Test #109: e1_valg_031 ......................   Passed    0.55 sec
Psi|      Start 110: e1_valg_032
Psi|32/78 Test #110: e1_valg_032 ......................   Passed    0.55 sec
Psi|      Start 111: e1_valg_033
Psi|33/78 Test #111: e1_valg_033 ......................   Passed    0.56 sec
Psi|      Start 112: e1_valg_034
Psi|34/78 Test #112: e1_valg_034 ......................   Passed    0.59 sec
Psi|      Start 113: e1_valg_035
Psi|35/78 Test #113: e1_valg_035 ......................   Passed    0.56 sec
Psi|      Start 114: e1_valg_036
Psi|36/78 Test #114: e1_valg_036 ......................   Passed    0.55 sec
Psi|      Start 115: e1_valg_037
Psi|37/78 Test #115: e1_valg_037 ......................   Passed    0.56 sec
Psi|      Start 116: e1_valg_038
Psi|38/78 Test #116: e1_valg_038 ......................   Passed    0.55 sec
Psi|      Start 117: e1_valg_039
Psi|39/78 Test #117: e1_valg_039 ......................   Passed    0.56 sec
Psi|      Start 118: e1_valg_040
Psi|40/78 Test #118: e1_valg_040 ......................   Passed    0.56 sec
Psi|      Start 119: e1_valg_041
Psi|41/78 Test #119: e1_valg_041 ......................   Passed    0.54 sec
Psi|      Start 120: e1_valg_042
Psi|42/78 Test #120: e1_valg_042 ......................   Passed    0.55 sec
Psi|      Start 121: e1_valg_043
Psi|43/78 Test #121: e1_valg_043 ......................   Passed    0.57 sec
Psi|      Start 122: e1_valg_044
Psi|44/78 Test #122: e1_valg_044 ......................   Passed    0.55 sec
Psi|      Start 123: e1_valg_045
Psi|45/78 Test #123: e1_valg_045 ......................   Passed    0.56 sec
Psi|      Start 124: e1_valg_046
Psi|46/78 Test #124: e1_valg_046 ......................   Passed    0.55 sec
Psi|      Start 125: e1_valg_047
Psi|47/78 Test #125: e1_valg_047 ......................   Passed    0.55 sec
Psi|      Start 126: e1_valg_048
Psi|48/78 Test #126: e1_valg_048 ......................   Passed    0.56 sec
Psi|      Start 127: e1_valg_049
Psi|49/78 Test #127: e1_valg_049 ......................   Passed    0.55 sec
Psi|      Start 128: e1_valg_050
Psi|50/78 Test #128: e1_valg_050 ......................   Passed    0.55 sec
Psi|      Start 129: e1_valg_051
Psi|51/78 Test #129: e1_valg_051 ......................   Passed    0.55 sec
Psi|      Start 130: e1_valg_052
Psi|52/78 Test #130: e1_valg_052 ......................   Passed    0.55 sec
Psi|      Start 131: e1_valg_053
Psi|53/78 Test #131: e1_valg_053 ......................   Passed    0.55 sec
Psi|      Start 132: e1_valg_054
Psi|54/78 Test #132: e1_valg_054 ......................   Passed    0.55 sec
Psi|      Start 133: e1_valg_055
Psi|55/78 Test #133: e1_valg_055 ......................   Passed    0.56 sec
Psi|      Start 134: e1_valg_056
Psi|56/78 Test #134: e1_valg_056 ......................   Passed    0.55 sec
Psi|      Start 135: e1_valg_057
Psi|57/78 Test #135: e1_valg_057 ......................   Passed    0.55 sec
Psi|      Start 136: e1_valg_058
Psi|58/78 Test #136: e1_valg_058 ......................   Passed    0.55 sec
Psi|      Start 137: e1_valg_059
Psi|59/78 Test #137: e1_valg_059 ......................   Passed    0.55 sec
Psi|      Start 138: e1_valg_060
Psi|60/78 Test #138: e1_valg_060 ......................   Passed    0.56 sec
Psi|      Start 139: e1_valg_061
Psi|61/78 Test #139: e1_valg_061 ......................   Passed    0.55 sec
Psi|      Start 140: e1_valg_062
Psi|62/78 Test #140: e1_valg_062 ......................   Passed    0.56 sec
Psi|      Start 141: e1_valg_063
Psi|63/78 Test #141: e1_valg_063 ......................   Passed    0.55 sec
Psi|      Start 142: e1_valg_064
Psi|64/78 Test #142: e1_valg_064 ......................   Passed    0.56 sec
Psi|      Start 143: e1_valg_065
Psi|65/78 Test #143: e1_valg_065 ......................   Passed    0.56 sec
Psi|      Start 144: e1_valg_066
Psi|66/78 Test #144: e1_valg_066 ......................   Passed    0.56 sec
Psi|      Start 145: e1_valg_067
Psi|67/78 Test #145: e1_valg_067 ......................   Passed    0.55 sec
Psi|      Start 146: e1_valg_068
Psi|68/78 Test #146: e1_valg_068 ......................   Passed    0.56 sec
Psi|      Start 147: e1_valg_069
Psi|69/78 Test #147: e1_valg_069 ......................***Failed    0.56 sec
Psi|      Start 148: e1_valg_070
Psi|70/78 Test #148: e1_valg_070 ......................***Failed    0.56 sec
Psi|      Start 149: e1_valg_071
Psi|71/78 Test #149: e1_valg_071 ......................***Failed    0.54 sec
Psi|      Start 150: e1_valg_072
Psi|72/78 Test #150: e1_valg_072 ......................***Failed    0.55 sec
Psi|      Start 151: e1_valg_073
Psi|73/78 Test #151: e1_valg_073 ......................***Failed    0.54 sec
Psi|      Start 152: e1_valg_074
Psi|74/78 Test #152: e1_valg_074 ......................   Passed    0.55 sec
Psi|      Start 153: e1_valg_075
Psi|75/78 Test #153: e1_valg_075 ......................   Passed    0.55 sec
Psi|      Start 154: e1_valg_076
Psi|76/78 Test #154: e1_valg_076 ......................   Passed    0.56 sec
Psi|      Start 155: e1_valg_077
Psi|77/78 Test #155: e1_valg_077 ......................   Passed    0.54 sec
Psi|      Start 156: e1_valg_078
Psi|78/78 Test #156: e1_valg_078 ......................   Passed    0.55 sec
Psi|
Psi|94% tests passed, 5 tests failed out of 78
Psi|
Psi|Total Test time (real) =  43.26 sec
Psi|
Psi|The following tests FAILED:
Psi|	147 - e1_valg_069 (Failed)
Psi|	148 - e1_valg_070 (Failed)
Psi|	149 - e1_valg_071 (Failed)
Psi|	150 - e1_valg_072 (Failed)
Psi|	151 - e1_valg_073 (Failed)
Rho|Test project /home/schnorr/ensino/private/maio_e1/Rho-E1/b.e1.maio
Rho|      Start  79: e1_valg_001
Rho| 1/78 Test  #79: e1_valg_001 ......................   Passed    0.56 sec
Rho|      Start  80: e1_valg_002
Rho| 2/78 Test  #80: e1_valg_002 ......................   Passed    0.55 sec
Rho|      Start  81: e1_valg_003
Rho| 3/78 Test  #81: e1_valg_003 ......................   Passed    0.55 sec
Rho|      Start  82: e1_valg_004
Rho| 4/78 Test  #82: e1_valg_004 ......................   Passed    0.55 sec
Rho|      Start  83: e1_valg_005
Rho| 5/78 Test  #83: e1_valg_005 ......................   Passed    0.55 sec
Rho|      Start  84: e1_valg_006
Rho| 6/78 Test  #84: e1_valg_006 ......................   Passed    0.54 sec
Rho|      Start  85: e1_valg_007
Rho| 7/78 Test  #85: e1_valg_007 ......................   Passed    0.55 sec
Rho|      Start  86: e1_valg_008
Rho| 8/78 Test  #86: e1_valg_008 ......................   Passed    0.55 sec
Rho|      Start  87: e1_valg_009
Rho| 9/78 Test  #87: e1_valg_009 ......................   Passed    0.55 sec
Rho|      Start  88: e1_valg_010
Rho|10/78 Test  #88: e1_valg_010 ......................   Passed    0.56 sec
Rho|      Start  89: e1_valg_011
Rho|11/78 Test  #89: e1_valg_011 ......................   Passed    0.56 sec
Rho|      Start  90: e1_valg_012
Rho|12/78 Test  #90: e1_valg_012 ......................   Passed    0.55 sec
Rho|      Start  91: e1_valg_013
Rho|13/78 Test  #91: e1_valg_013 ......................   Passed    0.55 sec
Rho|      Start  92: e1_valg_014
Rho|14/78 Test  #92: e1_valg_014 ......................   Passed    0.56 sec
Rho|      Start  93: e1_valg_015
Rho|15/78 Test  #93: e1_valg_015 ......................   Passed    0.56 sec
Rho|      Start  94: e1_valg_016
Rho|16/78 Test  #94: e1_valg_016 ......................   Passed    0.55 sec
Rho|      Start  95: e1_valg_017
Rho|17/78 Test  #95: e1_valg_017 ......................   Passed    0.55 sec
Rho|      Start  96: e1_valg_018
Rho|18/78 Test  #96: e1_valg_018 ......................   Passed    0.55 sec
Rho|      Start  97: e1_valg_019
Rho|19/78 Test  #97: e1_valg_019 ......................   Passed    0.55 sec
Rho|      Start  98: e1_valg_020
Rho|20/78 Test  #98: e1_valg_020 ......................   Passed    0.56 sec
Rho|      Start  99: e1_valg_021
Rho|21/78 Test  #99: e1_valg_021 ......................   Passed    0.54 sec
Rho|      Start 100: e1_valg_022
Rho|22/78 Test #100: e1_valg_022 ......................   Passed    0.56 sec
Rho|      Start 101: e1_valg_023
Rho|23/78 Test #101: e1_valg_023 ......................   Passed    0.55 sec
Rho|      Start 102: e1_valg_024
Rho|24/78 Test #102: e1_valg_024 ......................   Passed    0.55 sec
Rho|      Start 103: e1_valg_025
Rho|25/78 Test #103: e1_valg_025 ......................   Passed    0.56 sec
Rho|      Start 104: e1_valg_026
Rho|26/78 Test #104: e1_valg_026 ......................   Passed    0.55 sec
Rho|      Start 105: e1_valg_027
Rho|27/78 Test #105: e1_valg_027 ......................   Passed    0.56 sec
Rho|      Start 106: e1_valg_028
Rho|28/78 Test #106: e1_valg_028 ......................   Passed    0.55 sec
Rho|      Start 107: e1_valg_029
Rho|29/78 Test #107: e1_valg_029 ......................   Passed    0.56 sec
Rho|      Start 108: e1_valg_030
Rho|30/78 Test #108: e1_valg_030 ......................   Passed    0.55 sec
Rho|      Start 109: e1_valg_031
Rho|31/78 Test #109: e1_valg_031 ......................   Passed    0.55 sec
Rho|      Start 110: e1_valg_032
Rho|32/78 Test #110: e1_valg_032 ......................   Passed    0.55 sec
Rho|      Start 111: e1_valg_033
Rho|33/78 Test #111: e1_valg_033 ......................   Passed    0.56 sec
Rho|      Start 112: e1_valg_034
Rho|34/78 Test #112: e1_valg_034 ......................   Passed    0.55 sec
Rho|      Start 113: e1_valg_035
Rho|35/78 Test #113: e1_valg_035 ......................   Passed    0.55 sec
Rho|      Start 114: e1_valg_036
Rho|36/78 Test #114: e1_valg_036 ......................   Passed    0.55 sec
Rho|      Start 115: e1_valg_037
Rho|37/78 Test #115: e1_valg_037 ......................   Passed    0.55 sec
Rho|      Start 116: e1_valg_038
Rho|38/78 Test #116: e1_valg_038 ......................   Passed    0.57 sec
Rho|      Start 117: e1_valg_039
Rho|39/78 Test #117: e1_valg_039 ......................   Passed    0.57 sec
Rho|      Start 118: e1_valg_040
Rho|40/78 Test #118: e1_valg_040 ......................   Passed    0.57 sec
Rho|      Start 119: e1_valg_041
Rho|41/78 Test #119: e1_valg_041 ......................   Passed    0.56 sec
Rho|      Start 120: e1_valg_042
Rho|42/78 Test #120: e1_valg_042 ......................   Passed    0.56 sec
Rho|      Start 121: e1_valg_043
Rho|43/78 Test #121: e1_valg_043 ......................   Passed    0.59 sec
Rho|      Start 122: e1_valg_044
Rho|44/78 Test #122: e1_valg_044 ......................   Passed    0.58 sec
Rho|      Start 123: e1_valg_045
Rho|45/78 Test #123: e1_valg_045 ......................   Passed    0.56 sec
Rho|      Start 124: e1_valg_046
Rho|46/78 Test #124: e1_valg_046 ......................   Passed    0.56 sec
Rho|      Start 125: e1_valg_047
Rho|47/78 Test #125: e1_valg_047 ......................   Passed    0.56 sec
Rho|      Start 126: e1_valg_048
Rho|48/78 Test #126: e1_valg_048 ......................   Passed    0.55 sec
Rho|      Start 127: e1_valg_049
Rho|49/78 Test #127: e1_valg_049 ......................   Passed    0.59 sec
Rho|      Start 128: e1_valg_050
Rho|50/78 Test #128: e1_valg_050 ......................   Passed    0.56 sec
Rho|      Start 129: e1_valg_051
Rho|51/78 Test #129: e1_valg_051 ......................   Passed    0.55 sec
Rho|      Start 130: e1_valg_052
Rho|52/78 Test #130: e1_valg_052 ......................   Passed    0.56 sec
Rho|      Start 131: e1_valg_053
Rho|53/78 Test #131: e1_valg_053 ......................   Passed    0.55 sec
Rho|      Start 132: e1_valg_054
Rho|54/78 Test #132: e1_valg_054 ......................   Passed    0.55 sec
Rho|      Start 133: e1_valg_055
Rho|55/78 Test #133: e1_valg_055 ......................   Passed    0.55 sec
Rho|      Start 134: e1_valg_056
Rho|56/78 Test #134: e1_valg_056 ......................   Passed    0.55 sec
Rho|      Start 135: e1_valg_057
Rho|57/78 Test #135: e1_valg_057 ......................   Passed    0.55 sec
Rho|      Start 136: e1_valg_058
Rho|58/78 Test #136: e1_valg_058 ......................   Passed    0.56 sec
Rho|      Start 137: e1_valg_059
Rho|59/78 Test #137: e1_valg_059 ......................   Passed    0.55 sec
Rho|      Start 138: e1_valg_060
Rho|60/78 Test #138: e1_valg_060 ......................   Passed    0.55 sec
Rho|      Start 139: e1_valg_061
Rho|61/78 Test #139: e1_valg_061 ......................   Passed    0.56 sec
Rho|      Start 140: e1_valg_062
Rho|62/78 Test #140: e1_valg_062 ......................   Passed    0.55 sec
Rho|      Start 141: e1_valg_063
Rho|63/78 Test #141: e1_valg_063 ......................   Passed    0.55 sec
Rho|      Start 142: e1_valg_064
Rho|64/78 Test #142: e1_valg_064 ......................   Passed    0.55 sec
Rho|      Start 143: e1_valg_065
Rho|65/78 Test #143: e1_valg_065 ......................   Passed    0.56 sec
Rho|      Start 144: e1_valg_066
Rho|66/78 Test #144: e1_valg_066 ......................   Passed    0.57 sec
Rho|      Start 145: e1_valg_067
Rho|67/78 Test #145: e1_valg_067 ......................   Passed    0.55 sec
Rho|      Start 146: e1_valg_068
Rho|68/78 Test #146: e1_valg_068 ......................   Passed    0.55 sec
Rho|      Start 147: e1_valg_069
Rho|69/78 Test #147: e1_valg_069 ......................   Passed    0.55 sec
Rho|      Start 148: e1_valg_070
Rho|70/78 Test #148: e1_valg_070 ......................   Passed    0.56 sec
Rho|      Start 149: e1_valg_071
Rho|71/78 Test #149: e1_valg_071 ......................   Passed    0.56 sec
Rho|      Start 150: e1_valg_072
Rho|72/78 Test #150: e1_valg_072 ......................   Passed    0.55 sec
Rho|      Start 151: e1_valg_073
Rho|73/78 Test #151: e1_valg_073 ......................   Passed    0.55 sec
Rho|      Start 152: e1_valg_074
Rho|74/78 Test #152: e1_valg_074 ......................   Passed    0.56 sec
Rho|      Start 153: e1_valg_075
Rho|75/78 Test #153: e1_valg_075 ......................   Passed    0.58 sec
Rho|      Start 154: e1_valg_076
Rho|76/78 Test #154: e1_valg_076 ......................   Passed    0.55 sec
Rho|      Start 155: e1_valg_077
Rho|77/78 Test #155: e1_valg_077 ......................   Passed    0.55 sec
Rho|      Start 156: e1_valg_078
Rho|78/78 Test #156: e1_valg_078 ......................   Passed    0.55 sec
Rho|
Rho|100% tests passed, 0 tests failed out of 78
Rho|
Rho|Total Test time (real) =  43.39 sec
Sigma|Test project /home/schnorr/ensino/private/maio_e1/Sigma-E1/b.e1.maio
Sigma|      Start  79: e1_valg_001
Sigma| 1/78 Test  #79: e1_valg_001 ......................   Passed    0.55 sec
Sigma|      Start  80: e1_valg_002
Sigma| 2/78 Test  #80: e1_valg_002 ......................   Passed    0.55 sec
Sigma|      Start  81: e1_valg_003
Sigma| 3/78 Test  #81: e1_valg_003 ......................   Passed    0.55 sec
Sigma|      Start  82: e1_valg_004
Sigma| 4/78 Test  #82: e1_valg_004 ......................   Passed    0.56 sec
Sigma|      Start  83: e1_valg_005
Sigma| 5/78 Test  #83: e1_valg_005 ......................   Passed    0.57 sec
Sigma|      Start  84: e1_valg_006
Sigma| 6/78 Test  #84: e1_valg_006 ......................   Passed    0.56 sec
Sigma|      Start  85: e1_valg_007
Sigma| 7/78 Test  #85: e1_valg_007 ......................   Passed    0.55 sec
Sigma|      Start  86: e1_valg_008
Sigma| 8/78 Test  #86: e1_valg_008 ......................   Passed    0.55 sec
Sigma|      Start  87: e1_valg_009
Sigma| 9/78 Test  #87: e1_valg_009 ......................   Passed    0.55 sec
Sigma|      Start  88: e1_valg_010
Sigma|10/78 Test  #88: e1_valg_010 ......................   Passed    0.55 sec
Sigma|      Start  89: e1_valg_011
Sigma|11/78 Test  #89: e1_valg_011 ......................   Passed    0.57 sec
Sigma|      Start  90: e1_valg_012
Sigma|12/78 Test  #90: e1_valg_012 ......................   Passed    0.55 sec
Sigma|      Start  91: e1_valg_013
Sigma|13/78 Test  #91: e1_valg_013 ......................   Passed    0.54 sec
Sigma|      Start  92: e1_valg_014
Sigma|14/78 Test  #92: e1_valg_014 ......................   Passed    0.55 sec
Sigma|      Start  93: e1_valg_015
Sigma|15/78 Test  #93: e1_valg_015 ......................   Passed    0.56 sec
Sigma|      Start  94: e1_valg_016
Sigma|16/78 Test  #94: e1_valg_016 ......................   Passed    0.55 sec
Sigma|      Start  95: e1_valg_017
Sigma|17/78 Test  #95: e1_valg_017 ......................   Passed    0.55 sec
Sigma|      Start  96: e1_valg_018
Sigma|18/78 Test  #96: e1_valg_018 ......................   Passed    0.55 sec
Sigma|      Start  97: e1_valg_019
Sigma|19/78 Test  #97: e1_valg_019 ......................   Passed    0.54 sec
Sigma|      Start  98: e1_valg_020
Sigma|20/78 Test  #98: e1_valg_020 ......................   Passed    0.55 sec
Sigma|      Start  99: e1_valg_021
Sigma|21/78 Test  #99: e1_valg_021 ......................   Passed    0.55 sec
Sigma|      Start 100: e1_valg_022
Sigma|22/78 Test #100: e1_valg_022 ......................   Passed    0.55 sec
Sigma|      Start 101: e1_valg_023
Sigma|23/78 Test #101: e1_valg_023 ......................   Passed    0.55 sec
Sigma|      Start 102: e1_valg_024
Sigma|24/78 Test #102: e1_valg_024 ......................   Passed    0.56 sec
Sigma|      Start 103: e1_valg_025
Sigma|25/78 Test #103: e1_valg_025 ......................   Passed    0.56 sec
Sigma|      Start 104: e1_valg_026
Sigma|26/78 Test #104: e1_valg_026 ......................   Passed    0.55 sec
Sigma|      Start 105: e1_valg_027
Sigma|27/78 Test #105: e1_valg_027 ......................   Passed    0.55 sec
Sigma|      Start 106: e1_valg_028
Sigma|28/78 Test #106: e1_valg_028 ......................   Passed    0.55 sec
Sigma|      Start 107: e1_valg_029
Sigma|29/78 Test #107: e1_valg_029 ......................   Passed    0.55 sec
Sigma|      Start 108: e1_valg_030
Sigma|30/78 Test #108: e1_valg_030 ......................   Passed    0.55 sec
Sigma|      Start 109: e1_valg_031
Sigma|31/78 Test #109: e1_valg_031 ......................   Passed    0.55 sec
Sigma|      Start 110: e1_valg_032
Sigma|32/78 Test #110: e1_valg_032 ......................   Passed    0.55 sec
Sigma|      Start 111: e1_valg_033
Sigma|33/78 Test #111: e1_valg_033 ......................   Passed    0.55 sec
Sigma|      Start 112: e1_valg_034
Sigma|34/78 Test #112: e1_valg_034 ......................   Passed    0.55 sec
Sigma|      Start 113: e1_valg_035
Sigma|35/78 Test #113: e1_valg_035 ......................   Passed    0.55 sec
Sigma|      Start 114: e1_valg_036
Sigma|36/78 Test #114: e1_valg_036 ......................   Passed    0.55 sec
Sigma|      Start 115: e1_valg_037
Sigma|37/78 Test #115: e1_valg_037 ......................   Passed    0.56 sec
Sigma|      Start 116: e1_valg_038
Sigma|38/78 Test #116: e1_valg_038 ......................   Passed    0.55 sec
Sigma|      Start 117: e1_valg_039
Sigma|39/78 Test #117: e1_valg_039 ......................   Passed    0.56 sec
Sigma|      Start 118: e1_valg_040
Sigma|40/78 Test #118: e1_valg_040 ......................   Passed    0.56 sec
Sigma|      Start 119: e1_valg_041
Sigma|41/78 Test #119: e1_valg_041 ......................   Passed    0.55 sec
Sigma|      Start 120: e1_valg_042
Sigma|42/78 Test #120: e1_valg_042 ......................   Passed    0.56 sec
Sigma|      Start 121: e1_valg_043
Sigma|43/78 Test #121: e1_valg_043 ......................   Passed    0.55 sec
Sigma|      Start 122: e1_valg_044
Sigma|44/78 Test #122: e1_valg_044 ......................   Passed    0.56 sec
Sigma|      Start 123: e1_valg_045
Sigma|45/78 Test #123: e1_valg_045 ......................   Passed    0.55 sec
Sigma|      Start 124: e1_valg_046
Sigma|46/78 Test #124: e1_valg_046 ......................   Passed    0.56 sec
Sigma|      Start 125: e1_valg_047
Sigma|47/78 Test #125: e1_valg_047 ......................   Passed    0.57 sec
Sigma|      Start 126: e1_valg_048
Sigma|48/78 Test #126: e1_valg_048 ......................   Passed    0.55 sec
Sigma|      Start 127: e1_valg_049
Sigma|49/78 Test #127: e1_valg_049 ......................   Passed    0.55 sec
Sigma|      Start 128: e1_valg_050
Sigma|50/78 Test #128: e1_valg_050 ......................   Passed    0.56 sec
Sigma|      Start 129: e1_valg_051
Sigma|51/78 Test #129: e1_valg_051 ......................   Passed    0.55 sec
Sigma|      Start 130: e1_valg_052
Sigma|52/78 Test #130: e1_valg_052 ......................   Passed    0.55 sec
Sigma|      Start 131: e1_valg_053
Sigma|53/78 Test #131: e1_valg_053 ......................   Passed    0.55 sec
Sigma|      Start 132: e1_valg_054
Sigma|54/78 Test #132: e1_valg_054 ......................   Passed    0.56 sec
Sigma|      Start 133: e1_valg_055
Sigma|55/78 Test #133: e1_valg_055 ......................   Passed    0.54 sec
Sigma|      Start 134: e1_valg_056
Sigma|56/78 Test #134: e1_valg_056 ......................***Failed    0.56 sec
Sigma|      Start 135: e1_valg_057
Sigma|57/78 Test #135: e1_valg_057 ......................***Failed    0.56 sec
Sigma|      Start 136: e1_valg_058
Sigma|58/78 Test #136: e1_valg_058 ......................***Failed    0.56 sec
Sigma|      Start 137: e1_valg_059
Sigma|59/78 Test #137: e1_valg_059 ......................***Failed    0.55 sec
Sigma|      Start 138: e1_valg_060
Sigma|60/78 Test #138: e1_valg_060 ......................***Failed    0.55 sec
Sigma|      Start 139: e1_valg_061
Sigma|61/78 Test #139: e1_valg_061 ......................***Failed    0.55 sec
Sigma|      Start 140: e1_valg_062
Sigma|62/78 Test #140: e1_valg_062 ......................***Failed    0.56 sec
Sigma|      Start 141: e1_valg_063
Sigma|63/78 Test #141: e1_valg_063 ......................***Failed    0.55 sec
Sigma|      Start 142: e1_valg_064
Sigma|64/78 Test #142: e1_valg_064 ......................***Failed    0.56 sec
Sigma|      Start 143: e1_valg_065
Sigma|65/78 Test #143: e1_valg_065 ......................***Failed    0.56 sec
Sigma|      Start 144: e1_valg_066
Sigma|66/78 Test #144: e1_valg_066 ......................***Failed    0.55 sec
Sigma|      Start 145: e1_valg_067
Sigma|67/78 Test #145: e1_valg_067 ......................***Failed    0.55 sec
Sigma|      Start 146: e1_valg_068
Sigma|68/78 Test #146: e1_valg_068 ......................***Failed    0.56 sec
Sigma|      Start 147: e1_valg_069
Sigma|69/78 Test #147: e1_valg_069 ......................***Failed    0.56 sec
Sigma|      Start 148: e1_valg_070
Sigma|70/78 Test #148: e1_valg_070 ......................***Failed    0.56 sec
Sigma|      Start 149: e1_valg_071
Sigma|71/78 Test #149: e1_valg_071 ......................***Failed    0.56 sec
Sigma|      Start 150: e1_valg_072
Sigma|72/78 Test #150: e1_valg_072 ......................***Failed    0.55 sec
Sigma|      Start 151: e1_valg_073
Sigma|73/78 Test #151: e1_valg_073 ......................***Failed    0.56 sec
Sigma|      Start 152: e1_valg_074
Sigma|74/78 Test #152: e1_valg_074 ......................***Failed    0.55 sec
Sigma|      Start 153: e1_valg_075
Sigma|75/78 Test #153: e1_valg_075 ......................***Failed    0.55 sec
Sigma|      Start 154: e1_valg_076
Sigma|76/78 Test #154: e1_valg_076 ......................***Failed    0.55 sec
Sigma|      Start 155: e1_valg_077
Sigma|77/78 Test #155: e1_valg_077 ......................   Passed    0.55 sec
Sigma|      Start 156: e1_valg_078
Sigma|78/78 Test #156: e1_valg_078 ......................   Passed    0.56 sec
Sigma|
Sigma|73% tests passed, 21 tests failed out of 78
Sigma|
Sigma|Total Test time (real) =  43.22 sec
Sigma|
Sigma|The following tests FAILED:
Sigma|	134 - e1_valg_056 (Failed)
Sigma|	135 - e1_valg_057 (Failed)
Sigma|	136 - e1_valg_058 (Failed)
Sigma|	137 - e1_valg_059 (Failed)
Sigma|	138 - e1_valg_060 (Failed)
Sigma|	139 - e1_valg_061 (Failed)
Sigma|	140 - e1_valg_062 (Failed)
Sigma|	141 - e1_valg_063 (Failed)
Sigma|	142 - e1_valg_064 (Failed)
Sigma|	143 - e1_valg_065 (Failed)
Sigma|	144 - e1_valg_066 (Failed)
Sigma|	145 - e1_valg_067 (Failed)
Sigma|	146 - e1_valg_068 (Failed)
Sigma|	147 - e1_valg_069 (Failed)
Sigma|	148 - e1_valg_070 (Failed)
Sigma|	149 - e1_valg_071 (Failed)
Sigma|	150 - e1_valg_072 (Failed)
Sigma|	151 - e1_valg_073 (Failed)
Sigma|	152 - e1_valg_074 (Failed)
Sigma|	153 - e1_valg_075 (Failed)
Sigma|	154 - e1_valg_076 (Failed)
Tau|Test project /home/schnorr/ensino/private/maio_e1/Tau-E1/b.e1.maio
Tau|      Start  79: e1_valg_001
Tau| 1/78 Test  #79: e1_valg_001 ......................***Failed    0.55 sec
Tau|      Start  80: e1_valg_002
Tau| 2/78 Test  #80: e1_valg_002 ......................***Failed    0.56 sec
Tau|      Start  81: e1_valg_003
Tau| 3/78 Test  #81: e1_valg_003 ......................***Failed    0.66 sec
Tau|      Start  82: e1_valg_004
Tau| 4/78 Test  #82: e1_valg_004 ......................***Failed    0.57 sec
Tau|      Start  83: e1_valg_005
Tau| 5/78 Test  #83: e1_valg_005 ......................***Failed    0.56 sec
Tau|      Start  84: e1_valg_006
Tau| 6/78 Test  #84: e1_valg_006 ......................***Failed    0.54 sec
Tau|      Start  85: e1_valg_007
Tau| 7/78 Test  #85: e1_valg_007 ......................***Failed    0.55 sec
Tau|      Start  86: e1_valg_008
Tau| 8/78 Test  #86: e1_valg_008 ......................***Failed    0.55 sec
Tau|      Start  87: e1_valg_009
Tau| 9/78 Test  #87: e1_valg_009 ......................***Failed    0.56 sec
Tau|      Start  88: e1_valg_010
Tau|10/78 Test  #88: e1_valg_010 ......................***Failed    0.58 sec
Tau|      Start  89: e1_valg_011
Tau|11/78 Test  #89: e1_valg_011 ......................***Failed    0.55 sec
Tau|      Start  90: e1_valg_012
Tau|12/78 Test  #90: e1_valg_012 ......................***Failed    0.56 sec
Tau|      Start  91: e1_valg_013
Tau|13/78 Test  #91: e1_valg_013 ......................***Failed    0.56 sec
Tau|      Start  92: e1_valg_014
Tau|14/78 Test  #92: e1_valg_014 ......................***Failed    0.55 sec
Tau|      Start  93: e1_valg_015
Tau|15/78 Test  #93: e1_valg_015 ......................***Failed    0.55 sec
Tau|      Start  94: e1_valg_016
Tau|16/78 Test  #94: e1_valg_016 ......................***Failed    0.55 sec
Tau|      Start  95: e1_valg_017
Tau|17/78 Test  #95: e1_valg_017 ......................***Failed    0.55 sec
Tau|      Start  96: e1_valg_018
Tau|18/78 Test  #96: e1_valg_018 ......................***Failed    0.56 sec
Tau|      Start  97: e1_valg_019
Tau|19/78 Test  #97: e1_valg_019 ......................***Failed    0.55 sec
Tau|      Start  98: e1_valg_020
Tau|20/78 Test  #98: e1_valg_020 ......................***Failed    0.54 sec
Tau|      Start  99: e1_valg_021
Tau|21/78 Test  #99: e1_valg_021 ......................***Failed    0.55 sec
Tau|      Start 100: e1_valg_022
Tau|22/78 Test #100: e1_valg_022 ......................***Failed    0.56 sec
Tau|      Start 101: e1_valg_023
Tau|23/78 Test #101: e1_valg_023 ......................***Failed    0.60 sec
Tau|      Start 102: e1_valg_024
Tau|24/78 Test #102: e1_valg_024 ......................***Failed    0.70 sec
Tau|      Start 103: e1_valg_025
Tau|25/78 Test #103: e1_valg_025 ......................***Failed    0.56 sec
Tau|      Start 104: e1_valg_026
Tau|26/78 Test #104: e1_valg_026 ......................***Failed    0.56 sec
Tau|      Start 105: e1_valg_027
Tau|27/78 Test #105: e1_valg_027 ......................***Failed    0.58 sec
Tau|      Start 106: e1_valg_028
Tau|28/78 Test #106: e1_valg_028 ......................***Failed    0.67 sec
Tau|      Start 107: e1_valg_029
Tau|29/78 Test #107: e1_valg_029 ......................***Failed    0.60 sec
Tau|      Start 108: e1_valg_030
Tau|30/78 Test #108: e1_valg_030 ......................***Failed    0.57 sec
Tau|      Start 109: e1_valg_031
Tau|31/78 Test #109: e1_valg_031 ......................***Failed    0.56 sec
Tau|      Start 110: e1_valg_032
Tau|32/78 Test #110: e1_valg_032 ......................***Failed    0.56 sec
Tau|      Start 111: e1_valg_033
Tau|33/78 Test #111: e1_valg_033 ......................***Failed    0.58 sec
Tau|      Start 112: e1_valg_034
Tau|34/78 Test #112: e1_valg_034 ......................***Failed    0.61 sec
Tau|      Start 113: e1_valg_035
Tau|35/78 Test #113: e1_valg_035 ......................***Failed    0.57 sec
Tau|      Start 114: e1_valg_036
Tau|36/78 Test #114: e1_valg_036 ......................***Failed    0.57 sec
Tau|      Start 115: e1_valg_037
Tau|37/78 Test #115: e1_valg_037 ......................***Failed    0.60 sec
Tau|      Start 116: e1_valg_038
Tau|38/78 Test #116: e1_valg_038 ......................***Failed    0.57 sec
Tau|      Start 117: e1_valg_039
Tau|39/78 Test #117: e1_valg_039 ......................***Failed    0.57 sec
Tau|      Start 118: e1_valg_040
Tau|40/78 Test #118: e1_valg_040 ......................***Failed    0.57 sec
Tau|      Start 119: e1_valg_041
Tau|41/78 Test #119: e1_valg_041 ......................***Failed    0.61 sec
Tau|      Start 120: e1_valg_042
Tau|42/78 Test #120: e1_valg_042 ......................***Failed    0.59 sec
Tau|      Start 121: e1_valg_043
Tau|43/78 Test #121: e1_valg_043 ......................***Failed    0.58 sec
Tau|      Start 122: e1_valg_044
Tau|44/78 Test #122: e1_valg_044 ......................***Failed    0.57 sec
Tau|      Start 123: e1_valg_045
Tau|45/78 Test #123: e1_valg_045 ......................***Failed    0.58 sec
Tau|      Start 124: e1_valg_046
Tau|46/78 Test #124: e1_valg_046 ......................***Failed    0.58 sec
Tau|      Start 125: e1_valg_047
Tau|47/78 Test #125: e1_valg_047 ......................***Failed    0.59 sec
Tau|      Start 126: e1_valg_048
Tau|48/78 Test #126: e1_valg_048 ......................***Failed    0.59 sec
Tau|      Start 127: e1_valg_049
Tau|49/78 Test #127: e1_valg_049 ......................***Failed    0.57 sec
Tau|      Start 128: e1_valg_050
Tau|50/78 Test #128: e1_valg_050 ......................***Failed    0.56 sec
Tau|      Start 129: e1_valg_051
Tau|51/78 Test #129: e1_valg_051 ......................***Failed    0.55 sec
Tau|      Start 130: e1_valg_052
Tau|52/78 Test #130: e1_valg_052 ......................***Failed    0.55 sec
Tau|      Start 131: e1_valg_053
Tau|53/78 Test #131: e1_valg_053 ......................***Failed    0.57 sec
Tau|      Start 132: e1_valg_054
Tau|54/78 Test #132: e1_valg_054 ......................***Failed    0.55 sec
Tau|      Start 133: e1_valg_055
Tau|55/78 Test #133: e1_valg_055 ......................***Failed    0.57 sec
Tau|      Start 134: e1_valg_056
Tau|56/78 Test #134: e1_valg_056 ......................***Failed    0.57 sec
Tau|      Start 135: e1_valg_057
Tau|57/78 Test #135: e1_valg_057 ......................***Failed    0.56 sec
Tau|      Start 136: e1_valg_058
Tau|58/78 Test #136: e1_valg_058 ......................***Failed    0.57 sec
Tau|      Start 137: e1_valg_059
Tau|59/78 Test #137: e1_valg_059 ......................***Failed    0.56 sec
Tau|      Start 138: e1_valg_060
Tau|60/78 Test #138: e1_valg_060 ......................***Failed    0.56 sec
Tau|      Start 139: e1_valg_061
Tau|61/78 Test #139: e1_valg_061 ......................***Failed    0.56 sec
Tau|      Start 140: e1_valg_062
Tau|62/78 Test #140: e1_valg_062 ......................***Failed    0.55 sec
Tau|      Start 141: e1_valg_063
Tau|63/78 Test #141: e1_valg_063 ......................***Failed    0.55 sec
Tau|      Start 142: e1_valg_064
Tau|64/78 Test #142: e1_valg_064 ......................***Failed    0.58 sec
Tau|      Start 143: e1_valg_065
Tau|65/78 Test #143: e1_valg_065 ......................***Failed    0.55 sec
Tau|      Start 144: e1_valg_066
Tau|66/78 Test #144: e1_valg_066 ......................***Failed    0.56 sec
Tau|      Start 145: e1_valg_067
Tau|67/78 Test #145: e1_valg_067 ......................***Failed    0.57 sec
Tau|      Start 146: e1_valg_068
Tau|68/78 Test #146: e1_valg_068 ......................***Failed    0.56 sec
Tau|      Start 147: e1_valg_069
Tau|69/78 Test #147: e1_valg_069 ......................***Failed    0.59 sec
Tau|      Start 148: e1_valg_070
Tau|70/78 Test #148: e1_valg_070 ......................***Failed    0.57 sec
Tau|      Start 149: e1_valg_071
Tau|71/78 Test #149: e1_valg_071 ......................***Failed    0.56 sec
Tau|      Start 150: e1_valg_072
Tau|72/78 Test #150: e1_valg_072 ......................***Failed    0.56 sec
Tau|      Start 151: e1_valg_073
Tau|73/78 Test #151: e1_valg_073 ......................***Failed    0.55 sec
Tau|      Start 152: e1_valg_074
Tau|74/78 Test #152: e1_valg_074 ......................***Failed    0.55 sec
Tau|      Start 153: e1_valg_075
Tau|75/78 Test #153: e1_valg_075 ......................***Failed    0.55 sec
Tau|      Start 154: e1_valg_076
Tau|76/78 Test #154: e1_valg_076 ......................***Failed    0.56 sec
Tau|      Start 155: e1_valg_077
Tau|77/78 Test #155: e1_valg_077 ......................***Failed    0.56 sec
Tau|      Start 156: e1_valg_078
Tau|78/78 Test #156: e1_valg_078 ......................***Failed    0.56 sec
Tau|
Tau|0% tests passed, 78 tests failed out of 78
Tau|
Tau|Total Test time (real) =  44.48 sec
Tau|
Tau|The following tests FAILED:
Tau|	 79 - e1_valg_001 (Failed)
Tau|	 80 - e1_valg_002 (Failed)
Tau|	 81 - e1_valg_003 (Failed)
Tau|	 82 - e1_valg_004 (Failed)
Tau|	 83 - e1_valg_005 (Failed)
Tau|	 84 - e1_valg_006 (Failed)
Tau|	 85 - e1_valg_007 (Failed)
Tau|	 86 - e1_valg_008 (Failed)
Tau|	 87 - e1_valg_009 (Failed)
Tau|	 88 - e1_valg_010 (Failed)
Tau|	 89 - e1_valg_011 (Failed)
Tau|	 90 - e1_valg_012 (Failed)
Tau|	 91 - e1_valg_013 (Failed)
Tau|	 92 - e1_valg_014 (Failed)
Tau|	 93 - e1_valg_015 (Failed)
Tau|	 94 - e1_valg_016 (Failed)
Tau|	 95 - e1_valg_017 (Failed)
Tau|	 96 - e1_valg_018 (Failed)
Tau|	 97 - e1_valg_019 (Failed)
Tau|	 98 - e1_valg_020 (Failed)
Tau|	 99 - e1_valg_021 (Failed)
Tau|	100 - e1_valg_022 (Failed)
Tau|	101 - e1_valg_023 (Failed)
Tau|	102 - e1_valg_024 (Failed)
Tau|	103 - e1_valg_025 (Failed)
Tau|	104 - e1_valg_026 (Failed)
Tau|	105 - e1_valg_027 (Failed)
Tau|	106 - e1_valg_028 (Failed)
Tau|	107 - e1_valg_029 (Failed)
Tau|	108 - e1_valg_030 (Failed)
Tau|	109 - e1_valg_031 (Failed)
Tau|	110 - e1_valg_032 (Failed)
Tau|	111 - e1_valg_033 (Failed)
Tau|	112 - e1_valg_034 (Failed)
Tau|	113 - e1_valg_035 (Failed)
Tau|	114 - e1_valg_036 (Failed)
Tau|	115 - e1_valg_037 (Failed)
Tau|	116 - e1_valg_038 (Failed)
Tau|	117 - e1_valg_039 (Failed)
Tau|	118 - e1_valg_040 (Failed)
Tau|	119 - e1_valg_041 (Failed)
Tau|	120 - e1_valg_042 (Failed)
Tau|	121 - e1_valg_043 (Failed)
Tau|	122 - e1_valg_044 (Failed)
Tau|	123 - e1_valg_045 (Failed)
Tau|	124 - e1_valg_046 (Failed)
Tau|	125 - e1_valg_047 (Failed)
Tau|	126 - e1_valg_048 (Failed)
Tau|	127 - e1_valg_049 (Failed)
Tau|	128 - e1_valg_050 (Failed)
Tau|	129 - e1_valg_051 (Failed)
Tau|	130 - e1_valg_052 (Failed)
Tau|	131 - e1_valg_053 (Failed)
Tau|	132 - e1_valg_054 (Failed)
Tau|	133 - e1_valg_055 (Failed)
Tau|	134 - e1_valg_056 (Failed)
Tau|	135 - e1_valg_057 (Failed)
Tau|	136 - e1_valg_058 (Failed)
Tau|	137 - e1_valg_059 (Failed)
Tau|	138 - e1_valg_060 (Failed)
Tau|	139 - e1_valg_061 (Failed)
Tau|	140 - e1_valg_062 (Failed)
Tau|	141 - e1_valg_063 (Failed)
Tau|	142 - e1_valg_064 (Failed)
Tau|	143 - e1_valg_065 (Failed)
Tau|	144 - e1_valg_066 (Failed)
Tau|	145 - e1_valg_067 (Failed)
Tau|	146 - e1_valg_068 (Failed)
Tau|	147 - e1_valg_069 (Failed)
Tau|	148 - e1_valg_070 (Failed)
Tau|	149 - e1_valg_071 (Failed)
Tau|	150 - e1_valg_072 (Failed)
Tau|	151 - e1_valg_073 (Failed)
Tau|	152 - e1_valg_074 (Failed)
Tau|	153 - e1_valg_075 (Failed)
Tau|	154 - e1_valg_076 (Failed)
Tau|	155 - e1_valg_077 (Failed)
Tau|	156 - e1_valg_078 (Failed)
Zeta|Test project /home/schnorr/ensino/private/maio_e1/Zeta-E1/b.e1.maio
Zeta|      Start  79: e1_valg_001
Zeta| 1/78 Test  #79: e1_valg_001 ......................   Passed    0.56 sec
Zeta|      Start  80: e1_valg_002
Zeta| 2/78 Test  #80: e1_valg_002 ......................   Passed    0.55 sec
Zeta|      Start  81: e1_valg_003
Zeta| 3/78 Test  #81: e1_valg_003 ......................   Passed    0.55 sec
Zeta|      Start  82: e1_valg_004
Zeta| 4/78 Test  #82: e1_valg_004 ......................   Passed    0.54 sec
Zeta|      Start  83: e1_valg_005
Zeta| 5/78 Test  #83: e1_valg_005 ......................   Passed    0.55 sec
Zeta|      Start  84: e1_valg_006
Zeta| 6/78 Test  #84: e1_valg_006 ......................   Passed    0.55 sec
Zeta|      Start  85: e1_valg_007
Zeta| 7/78 Test  #85: e1_valg_007 ......................   Passed    0.55 sec
Zeta|      Start  86: e1_valg_008
Zeta| 8/78 Test  #86: e1_valg_008 ......................   Passed    0.55 sec
Zeta|      Start  87: e1_valg_009
Zeta| 9/78 Test  #87: e1_valg_009 ......................   Passed    0.56 sec
Zeta|      Start  88: e1_valg_010
Zeta|10/78 Test  #88: e1_valg_010 ......................   Passed    0.55 sec
Zeta|      Start  89: e1_valg_011
Zeta|11/78 Test  #89: e1_valg_011 ......................   Passed    0.55 sec
Zeta|      Start  90: e1_valg_012
Zeta|12/78 Test  #90: e1_valg_012 ......................   Passed    0.55 sec
Zeta|      Start  91: e1_valg_013
Zeta|13/78 Test  #91: e1_valg_013 ......................   Passed    0.55 sec
Zeta|      Start  92: e1_valg_014
Zeta|14/78 Test  #92: e1_valg_014 ......................   Passed    0.55 sec
Zeta|      Start  93: e1_valg_015
Zeta|15/78 Test  #93: e1_valg_015 ......................   Passed    0.55 sec
Zeta|      Start  94: e1_valg_016
Zeta|16/78 Test  #94: e1_valg_016 ......................   Passed    0.56 sec
Zeta|      Start  95: e1_valg_017
Zeta|17/78 Test  #95: e1_valg_017 ......................   Passed    0.55 sec
Zeta|      Start  96: e1_valg_018
Zeta|18/78 Test  #96: e1_valg_018 ......................   Passed    0.55 sec
Zeta|      Start  97: e1_valg_019
Zeta|19/78 Test  #97: e1_valg_019 ......................   Passed    0.55 sec
Zeta|      Start  98: e1_valg_020
Zeta|20/78 Test  #98: e1_valg_020 ......................   Passed    0.56 sec
Zeta|      Start  99: e1_valg_021
Zeta|21/78 Test  #99: e1_valg_021 ......................   Passed    0.56 sec
Zeta|      Start 100: e1_valg_022
Zeta|22/78 Test #100: e1_valg_022 ......................   Passed    0.54 sec
Zeta|      Start 101: e1_valg_023
Zeta|23/78 Test #101: e1_valg_023 ......................   Passed    0.55 sec
Zeta|      Start 102: e1_valg_024
Zeta|24/78 Test #102: e1_valg_024 ......................   Passed    0.55 sec
Zeta|      Start 103: e1_valg_025
Zeta|25/78 Test #103: e1_valg_025 ......................   Passed    0.56 sec
Zeta|      Start 104: e1_valg_026
Zeta|26/78 Test #104: e1_valg_026 ......................   Passed    0.55 sec
Zeta|      Start 105: e1_valg_027
Zeta|27/78 Test #105: e1_valg_027 ......................   Passed    0.56 sec
Zeta|      Start 106: e1_valg_028
Zeta|28/78 Test #106: e1_valg_028 ......................   Passed    0.55 sec
Zeta|      Start 107: e1_valg_029
Zeta|29/78 Test #107: e1_valg_029 ......................   Passed    0.55 sec
Zeta|      Start 108: e1_valg_030
Zeta|30/78 Test #108: e1_valg_030 ......................   Passed    0.55 sec
Zeta|      Start 109: e1_valg_031
Zeta|31/78 Test #109: e1_valg_031 ......................   Passed    0.55 sec
Zeta|      Start 110: e1_valg_032
Zeta|32/78 Test #110: e1_valg_032 ......................   Passed    0.55 sec
Zeta|      Start 111: e1_valg_033
Zeta|33/78 Test #111: e1_valg_033 ......................   Passed    0.56 sec
Zeta|      Start 112: e1_valg_034
Zeta|34/78 Test #112: e1_valg_034 ......................   Passed    0.55 sec
Zeta|      Start 113: e1_valg_035
Zeta|35/78 Test #113: e1_valg_035 ......................   Passed    0.55 sec
Zeta|      Start 114: e1_valg_036
Zeta|36/78 Test #114: e1_valg_036 ......................   Passed    0.54 sec
Zeta|      Start 115: e1_valg_037
Zeta|37/78 Test #115: e1_valg_037 ......................   Passed    0.55 sec
Zeta|      Start 116: e1_valg_038
Zeta|38/78 Test #116: e1_valg_038 ......................   Passed    0.54 sec
Zeta|      Start 117: e1_valg_039
Zeta|39/78 Test #117: e1_valg_039 ......................   Passed    0.55 sec
Zeta|      Start 118: e1_valg_040
Zeta|40/78 Test #118: e1_valg_040 ......................   Passed    0.56 sec
Zeta|      Start 119: e1_valg_041
Zeta|41/78 Test #119: e1_valg_041 ......................   Passed    0.55 sec
Zeta|      Start 120: e1_valg_042
Zeta|42/78 Test #120: e1_valg_042 ......................   Passed    0.55 sec
Zeta|      Start 121: e1_valg_043
Zeta|43/78 Test #121: e1_valg_043 ......................   Passed    0.55 sec
Zeta|      Start 122: e1_valg_044
Zeta|44/78 Test #122: e1_valg_044 ......................   Passed    0.54 sec
Zeta|      Start 123: e1_valg_045
Zeta|45/78 Test #123: e1_valg_045 ......................   Passed    0.55 sec
Zeta|      Start 124: e1_valg_046
Zeta|46/78 Test #124: e1_valg_046 ......................   Passed    0.55 sec
Zeta|      Start 125: e1_valg_047
Zeta|47/78 Test #125: e1_valg_047 ......................   Passed    0.55 sec
Zeta|      Start 126: e1_valg_048
Zeta|48/78 Test #126: e1_valg_048 ......................   Passed    0.55 sec
Zeta|      Start 127: e1_valg_049
Zeta|49/78 Test #127: e1_valg_049 ......................   Passed    0.55 sec
Zeta|      Start 128: e1_valg_050
Zeta|50/78 Test #128: e1_valg_050 ......................   Passed    0.55 sec
Zeta|      Start 129: e1_valg_051
Zeta|51/78 Test #129: e1_valg_051 ......................   Passed    0.55 sec
Zeta|      Start 130: e1_valg_052
Zeta|52/78 Test #130: e1_valg_052 ......................   Passed    0.62 sec
Zeta|      Start 131: e1_valg_053
Zeta|53/78 Test #131: e1_valg_053 ......................   Passed    0.55 sec
Zeta|      Start 132: e1_valg_054
Zeta|54/78 Test #132: e1_valg_054 ......................   Passed    0.55 sec
Zeta|      Start 133: e1_valg_055
Zeta|55/78 Test #133: e1_valg_055 ......................   Passed    0.56 sec
Zeta|      Start 134: e1_valg_056
Zeta|56/78 Test #134: e1_valg_056 ......................   Passed    0.55 sec
Zeta|      Start 135: e1_valg_057
Zeta|57/78 Test #135: e1_valg_057 ......................   Passed    0.55 sec
Zeta|      Start 136: e1_valg_058
Zeta|58/78 Test #136: e1_valg_058 ......................   Passed    0.56 sec
Zeta|      Start 137: e1_valg_059
Zeta|59/78 Test #137: e1_valg_059 ......................   Passed    0.55 sec
Zeta|      Start 138: e1_valg_060
Zeta|60/78 Test #138: e1_valg_060 ......................   Passed    0.55 sec
Zeta|      Start 139: e1_valg_061
Zeta|61/78 Test #139: e1_valg_061 ......................   Passed    0.55 sec
Zeta|      Start 140: e1_valg_062
Zeta|62/78 Test #140: e1_valg_062 ......................   Passed    0.56 sec
Zeta|      Start 141: e1_valg_063
Zeta|63/78 Test #141: e1_valg_063 ......................   Passed    0.56 sec
Zeta|      Start 142: e1_valg_064
Zeta|64/78 Test #142: e1_valg_064 ......................   Passed    0.54 sec
Zeta|      Start 143: e1_valg_065
Zeta|65/78 Test #143: e1_valg_065 ......................   Passed    0.56 sec
Zeta|      Start 144: e1_valg_066
Zeta|66/78 Test #144: e1_valg_066 ......................   Passed    0.55 sec
Zeta|      Start 145: e1_valg_067
Zeta|67/78 Test #145: e1_valg_067 ......................   Passed    0.55 sec
Zeta|      Start 146: e1_valg_068
Zeta|68/78 Test #146: e1_valg_068 ......................   Passed    0.55 sec
Zeta|      Start 147: e1_valg_069
Zeta|69/78 Test #147: e1_valg_069 ......................***Failed    0.55 sec
Zeta|      Start 148: e1_valg_070
Zeta|70/78 Test #148: e1_valg_070 ......................***Failed    0.62 sec
Zeta|      Start 149: e1_valg_071
Zeta|71/78 Test #149: e1_valg_071 ......................***Failed    0.57 sec
Zeta|      Start 150: e1_valg_072
Zeta|72/78 Test #150: e1_valg_072 ......................***Failed    0.58 sec
Zeta|      Start 151: e1_valg_073
Zeta|73/78 Test #151: e1_valg_073 ......................***Failed    0.57 sec
Zeta|      Start 152: e1_valg_074
Zeta|74/78 Test #152: e1_valg_074 ......................   Passed    0.58 sec
Zeta|      Start 153: e1_valg_075
Zeta|75/78 Test #153: e1_valg_075 ......................   Passed    0.60 sec
Zeta|      Start 154: e1_valg_076
Zeta|76/78 Test #154: e1_valg_076 ......................   Passed    0.59 sec
Zeta|      Start 155: e1_valg_077
Zeta|77/78 Test #155: e1_valg_077 ......................   Passed    0.56 sec
Zeta|      Start 156: e1_valg_078
Zeta|78/78 Test #156: e1_valg_078 ......................   Passed    0.58 sec
Zeta|
Zeta|94% tests passed, 5 tests failed out of 78
Zeta|
Zeta|Total Test time (real) =  43.40 sec
Zeta|
Zeta|The following tests FAILED:
Zeta|	147 - e1_valg_069 (Failed)
Zeta|	148 - e1_valg_070 (Failed)
Zeta|	149 - e1_valg_071 (Failed)
Zeta|	150 - e1_valg_072 (Failed)
Zeta|	151 - e1_valg_073 (Failed)
